3632  01:03:24 select(7, [3 4], [], NULL, NULL) = 1 (in [4])
3632  01:03:26 clock_gettime(0x7 /* CLOCK_??? */, {26080, 718073699}) = 0
3632  01:03:26 read(4, "l", 16384)      = 1
3632  01:03:26 clock_gettime(0x7 /* CLOCK_??? */, {26080, 718323856}) = 0
3632  01:03:26 clock_gettime(0x7 /* CLOCK_??? */, {26080, 718407473}) = 0
3632  01:03:26 select(7, [3 4], [3], NULL, NULL) = 1 (out [3])
3632  01:03:26 clock_gettime(0x7 /* CLOCK_??? */, {26080, 718601775}) = 0
3632  01:03:26 write(3, "\272\227\272\35\335!9a]\341\250A\332S\276\10e\264<\270\21O[\24=\361\216&1\316E\255"..., 36) = 36
3632  01:03:26 clock_gettime(0x7 /* CLOCK_??? */, {26080, 719146207}) = 0
3632  01:03:26 clock_gettime(0x7 /* CLOCK_??? */, {26080, 719231954}) = 0
3632  01:03:26 select(7, [3 4], [], NULL, NULL) = 1 (in [3])
3632  01:03:26 clock_gettime(0x7 /* CLOCK_??? */, {26080, 721731173}) = 0
3632  01:03:26 read(3, "\276=)o\32=\257\220\217v\252\211&d\26\3\370\235|\356if\357M\337\233)PhJ\21\231"..., 8192) = 36
3632  01:03:26 clock_gettime(0x7 /* CLOCK_??? */, {26080, 721987919}) = 0
3632  01:03:26 clock_gettime(0x7 /* CLOCK_??? */, {26080, 722071482}) = 0
3632  01:03:26 select(7, [3 4], [5], NULL, NULL) = 1 (out [5])
3632  01:03:26 clock_gettime(0x7 /* CLOCK_??? */, {26080, 722269727}) = 0
3632  01:03:26 write(5, "l", 1)         = 1
3632  01:03:26 clock_gettime(0x7 /* CLOCK_??? */, {26080, 723270389}) = 0
3632  01:03:26 clock_gettime(0x7 /* CLOCK_??? */, {26080, 723360837}) = 0
3632  01:03:26 select(7, [3 4], [], NULL, NULL) = 1 (in [4])
3632  01:03:26 clock_gettime(0x7 /* CLOCK_??? */, {26080, 816498520}) = 0
3632  01:03:26 read(4, "s", 16384)      = 1
3632  01:03:26 clock_gettime(0x7 /* CLOCK_??? */, {26080, 816578698}) = 0
3632  01:03:26 clock_gettime(0x7 /* CLOCK_??? */, {26080, 816605316}) = 0
3632  01:03:26 select(7, [3 4], [3], NULL, NULL) = 1 (out [3])
3632  01:03:26 clock_gettime(0x7 /* CLOCK_??? */, {26080, 816667379}) = 0
3632  01:03:26 write(3, "\366DN(\247\23\372\361+/3\363z__1\fX\177/\320\215\3\375\305n\36\365\360\225\216\254"..., 36) = 36
3632  01:03:26 clock_gettime(0x7 /* CLOCK_??? */, {26080, 816833074}) = 0
3632  01:03:26 clock_gettime(0x7 /* CLOCK_??? */, {26080, 816860643}) = 0
3632  01:03:26 select(7, [3 4], [], NULL, NULL) = 1 (in [3])
3632  01:03:26 clock_gettime(0x7 /* CLOCK_??? */, {26080, 817238726}) = 0
3632  01:03:26 read(3, ":z<3\276\372W\333\27\321mF\260\32\273\254\354\245\362\246L]\225gC\341c\356\254Y^\253"..., 8192) = 36
3632  01:03:26 clock_gettime(0x7 /* CLOCK_??? */, {26080, 817306688}) = 0
3632  01:03:26 clock_gettime(0x7 /* CLOCK_??? */, {26080, 817332537}) = 0
3632  01:03:26 select(7, [3 4], [5], NULL, NULL) = 1 (out [5])
3632  01:03:26 clock_gettime(0x7 /* CLOCK_??? */, {26080, 817393677}) = 0
3632  01:03:26 write(5, "s", 1)         = 1
3632  01:03:26 clock_gettime(0x7 /* CLOCK_??? */, {26080, 817615905}) = 0
3632  01:03:26 clock_gettime(0x7 /* CLOCK_??? */, {26080, 817643771}) = 0
3632  01:03:26 select(7, [3 4], [], NULL, NULL) = 1 (in [4])
3632  01:03:26 clock_gettime(0x7 /* CLOCK_??? */, {26081, 67125520}) = 0
3632  01:03:26 read(4, "\r", 16384)     = 1
3632  01:03:26 clock_gettime(0x7 /* CLOCK_??? */, {26081, 67351557}) = 0
3632  01:03:26 clock_gettime(0x7 /* CLOCK_??? */, {26081, 67433105}) = 0
3632  01:03:26 select(7, [3 4], [3], NULL, NULL) = 1 (out [3])
3632  01:03:26 clock_gettime(0x7 /* CLOCK_??? */, {26081, 67627943}) = 0
3632  01:03:26 write(3, "_\336\2e\204\344\276\311\314\273)\273\35S|\372,\346;y$7\200\300\305q\220\3}\356c)"..., 36) = 36
3632  01:03:26 clock_gettime(0x7 /* CLOCK_??? */, {26081, 68156159}) = 0
3632  01:03:26 clock_gettime(0x7 /* CLOCK_??? */, {26081, 68241460}) = 0
3632  01:03:26 select(7, [3 4], [], NULL, NULL) = 1 (in [3])
3632  01:03:26 clock_gettime(0x7 /* CLOCK_??? */, {26081, 72585768}) = 0
3632  01:03:26 read(3, "w\2662\335\221h\230\332\330\376\245\263\323\204\272\371\362H\335^d\7\27\265\217Bo\320)\273\340B"..., 8192) = 36
3632  01:03:26 clock_gettime(0x7 /* CLOCK_??? */, {26081, 73099752}) = 0
3632  01:03:26 clock_gettime(0x7 /* CLOCK_??? */, {26081, 73268370}) = 0
3632  01:03:26 select(7, [3 4], [5], NULL, NULL) = 1 (out [5])
3632  01:03:26 clock_gettime(0x7 /* CLOCK_??? */, {26081, 74143209}) = 0
3632  01:03:26 write(5, "\r\n", 2)      = 2
3632  01:03:26 clock_gettime(0x7 /* CLOCK_??? */, {26081, 75951359}) = 0
3632  01:03:26 clock_gettime(0x7 /* CLOCK_??? */, {26081, 76115382}) = 0
3632  01:03:26 select(7, [3 4], [], NULL, NULL) = 1 (in [3])
3632  01:03:26 clock_gettime(0x7 /* CLOCK_??? */, {26081, 81774898}) = 0
3632  01:03:26 read(3, "\4/\r\24*qv\231W\260\4]\2\177l\220\305\351\301\252h\36F\20\365_/]'\207\332\352"..., 8192) = 340
3632  01:03:26 clock_gettime(0x7 /* CLOCK_??? */, {26081, 82358804}) = 0
3632  01:03:26 clock_gettime(0x7 /* CLOCK_??? */, {26081, 82516318}) = 0
3632  01:03:26 select(7, [3 4], [5], NULL, NULL) = 1 (out [5])
3632  01:03:26 clock_gettime(0x7 /* CLOCK_??? */, {26081, 83088537}) = 0
3632  01:03:26 write(5, "anaconda-ks.cfg  \33[0m\33[01;34mope"..., 304) = 304
3632  01:03:26 clock_gettime(0x7 /* CLOCK_??? */, {26081, 84384777}) = 0
3632  01:03:26 clock_gettime(0x7 /* CLOCK_??? */, {26081, 84477866}) = 0
3632  01:03:26 select(7, [3 4], [], NULL, NULL) = 1 (in [4])
3632  01:03:31 clock_gettime(0x7 /* CLOCK_??? */, {26085, 630689665}) = 0
3632  01:03:31 read(4, "t", 16384)      = 1
3632  01:03:31 clock_gettime(0x7 /* CLOCK_??? */, {26085, 630871820}) = 0
3632  01:03:31 clock_gettime(0x7 /* CLOCK_??? */, {26085, 630920721}) = 0
3632  01:03:31 select(7, [3 4], [3], NULL, NULL) = 1 (out [3])
3632  01:03:31 clock_gettime(0x7 /* CLOCK_??? */, {26085, 631045713}) = 0
3632  01:03:31 write(3, "\261a\243v\3249\337\272\4\307\260(\361\360\201?Z\340)\31d\371\374\v\370\245GN\16\302\324\212"..., 36) = 36
3632  01:03:31 clock_gettime(0x7 /* CLOCK_??? */, {26085, 631322326}) = 0
3632  01:03:31 clock_gettime(0x7 /* CLOCK_??? */, {26085, 631371496}) = 0
3632  01:03:31 select(7, [3 4], [], NULL, NULL) = 1 (in [3])
3632  01:03:31 clock_gettime(0x7 /* CLOCK_??? */, {26085, 632662787}) = 0
3632  01:03:31 read(3, "\nm\240\360\311\327\264v\16U\17\341\373y:@\221\317\23\206\227\262\23\217`\236~\255\204\347\370A"..., 8192) = 36
3632  01:03:31 clock_gettime(0x7 /* CLOCK_??? */, {26085, 632855606}) = 0
3632  01:03:31 clock_gettime(0x7 /* CLOCK_??? */, {26085, 632907646}) = 0
3632  01:03:31 select(7, [3 4], [5], NULL, NULL) = 1 (out [5])
3632  01:03:31 clock_gettime(0x7 /* CLOCK_??? */, {26085, 632972328}) = 0
3632  01:03:31 write(5, "t", 1)         = 1
3632  01:03:31 clock_gettime(0x7 /* CLOCK_??? */, {26085, 633034545}) = 0
3632  01:03:31 clock_gettime(0x7 /* CLOCK_??? */, {26085, 633060444}) = 0
3632  01:03:31 select(7, [3 4], [], NULL, NULL) = 1 (in [4])
3632  01:03:31 clock_gettime(0x7 /* CLOCK_??? */, {26085, 782028141}) = 0
3632  01:03:31 read(4, "o", 16384)      = 1
3632  01:03:31 clock_gettime(0x7 /* CLOCK_??? */, {26085, 782300011}) = 0
3632  01:03:31 clock_gettime(0x7 /* CLOCK_??? */, {26085, 782383944}) = 0
3632  01:03:31 select(7, [3 4], [3], NULL, NULL) = 1 (out [3])
3632  01:03:31 clock_gettime(0x7 /* CLOCK_??? */, {26085, 782583066}) = 0
3632  01:03:31 write(3, "`\246#\202\f\357\310%\20\300\n\21\4@v\301/\367:\242_<\310\373\261riH\37\332%\262"..., 36) = 36
3632  01:03:31 clock_gettime(0x7 /* CLOCK_??? */, {26085, 783131653}) = 0
3632  01:03:31 clock_gettime(0x7 /* CLOCK_??? */, {26085, 783219610}) = 0
3632  01:03:31 select(7, [3 4], [], NULL, NULL) = 1 (in [3])
3632  01:03:31 clock_gettime(0x7 /* CLOCK_??? */, {26085, 784333937}) = 0
3632  01:03:31 read(3, "S\200V\31F\377w\252\253\34^-\323\276\200\36\16\5\275\232\352\361\n\3657L\235:\327*NA"..., 8192) = 36
3632  01:03:31 clock_gettime(0x7 /* CLOCK_??? */, {26085, 784554006}) = 0
3632  01:03:31 clock_gettime(0x7 /* CLOCK_??? */, {26085, 784636401}) = 0
3632  01:03:31 select(7, [3 4], [5], NULL, NULL) = 1 (out [5])
3632  01:03:31 clock_gettime(0x7 /* CLOCK_??? */, {26085, 784897502}) = 0
3632  01:03:31 write(5, "o", 1)         = 1
3632  01:03:31 clock_gettime(0x7 /* CLOCK_??? */, {26085, 785116850}) = 0
3632  01:03:31 clock_gettime(0x7 /* CLOCK_??? */, {26085, 785199320}) = 0
3632  01:03:31 select(7, [3 4], [], NULL, NULL) = 1 (in [4])
3632  01:03:31 clock_gettime(0x7 /* CLOCK_??? */, {26085, 865862879}) = 0
3632  01:03:31 read(4, "p", 16384)      = 1
3632  01:03:31 clock_gettime(0x7 /* CLOCK_??? */, {26085, 866105634}) = 0
3632  01:03:31 clock_gettime(0x7 /* CLOCK_??? */, {26085, 866190208}) = 0
3632  01:03:31 select(7, [3 4], [3], NULL, NULL) = 1 (out [3])
3632  01:03:31 clock_gettime(0x7 /* CLOCK_??? */, {26085, 866386123}) = 0
3632  01:03:31 write(3, "t\274\260\344X\24I\305\3415C\235\306\232o\31d\330\33\223\335\3157>\362\305\353g\327\351\315\247"..., 36) = 36
3632  01:03:31 clock_gettime(0x7 /* CLOCK_??? */, {26085, 866896855}) = 0
3632  01:03:31 clock_gettime(0x7 /* CLOCK_??? */, {26085, 866985769}) = 0
3632  01:03:31 select(7, [3 4], [], NULL, NULL) = 1 (in [3])
3632  01:03:31 clock_gettime(0x7 /* CLOCK_??? */, {26085, 868630231}) = 0
3632  01:03:31 read(3, "\35[\311Vl6\2368\361\1\201\373\250\213gC.\370\206\210Gb\304\27C\233\264\242Y8\361\203"..., 8192) = 36
3632  01:03:31 clock_gettime(0x7 /* CLOCK_??? */, {26085, 868918724}) = 0
3632  01:03:31 clock_gettime(0x7 /* CLOCK_??? */, {26085, 869005313}) = 0
3632  01:03:31 select(7, [3 4], [5], NULL, NULL) = 1 (out [5])
3632  01:03:31 clock_gettime(0x7 /* CLOCK_??? */, {26085, 869199099}) = 0
3632  01:03:31 write(5, "p", 1)         = 1
3632  01:03:31 clock_gettime(0x7 /* CLOCK_??? */, {26085, 869928240}) = 0
3632  01:03:31 clock_gettime(0x7 /* CLOCK_??? */, {26085, 870021339}) = 0
3632  01:03:31 select(7, [3 4], [], NULL, NULL) = 1 (in [4])
3632  01:03:32 clock_gettime(0x7 /* CLOCK_??? */, {26086, 194274919}) = 0
3632  01:03:32 read(4, "\r", 16384)     = 1
3632  01:03:32 clock_gettime(0x7 /* CLOCK_??? */, {26086, 194445472}) = 0
3632  01:03:32 clock_gettime(0x7 /* CLOCK_??? */, {26086, 194507020}) = 0
3632  01:03:32 select(7, [3 4], [3], NULL, NULL) = 1 (out [3])
3632  01:03:32 clock_gettime(0x7 /* CLOCK_??? */, {26086, 194645535}) = 0
3632  01:03:32 write(3, "8~\364k\205\316\0070\210 e\265\231,\224\253\207\323e\6v\2q\250\314\204\327\3337\213,\276"..., 36) = 36
3632  01:03:32 clock_gettime(0x7 /* CLOCK_??? */, {26086, 194985775}) = 0
3632  01:03:32 clock_gettime(0x7 /* CLOCK_??? */, {26086, 195050377}) = 0
3632  01:03:32 select(7, [3 4], [], NULL, NULL) = 1 (in [3])
3632  01:03:32 clock_gettime(0x7 /* CLOCK_??? */, {26086, 198516932}) = 0
3632  01:03:32 read(3, "\374X8\361\255\253\372\226#\345[\324x\5\362F\376\306\342\223;aB\v\352\270\253\321\237\23 f"..., 8192) = 36
3632  01:03:32 clock_gettime(0x7 /* CLOCK_??? */, {26086, 198729746}) = 0
3632  01:03:32 clock_gettime(0x7 /* CLOCK_??? */, {26086, 198897336}) = 0
3632  01:03:32 select(7, [3 4], [5], NULL, NULL) = 1 (out [5])
3632  01:03:32 clock_gettime(0x7 /* CLOCK_??? */, {26086, 199064224}) = 0
3632  01:03:32 write(5, "\r\n", 2)      = 2
3632  01:03:32 clock_gettime(0x7 /* CLOCK_??? */, {26086, 199688906}) = 0
3632  01:03:32 clock_gettime(0x7 /* CLOCK_??? */, {26086, 199763306}) = 0
3632  01:03:32 select(7, [3 4], [], NULL, NULL) = 1 (in [3])
3632  01:03:32 clock_gettime(0x7 /* CLOCK_??? */, {26086, 876603012}) = 0
3632  01:03:32 read(3, "\3734\2448\243I\336\1\3443%\313\310\222\v\203\203\244\302\325\0363\253\337\231\207\n\307!\242\356\210"..., 8192) = 52
3632  01:03:32 clock_gettime(0x7 /* CLOCK_??? */, {26086, 876687245}) = 0
3632  01:03:32 clock_gettime(0x7 /* CLOCK_??? */, {26086, 876714426}) = 0
3632  01:03:32 select(7, [3 4], [5], NULL, NULL) = 1 (out [5])
3632  01:03:32 clock_gettime(0x7 /* CLOCK_??? */, {26086, 876809150}) = 0
3632  01:03:32 write(5, "\33[?1h\33=\33[?25l", 13) = 13
3632  01:03:32 clock_gettime(0x7 /* CLOCK_??? */, {26086, 877096555}) = 0
3632  01:03:32 clock_gettime(0x7 /* CLOCK_??? */, {26086, 877126174}) = 0
3632  01:03:32 select(7, [3 4], [], NULL, NULL) = 1 (in [3])
3632  01:03:33 clock_gettime(0x7 /* CLOCK_??? */, {26087, 640180833}) = 0
3632  01:03:33 read(3, "\t\345|\215\206#\10L}\321\221\266>d3\273\360\266t\0\374\250\2H\223\241\35SY\340\331&"..., 8192) = 412
3632  01:03:33 clock_gettime(0x7 /* CLOCK_??? */, {26087, 640376936}) = 0
3632  01:03:33 clock_gettime(0x7 /* CLOCK_??? */, {26087, 640436058}) = 0
3632  01:03:33 select(7, [3 4], [5], NULL, NULL) = 1 (out [5])
3632  01:03:33 clock_gettime(0x7 /* CLOCK_??? */, {26087, 640596624}) = 0
3632  01:03:33 write(5, "\33[H\33[2J\33(B\33[mtop - 09:02:30 up  "..., 373) = 373
3632  01:03:33 clock_gettime(0x7 /* CLOCK_??? */, {26087, 641338400}) = 0
3632  01:03:33 clock_gettime(0x7 /* CLOCK_??? */, {26087, 641407455}) = 0
3632  01:03:33 select(7, [3 4], [], NULL, NULL) = 1 (in [3])
3632  01:03:34 clock_gettime(0x7 /* CLOCK_??? */, {26088, 309688586}) = 0
3632  01:03:34 read(3, "\321\334\7\305\275z\254\316I\10\360s\246%\235J\20\37\324Q\0rRR{\37e\340\374B\344\243"..., 8192) = 3036
3632  01:03:34 clock_gettime(0x7 /* CLOCK_??? */, {26088, 309924762}) = 0
3632  01:03:34 clock_gettime(0x7 /* CLOCK_??? */, {26088, 309976472}) = 0
3632  01:03:34 select(7, [3 4], [5], NULL, NULL) = 1 (out [5])
3632  01:03:34 clock_gettime(0x7 /* CLOCK_??? */, {26088, 310092189}) = 0
3632  01:03:34 write(5, "%Cpu(s):\33(B\33[m\33[39;49m\33[1m  0.1 "..., 2996) = 2996
3632  01:03:34 clock_gettime(0x7 /* CLOCK_??? */, {26088, 311067970}) = 0
3632  01:03:34 clock_gettime(0x7 /* CLOCK_??? */, {26088, 311126029}) = 0
3632  01:03:34 select(7, [3 4], [], NULL, NULL) = 1 (in [4])
3632  01:03:35 clock_gettime(0x7 /* CLOCK_??? */, {26089, 658196083}) = 0
3632  01:03:35 read(4, "\33OB", 16384)  = 3
3632  01:03:35 clock_gettime(0x7 /* CLOCK_??? */, {26089, 658425423}) = 0
3632  01:03:35 clock_gettime(0x7 /* CLOCK_??? */, {26089, 658511150}) = 0
3632  01:03:35 select(7, [3 4], [3], NULL, NULL) = 1 (out [3])
3632  01:03:35 clock_gettime(0x7 /* CLOCK_??? */, {26089, 658704865}) = 0
3632  01:03:35 write(3, "\370\267\35d\5\177\332\320I\321\316\351\326f\202\0070J;N\301\203\267R\1T\222\325\26\230Z\t"..., 44) = 44
3632  01:03:35 clock_gettime(0x7 /* CLOCK_??? */, {26089, 659247794}) = 0
3632  01:03:35 clock_gettime(0x7 /* CLOCK_??? */, {26089, 659336488}) = 0
3632  01:03:35 select(7, [3 4], [], NULL, NULL) = 1 (in [3])
3632  01:03:35 clock_gettime(0x7 /* CLOCK_??? */, {26089, 672106024}) = 0
3632  01:03:35 read(3, "\206\0010\212\237\7\303h4\306~*Ygn@\0&gcBM\334\307\353[l*\207\340~\320"..., 8192) = 44
3632  01:03:35 clock_gettime(0x7 /* CLOCK_??? */, {26089, 672348092}) = 0
3632  01:03:35 clock_gettime(0x7 /* CLOCK_??? */, {26089, 672433299}) = 0
3632  01:03:35 select(7, [3 4], [5], NULL, NULL) = 1 (out [5])
3632  01:03:35 clock_gettime(0x7 /* CLOCK_??? */, {26089, 672629344}) = 0
3632  01:03:35 write(5, "\33[?25l", 6)  = 6
3632  01:03:35 clock_gettime(0x7 /* CLOCK_??? */, {26089, 673958448}) = 0
3632  01:03:35 clock_gettime(0x7 /* CLOCK_??? */, {26089, 674062376}) = 0
3632  01:03:35 select(7, [3 4], [], NULL, NULL) = 1 (in [3])
3632  01:03:35 clock_gettime(0x7 /* CLOCK_??? */, {26089, 674277083}) = 0
3632  01:03:35 read(3, "\2(\240\2042*\354\343R=\241\353\215\252\332\270G\261\260?E\347\v\353\227H\233\330\366\221\363\353"..., 8192) = 3396
3632  01:03:35 clock_gettime(0x7 /* CLOCK_??? */, {26089, 674622489}) = 0
3632  01:03:35 clock_gettime(0x7 /* CLOCK_??? */, {26089, 674717787}) = 0
3632  01:03:35 select(7, [3 4], [5], NULL, NULL) = 1 (out [5])
3632  01:03:35 clock_gettime(0x7 /* CLOCK_??? */, {26089, 675070429}) = 0
3632  01:03:35 write(5, "\33[H\33(B\33[mtop - 09:02:32 up  7:13"..., 3361) = 3361
3632  01:03:35 clock_gettime(0x7 /* CLOCK_??? */, {26089, 677010600}) = 0
3632  01:03:35 clock_gettime(0x7 /* CLOCK_??? */, {26089, 677115265}) = 0
3632  01:03:35 select(7, [3 4], [], NULL, NULL) = 1 (in [4])
3632  01:03:35 clock_gettime(0x7 /* CLOCK_??? */, {26089, 824791505}) = 0
3632  01:03:35 read(4, "\33OB", 16384)  = 3
3632  01:03:35 clock_gettime(0x7 /* CLOCK_??? */, {26089, 825278593}) = 0
3632  01:03:35 clock_gettime(0x7 /* CLOCK_??? */, {26089, 825443879}) = 0
3632  01:03:35 select(7, [3 4], [3], NULL, NULL) = 1 (out [3])
3632  01:03:35 clock_gettime(0x7 /* CLOCK_??? */, {26089, 825804774}) = 0
3632  01:03:35 write(3, "w\6\"\332\301\202\3E\211\225L\374\244\262+\232\236\220\253\205n\37]\26\177\341o\20\320\243{\33"..., 44) = 44
3632  01:03:35 clock_gettime(0x7 /* CLOCK_??? */, {26089, 826685472}) = 0
3632  01:03:35 clock_gettime(0x7 /* CLOCK_??? */, {26089, 826965004}) = 0
3632  01:03:35 select(7, [3 4], [], NULL, NULL) = 1 (in [3])
3632  01:03:35 clock_gettime(0x7 /* CLOCK_??? */, {26089, 835696602}) = 0
3632  01:03:35 read(3, "\230}\24y\20\1\364\26\311P\334\274\304\333\274_\277\376\350\2\"[\10\33\7]\234\370\22M\306\24"..., 8192) = 3404
3632  01:03:35 clock_gettime(0x7 /* CLOCK_??? */, {26089, 836002775}) = 0
3632  01:03:35 clock_gettime(0x7 /* CLOCK_??? */, {26089, 836063646}) = 0
3632  01:03:35 select(7, [3 4], [5], NULL, NULL) = 1 (out [5])
3632  01:03:35 clock_gettime(0x7 /* CLOCK_??? */, {26089, 836192745}) = 0
3632  01:03:35 write(5, "\33[?25l\33[H\33(B\33[mtop - 09:02:32 up"..., 3367) = 3367
3632  01:03:35 clock_gettime(0x7 /* CLOCK_??? */, {26089, 837266598}) = 0
3632  01:03:35 clock_gettime(0x7 /* CLOCK_??? */, {26089, 837371947}) = 0
3632  01:03:35 select(7, [3 4], [], NULL, NULL) = 1 (in [4])
3632  01:03:35 clock_gettime(0x7 /* CLOCK_??? */, {26089, 997455429}) = 0
3632  01:03:35 read(4, "\33OB", 16384)  = 3
3632  01:03:35 clock_gettime(0x7 /* CLOCK_??? */, {26089, 997599593}) = 0
3632  01:03:35 clock_gettime(0x7 /* CLOCK_??? */, {26089, 997651819}) = 0
3632  01:03:35 select(7, [3 4], [3], NULL, NULL) = 1 (out [3])
3632  01:03:35 clock_gettime(0x7 /* CLOCK_??? */, {26089, 997771066}) = 0
3632  01:03:35 write(3, "\372~W#Jca\353\362X\23\2441\245\271\223\325.\272(g\10<\342K\266\200\355<\357)\235"..., 44) = 44
3632  01:03:35 clock_gettime(0x7 /* CLOCK_??? */, {26089, 998115961}) = 0
3632  01:03:35 clock_gettime(0x7 /* CLOCK_??? */, {26089, 998170266}) = 0
3632  01:03:35 select(7, [3 4], [], NULL, NULL) = 1 (in [3])
3632  01:03:35 clock_gettime(0x7 /* CLOCK_??? */, {26090, 6270150}) = 0
3632  01:03:35 read(3, "/\226\223\206\345]z\34w#K\240\36\205\270\3034%\241\355KIN_\2K\3\231\267\264\244M"..., 8192) = 3404
3632  01:03:35 clock_gettime(0x7 /* CLOCK_??? */, {26090, 6475998}) = 0
3632  01:03:35 clock_gettime(0x7 /* CLOCK_??? */, {26090, 6535789}) = 0
3632  01:03:35 select(7, [3 4], [5], NULL, NULL) = 1 (out [5])
3632  01:03:35 clock_gettime(0x7 /* CLOCK_??? */, {26090, 6671472}) = 0
3632  01:03:35 write(5, "\33[?25l\33[H\33(B\33[mtop - 09:02:33 up"..., 3367) = 3367
3632  01:03:35 clock_gettime(0x7 /* CLOCK_??? */, {26090, 7748378}) = 0
3632  01:03:35 clock_gettime(0x7 /* CLOCK_??? */, {26090, 7847809}) = 0
3632  01:03:35 select(7, [3 4], [], NULL, NULL) = 1 (in [4])
3632  01:03:36 clock_gettime(0x7 /* CLOCK_??? */, {26090, 119660903}) = 0
3632  01:03:36 read(4, "\33OB", 16384)  = 3
3632  01:03:36 clock_gettime(0x7 /* CLOCK_??? */, {26090, 119975795}) = 0
3632  01:03:36 clock_gettime(0x7 /* CLOCK_??? */, {26090, 120063542}) = 0
3632  01:03:36 select(7, [3 4], [3], NULL, NULL) = 1 (out [3])
3632  01:03:36 clock_gettime(0x7 /* CLOCK_??? */, {26090, 120260143}) = 0
3632  01:03:36 write(3, "gf\243-7\377{t\352\212\35;\10\377m1\265,]\305Z|\1778X\23\25\363(&\301c"..., 44) = 44
3632  01:03:36 clock_gettime(0x7 /* CLOCK_??? */, {26090, 120691337}) = 0
3632  01:03:36 clock_gettime(0x7 /* CLOCK_??? */, {26090, 120780948}) = 0
3632  01:03:36 select(7, [3 4], [], NULL, NULL) = 1 (in [3])
3632  01:03:36 clock_gettime(0x7 /* CLOCK_??? */, {26090, 132556728}) = 0
3632  01:03:36 read(3, "m\231\25\34\2\33\377\27EI$\2:]4r\233\330\r=K\315+x(\347GV\v\360\323\214"..., 8192) = 3404
3632  01:03:36 clock_gettime(0x7 /* CLOCK_??? */, {26090, 132986976}) = 0
3632  01:03:36 clock_gettime(0x7 /* CLOCK_??? */, {26090, 133040447}) = 0
3632  01:03:36 select(7, [3 4], [5], NULL, NULL) = 1 (out [5])
3632  01:03:36 clock_gettime(0x7 /* CLOCK_??? */, {26090, 133160073}) = 0
3632  01:03:36 write(5, "\33[?25l\33[H\33(B\33[mtop - 09:02:33 up"..., 3363) = 3363
3632  01:03:36 clock_gettime(0x7 /* CLOCK_??? */, {26090, 134048414}) = 0
3632  01:03:36 clock_gettime(0x7 /* CLOCK_??? */, {26090, 134104177}) = 0
3632  01:03:36 select(7, [3 4], [], NULL, NULL) = 1 (in [4])
3632  01:03:36 clock_gettime(0x7 /* CLOCK_??? */, {26090, 498580615}) = 0
3632  01:03:36 read(4, "\33OB", 16384)  = 3
3632  01:03:36 clock_gettime(0x7 /* CLOCK_??? */, {26090, 498768681}) = 0
3632  01:03:36 clock_gettime(0x7 /* CLOCK_??? */, {26090, 498936506}) = 0
3632  01:03:36 select(7, [3 4], [3], NULL, NULL) = 1 (out [3])
3632  01:03:36 clock_gettime(0x7 /* CLOCK_??? */, {26090, 499104948}) = 0
3632  01:03:36 write(3, "\265\363=\340\343\234B\320\276\302\303\271\320\312\34\235\363\1?v\234\4\351\350\337=\247\240\373\33\346\267"..., 44) = 44
3632  01:03:36 clock_gettime(0x7 /* CLOCK_??? */, {26090, 499502881}) = 0
3632  01:03:36 clock_gettime(0x7 /* CLOCK_??? */, {26090, 499574350}) = 0
3632  01:03:36 select(7, [3 4], [], NULL, NULL) = 1 (in [3])
3632  01:03:36 clock_gettime(0x7 /* CLOCK_??? */, {26090, 509801502}) = 0
3632  01:03:36 read(3, "4\201f\225\316\371\341\236(\t\271\211\267\351\211\240;\312K\316\335\272\225\326\30g\v\217\273R\10\10"..., 8192) = 3404
3632  01:03:36 clock_gettime(0x7 /* CLOCK_??? */, {26090, 510119585}) = 0
3632  01:03:36 clock_gettime(0x7 /* CLOCK_??? */, {26090, 510188816}) = 0
3632  01:03:36 select(7, [3 4], [5], NULL, NULL) = 1 (out [5])
3632  01:03:36 clock_gettime(0x7 /* CLOCK_??? */, {26090, 510347617}) = 0
3632  01:03:36 write(5, "\33[?25l\33[H\33(B\33[mtop - 09:02:33 up"..., 3363) = 3363
3632  01:03:36 clock_gettime(0x7 /* CLOCK_??? */, {26090, 511761715}) = 0
3632  01:03:36 clock_gettime(0x7 /* CLOCK_??? */, {26090, 511888272}) = 0
3632  01:03:36 select(7, [3 4], [], NULL, NULL) = 1 (in [4])
3632  01:03:36 clock_gettime(0x7 /* CLOCK_??? */, {26090, 654315082}) = 0
3632  01:03:36 read(4, "\33OB", 16384)  = 3
3632  01:03:36 clock_gettime(0x7 /* CLOCK_??? */, {26090, 654394578}) = 0
3632  01:03:36 clock_gettime(0x7 /* CLOCK_??? */, {26090, 654422436}) = 0
3632  01:03:36 select(7, [3 4], [3], NULL, NULL) = 1 (out [3])
3632  01:03:36 clock_gettime(0x7 /* CLOCK_??? */, {26090, 654486176}) = 0
3632  01:03:36 write(3, "}\31qE,F\205s\33\255Z(\26\t\223\0245\366|\300\273\247`\330/\372c:\22\265\252\246"..., 44) = 44
3632  01:03:36 clock_gettime(0x7 /* CLOCK_??? */, {26090, 654634468}) = 0
3632  01:03:36 clock_gettime(0x7 /* CLOCK_??? */, {26090, 654663008}) = 0
3632  01:03:36 select(7, [3 4], [], NULL, NULL) = 1 (in [3])
3632  01:03:36 clock_gettime(0x7 /* CLOCK_??? */, {26090, 658333599}) = 0
3632  01:03:36 read(3, "\6.\354mrT\333g\233g\330\272\221i\35\t\27\f\303x4\310\5B)[J\205<\304\250A"..., 8192) = 3404
3632  01:03:36 clock_gettime(0x7 /* CLOCK_??? */, {26090, 658436030}) = 0
3632  01:03:36 clock_gettime(0x7 /* CLOCK_??? */, {26090, 658464749}) = 0
3632  01:03:36 select(7, [3 4], [5], NULL, NULL) = 1 (out [5])
3632  01:03:36 clock_gettime(0x7 /* CLOCK_??? */, {26090, 658530724}) = 0
3632  01:03:36 write(5, "\33[?25l\33[H\33(B\33[mtop - 09:02:33 up"..., 3363) = 3363
3632  01:03:36 clock_gettime(0x7 /* CLOCK_??? */, {26090, 659115227}) = 0
3632  01:03:36 clock_gettime(0x7 /* CLOCK_??? */, {26090, 659150956}) = 0
3632  01:03:36 select(7, [3 4], [], NULL, NULL) = 1 (in [4])
3632  01:03:36 clock_gettime(0x7 /* CLOCK_??? */, {26090, 842723603}) = 0
3632  01:03:36 read(4, "\33OB", 16384)  = 3
3632  01:03:36 clock_gettime(0x7 /* CLOCK_??? */, {26090, 843002719}) = 0
3632  01:03:36 clock_gettime(0x7 /* CLOCK_??? */, {26090, 843078106}) = 0
3632  01:03:36 select(7, [3 4], [3], NULL, NULL) = 1 (out [3])
3632  01:03:36 clock_gettime(0x7 /* CLOCK_??? */, {26090, 843250582}) = 0
3632  01:03:36 write(3, "\210\256u\313\371?E4;\322\375\257\210\263H\315\30-\341c\362\323u/\371\21\262\275)\21'\210"..., 44) = 44
3632  01:03:36 clock_gettime(0x7 /* CLOCK_??? */, {26090, 843689857}) = 0
3632  01:03:36 clock_gettime(0x7 /* CLOCK_??? */, {26090, 843768558}) = 0
3632  01:03:36 select(7, [3 4], [], NULL, NULL) = 1 (in [3])
3632  01:03:36 clock_gettime(0x7 /* CLOCK_??? */, {26090, 854248724}) = 0
3632  01:03:36 read(3, "\2758>\357F\7\7Q\34=\304\201\0166\273|*Y\267A\311\335\3333\247\201G\0222\213\312\247"..., 8192) = 3404
3632  01:03:36 clock_gettime(0x7 /* CLOCK_??? */, {26090, 854520357}) = 0
3632  01:03:36 clock_gettime(0x7 /* CLOCK_??? */, {26090, 854596777}) = 0
3632  01:03:36 select(7, [3 4], [5], NULL, NULL) = 1 (out [5])
3632  01:03:36 clock_gettime(0x7 /* CLOCK_??? */, {26090, 854772211}) = 0
3632  01:03:36 write(5, "\33[?25l\33[H\33(B\33[mtop - 09:02:33 up"..., 3363) = 3363
3632  01:03:36 clock_gettime(0x7 /* CLOCK_??? */, {26090, 856430373}) = 0
3632  01:03:36 clock_gettime(0x7 /* CLOCK_??? */, {26090, 856515498}) = 0
3632  01:03:36 select(7, [3 4], [], NULL, NULL) = 1 (in [4])
3632  01:03:36 clock_gettime(0x7 /* CLOCK_??? */, {26090, 998445213}) = 0
3632  01:03:36 read(4, "\33OB", 16384)  = 3
3632  01:03:36 clock_gettime(0x7 /* CLOCK_??? */, {26090, 998678607}) = 0
3632  01:03:36 clock_gettime(0x7 /* CLOCK_??? */, {26090, 998763462}) = 0
3632  01:03:36 select(7, [3 4], [3], NULL, NULL) = 1 (out [3])
3632  01:03:36 clock_gettime(0x7 /* CLOCK_??? */, {26090, 999033303}) = 0
3632  01:03:36 write(3, "\202\201\33D\261&\6\20\254\10\273\217[\v\257&YKf\221\32\366p\n `\3\365\361\260\207\221"..., 44) = 44
3632  01:03:36 clock_gettime(0x7 /* CLOCK_??? */, {26090, 999518748}) = 0
3632  01:03:36 clock_gettime(0x7 /* CLOCK_??? */, {26090, 999607242}) = 0
3632  01:03:36 select(7, [3 4], [], NULL, NULL) = 1 (in [3])
3632  01:03:36 clock_gettime(0x7 /* CLOCK_??? */, {26091, 9436895}) = 0
3632  01:03:36 read(3, "\353\324Q`\306\31\304\4\206 \275\2154\276\351\25T\327U\n[\352\236~\10\376\257zm_\273\202"..., 8192) = 3404
3632  01:03:36 clock_gettime(0x7 /* CLOCK_??? */, {26091, 9677254}) = 0
3632  01:03:36 clock_gettime(0x7 /* CLOCK_??? */, {26091, 9746918}) = 0
3632  01:03:36 select(7, [3 4], [5], NULL, NULL) = 1 (out [5])
3632  01:03:36 clock_gettime(0x7 /* CLOCK_??? */, {26091, 9962037}) = 0
3632  01:03:36 write(5, "\33[?25l\33[H\33(B\33[mtop - 09:02:34 up"..., 3363) = 3363
3632  01:03:36 clock_gettime(0x7 /* CLOCK_??? */, {26091, 11402428}) = 0
3632  01:03:36 clock_gettime(0x7 /* CLOCK_??? */, {26091, 11480386}) = 0
3632  01:03:36 select(7, [3 4], [], NULL, NULL) = 1 (in [4])
3632  01:03:37 clock_gettime(0x7 /* CLOCK_??? */, {26091, 177467351}) = 0
3632  01:03:37 read(4, "\33OB", 16384)  = 3
3632  01:03:37 clock_gettime(0x7 /* CLOCK_??? */, {26091, 177711229}) = 0
3632  01:03:37 clock_gettime(0x7 /* CLOCK_??? */, {26091, 177796220}) = 0
3632  01:03:37 select(7, [3 4], [3], NULL, NULL) = 1 (out [3])
3632  01:03:37 clock_gettime(0x7 /* CLOCK_??? */, {26091, 178057722}) = 0
3632  01:03:37 write(3, "\310\230\344\224~\337\316\17\1T\273l/\310\4.c\20\236\350\226\301\347{b\235\321J\340\331\342t"..., 44) = 44
3632  01:03:37 clock_gettime(0x7 /* CLOCK_??? */, {26091, 178541823}) = 0
3632  01:03:37 clock_gettime(0x7 /* CLOCK_??? */, {26091, 178630472}) = 0
3632  01:03:37 select(7, [3 4], [], NULL, NULL) = 1 (in [3])
3632  01:03:37 clock_gettime(0x7 /* CLOCK_??? */, {26091, 190581661}) = 0
3632  01:03:37 read(3, "\35X\302\201\256\340\346\377\6\3>=/\4m\37\333\322\32^\343p'\376\244\334/\264\336=%."..., 8192) = 3404
3632  01:03:37 clock_gettime(0x7 /* CLOCK_??? */, {26091, 191052919}) = 0
3632  01:03:37 clock_gettime(0x7 /* CLOCK_??? */, {26091, 191195814}) = 0
3632  01:03:37 select(7, [3 4], [5], NULL, NULL) = 1 (out [5])
3632  01:03:37 clock_gettime(0x7 /* CLOCK_??? */, {26091, 191425024}) = 0
3632  01:03:37 write(5, "\33[?25l\33[H\33(B\33[mtop - 09:02:34 up"..., 3363) = 3363
3632  01:03:37 clock_gettime(0x7 /* CLOCK_??? */, {26091, 193152026}) = 0
3632  01:03:37 clock_gettime(0x7 /* CLOCK_??? */, {26091, 193257764}) = 0
3632  01:03:37 select(7, [3 4], [], NULL, NULL) = 1 (in [4])
3632  01:03:37 clock_gettime(0x7 /* CLOCK_??? */, {26091, 772121433}) = 0
3632  01:03:37 read(4, "a", 16384)      = 1
3632  01:03:37 clock_gettime(0x7 /* CLOCK_??? */, {26091, 772353158}) = 0
3632  01:03:37 clock_gettime(0x7 /* CLOCK_??? */, {26091, 772438655}) = 0
3632  01:03:37 select(7, [3 4], [3], NULL, NULL) = 1 (out [3])
3632  01:03:37 clock_gettime(0x7 /* CLOCK_??? */, {26091, 772631663}) = 0
3632  01:03:37 write(3, "\233\177\200\247:\320\376\v4`=r6\242KW\307\22\30g\25\333\247\267\324\27\356\313\23\3010\264"..., 36) = 36
3632  01:03:37 clock_gettime(0x7 /* CLOCK_??? */, {26091, 773119128}) = 0
3632  01:03:37 clock_gettime(0x7 /* CLOCK_??? */, {26091, 773207531}) = 0
3632  01:03:37 select(7, [3 4], [], NULL, NULL) = 1 (in [3])
3632  01:03:37 clock_gettime(0x7 /* CLOCK_??? */, {26091, 774942251}) = 0
3632  01:03:37 read(3, "\"\203\210\232\\\307g\301\2\177\34 \230\305\320f\234hN\vNw\205\272PL\f\24!%!\37"..., 8192) = 108
3632  01:03:37 clock_gettime(0x7 /* CLOCK_??? */, {26091, 775213971}) = 0
3632  01:03:37 clock_gettime(0x7 /* CLOCK_??? */, {26091, 775300109}) = 0
3632  01:03:37 select(7, [3 4], [5], NULL, NULL) = 1 (out [5])
3632  01:03:37 clock_gettime(0x7 /* CLOCK_??? */, {26091, 775500965}) = 0
3632  01:03:37 write(5, "\33[6;1H\33[7m Command disabled, 'A'"..., 70) = 70
3632  01:03:37 clock_gettime(0x7 /* CLOCK_??? */, {26091, 776480179}) = 0
3632  01:03:37 clock_gettime(0x7 /* CLOCK_??? */, {26091, 776576395}) = 0
3632  01:03:37 select(7, [3 4], [], NULL, NULL) = 1 (in [3])
3632  01:03:38 clock_gettime(0x7 /* CLOCK_??? */, {26093, 35443326}) = 0
3632  01:03:38 read(3, "\207\223\217\2478\311\36\1775t\377\214\226\256\4\230b\252\335\326\n\214_\200\3734p\240\232[\270\307"..., 8192) = 3404
3632  01:03:38 clock_gettime(0x7 /* CLOCK_??? */, {26093, 35792184}) = 0
3632  01:03:38 clock_gettime(0x7 /* CLOCK_??? */, {26093, 35946772}) = 0
3632  01:03:38 select(7, [3 4], [5], NULL, NULL) = 1 (out [5])
3632  01:03:38 clock_gettime(0x7 /* CLOCK_??? */, {26093, 36154172}) = 0
3632  01:03:38 write(5, "\33[?25l\33[H\33(B\33[mtop - 09:02:36 up"..., 3363) = 3363
3632  01:03:38 clock_gettime(0x7 /* CLOCK_??? */, {26093, 37690105}) = 0
3632  01:03:38 clock_gettime(0x7 /* CLOCK_??? */, {26093, 37784888}) = 0
3632  01:03:38 select(7, [3 4], [], NULL, NULL) = 1 (in [4])
3632  01:03:41 clock_gettime(0x7 /* CLOCK_??? */, {26095, 475335229}) = 0
3632  01:03:41 read(4, "\33OC", 16384)  = 3
3632  01:03:41 clock_gettime(0x7 /* CLOCK_??? */, {26095, 475567295}) = 0
3632  01:03:41 clock_gettime(0x7 /* CLOCK_??? */, {26095, 475651744}) = 0
3632  01:03:41 select(7, [3 4], [3], NULL, NULL) = 1 (out [3])
3632  01:03:41 clock_gettime(0x7 /* CLOCK_??? */, {26095, 475844026}) = 0
3632  01:03:41 write(3, "\21{\376+jX\2443\357\255\7\241\366\257,yo \255\244W8\323\263\347\262g\315\22E\1\337"..., 44) = 44
3632  01:03:41 clock_gettime(0x7 /* CLOCK_??? */, {26095, 476396090}) = 0
3632  01:03:41 clock_gettime(0x7 /* CLOCK_??? */, {26095, 476484444}) = 0
3632  01:03:41 select(7, [3 4], [], NULL, NULL) = 1 (in [3])
3632  01:03:41 clock_gettime(0x7 /* CLOCK_??? */, {26095, 489350225}) = 0
3632  01:03:41 read(3, "R\33\257\366\366\245\377\244q\310\272\35X)\317\341\213\3552\2>\37\314\tu\270Q;?\36\337^"..., 8192) = 2108
3632  01:03:41 clock_gettime(0x7 /* CLOCK_??? */, {26095, 489657495}) = 0
3632  01:03:41 clock_gettime(0x7 /* CLOCK_??? */, {26095, 489753470}) = 0
3632  01:03:41 select(7, [3 4], [5], NULL, NULL) = 1 (out [5])
3632  01:03:41 clock_gettime(0x7 /* CLOCK_??? */, {26095, 491194280}) = 0
3632  01:03:41 write(5, "\33[?25l\33[H\33(B\33[mtop - 09:02:38 up"..., 2067) = 2067
3632  01:03:41 clock_gettime(0x7 /* CLOCK_??? */, {26095, 492630294}) = 0
3632  01:03:41 clock_gettime(0x7 /* CLOCK_??? */, {26095, 492735786}) = 0
3632  01:03:41 select(7, [3 4], [], NULL, NULL) = 1 (in [3])
3632  01:03:41 clock_gettime(0x7 /* CLOCK_??? */, {26095, 493030322}) = 0
3632  01:03:41 read(3, "l\374u\365\360\353,\"\0270\25J\274H\347\243\343\365\361Xm\267\215\302\326\205\23jJc@("..., 8192) = 1332
3632  01:03:41 clock_gettime(0x7 /* CLOCK_??? */, {26095, 493299512}) = 0
3632  01:03:41 clock_gettime(0x7 /* CLOCK_??? */, {26095, 493394941}) = 0
3632  01:03:41 select(7, [3 4], [5], NULL, NULL) = 1 (out [5])
3632  01:03:41 clock_gettime(0x7 /* CLOCK_??? */, {26095, 493608054}) = 0
3632  01:03:41 write(5, " 0:00.00 bioset                 "..., 1296) = 1296
3632  01:03:41 clock_gettime(0x7 /* CLOCK_??? */, {26095, 494392881}) = 0
3632  01:03:41 clock_gettime(0x7 /* CLOCK_??? */, {26095, 494494299}) = 0
3632  01:03:41 select(7, [3 4], [], NULL, NULL) = 1 (in [4])
3632  01:03:41 clock_gettime(0x7 /* CLOCK_??? */, {26095, 900116199}) = 0
3632  01:03:41 read(4, "\33OA", 16384)  = 3
3632  01:03:41 clock_gettime(0x7 /* CLOCK_??? */, {26095, 900361585}) = 0
3632  01:03:41 clock_gettime(0x7 /* CLOCK_??? */, {26095, 900450335}) = 0
3632  01:03:41 select(7, [3 4], [3], NULL, NULL) = 1 (out [3])
3632  01:03:41 clock_gettime(0x7 /* CLOCK_??? */, {26095, 900725177}) = 0
3632  01:03:41 write(3, "\31\362\332-\237\263\26\240\25\377\5\224\220\35\326p\211\352\6\32\254\374\346=ld\32\324\257-\37H"..., 44) = 44
3632  01:03:41 clock_gettime(0x7 /* CLOCK_??? */, {26095, 901242463}) = 0
3632  01:03:41 clock_gettime(0x7 /* CLOCK_??? */, {26095, 901341866}) = 0
3632  01:03:41 select(7, [3 4], [], NULL, NULL) = 1 (in [3])
3632  01:03:41 clock_gettime(0x7 /* CLOCK_??? */, {26095, 913610883}) = 0
3632  01:03:41 read(3, "S9\261T\36\226^\301S0C\227\274\267PLN\226\305\321Y\177s\372\226\240\313D@vP\376"..., 8192) = 3404
3632  01:03:41 clock_gettime(0x7 /* CLOCK_??? */, {26095, 913995041}) = 0
3632  01:03:41 clock_gettime(0x7 /* CLOCK_??? */, {26095, 914104286}) = 0
3632  01:03:41 select(7, [3 4], [5], NULL, NULL) = 1 (out [5])
3632  01:03:41 clock_gettime(0x7 /* CLOCK_??? */, {26095, 914327362}) = 0
3632  01:03:41 write(5, "\33[?25l\33[H\33(B\33[mtop - 09:02:39 up"..., 3363) = 3363
3632  01:03:41 clock_gettime(0x7 /* CLOCK_??? */, {26095, 915872456}) = 0
3632  01:03:41 clock_gettime(0x7 /* CLOCK_??? */, {26095, 916042472}) = 0
3632  01:03:41 select(7, [3 4], [], NULL, NULL) = 1 (in [4])
3632  01:03:42 clock_gettime(0x7 /* CLOCK_??? */, {26096, 357169055}) = 0
3632  01:03:42 read(4, "\33OA", 16384)  = 3
3632  01:03:42 clock_gettime(0x7 /* CLOCK_??? */, {26096, 357402449}) = 0
3632  01:03:42 clock_gettime(0x7 /* CLOCK_??? */, {26096, 357487119}) = 0
3632  01:03:42 select(7, [3 4], [3], NULL, NULL) = 1 (out [3])
3632  01:03:42 clock_gettime(0x7 /* CLOCK_??? */, {26096, 357683725}) = 0
3632  01:03:42 write(3, "6\242\327`qP\264\221\204\257\270\305\310\214\3022\226\271\177\337\6\22\267\n\3715\226\234\321ah\327"..., 44) = 44
3632  01:03:42 clock_gettime(0x7 /* CLOCK_??? */, {26096, 358251605}) = 0
3632  01:03:42 clock_gettime(0x7 /* CLOCK_??? */, {26096, 358341687}) = 0
3632  01:03:42 select(7, [3 4], [], NULL, NULL) = 1 (in [3])
3632  01:03:42 clock_gettime(0x7 /* CLOCK_??? */, {26096, 371372041}) = 0
3632  01:03:42 read(3, "\277\226\22\230\313\222F\336(\"\231 *\266\25\6p\35:\v#\24*\273B\350f\217JuDT"..., 8192) = 3404
3632  01:03:42 clock_gettime(0x7 /* CLOCK_??? */, {26096, 371696034}) = 0
3632  01:03:42 clock_gettime(0x7 /* CLOCK_??? */, {26096, 371792094}) = 0
3632  01:03:42 select(7, [3 4], [5], NULL, NULL) = 1 (out [5])
3632  01:03:42 clock_gettime(0x7 /* CLOCK_??? */, {26096, 372142624}) = 0
3632  01:03:42 write(5, "\33[?25l\33[H\33(B\33[mtop - 09:02:39 up"..., 3367) = 3367
3632  01:03:42 clock_gettime(0x7 /* CLOCK_??? */, {26096, 373117991}) = 0
3632  01:03:42 clock_gettime(0x7 /* CLOCK_??? */, {26096, 373176677}) = 0
3632  01:03:42 select(7, [3 4], [], NULL, NULL) = 1 (in [4])
3632  01:03:42 clock_gettime(0x7 /* CLOCK_??? */, {26096, 797526170}) = 0
3632  01:03:42 read(4, "\33OB", 16384)  = 3
3632  01:03:42 clock_gettime(0x7 /* CLOCK_??? */, {26096, 797758151}) = 0
3632  01:03:42 clock_gettime(0x7 /* CLOCK_??? */, {26096, 797841734}) = 0
3632  01:03:42 select(7, [3 4], [3], NULL, NULL) = 1 (out [3])
3632  01:03:42 clock_gettime(0x7 /* CLOCK_??? */, {26096, 798237883}) = 0
3632  01:03:42 write(3, "7\350\254\343\341\206\202\\\34x\327W\244$\355%}2\24\324\203\313}[1\206\10\246y|0H"..., 44) = 44
3632  01:03:42 clock_gettime(0x7 /* CLOCK_??? */, {26096, 798666951}) = 0
3632  01:03:42 clock_gettime(0x7 /* CLOCK_??? */, {26096, 798756041}) = 0
3632  01:03:42 select(7, [3 4], [], NULL, NULL) = 1 (in [3])
3632  01:03:42 clock_gettime(0x7 /* CLOCK_??? */, {26096, 811039230}) = 0
3632  01:03:42 read(3, "]\t\330\223\10\241\343\335\232\325LM\203\200\302\f\6N\5\177\20N\235\323\354\271\206\22\272\363\246X"..., 8192) = 3404
3632  01:03:42 clock_gettime(0x7 /* CLOCK_??? */, {26096, 811355555}) = 0
3632  01:03:42 clock_gettime(0x7 /* CLOCK_??? */, {26096, 811441889}) = 0
3632  01:03:42 select(7, [3 4], [5], NULL, NULL) = 1 (out [5])
3632  01:03:42 clock_gettime(0x7 /* CLOCK_??? */, {26096, 811640520}) = 0
3632  01:03:42 write(5, "\33[?25l\33[H\33(B\33[mtop - 09:02:39 up"..., 3363) = 3363
3632  01:03:42 clock_gettime(0x7 /* CLOCK_??? */, {26096, 813473906}) = 0
3632  01:03:42 clock_gettime(0x7 /* CLOCK_??? */, {26096, 813610377}) = 0
3632  01:03:42 select(7, [3 4], [3], NULL, NULL) = 1 (out [3])
3632  01:03:42 clock_gettime(0x7 /* CLOCK_??? */, {26096, 813810973}) = 0
3632  01:03:42 write(3, "9\302\201\2338\304\267\2\4+'\367\221$V?P\241i\\\311\35\241q\36\355lR3\317\4\365"..., 36) = 36
3632  01:03:42 clock_gettime(0x7 /* CLOCK_??? */, {26096, 814303438}) = 0
3632  01:03:42 clock_gettime(0x7 /* CLOCK_??? */, {26096, 814392213}) = 0
3632  01:03:42 select(7, [3 4], [], NULL, NULL) = 1 (in [4])
3632  01:03:42 clock_gettime(0x7 /* CLOCK_??? */, {26097, 48285086}) = 0
3632  01:03:42 read(4, "\33OD", 16384)  = 3
3632  01:03:42 clock_gettime(0x7 /* CLOCK_??? */, {26097, 48708973}) = 0
3632  01:03:42 clock_gettime(0x7 /* CLOCK_??? */, {26097, 48801044}) = 0
3632  01:03:42 select(7, [3 4], [3], NULL, NULL) = 1 (out [3])
3632  01:03:42 clock_gettime(0x7 /* CLOCK_??? */, {26097, 49070309}) = 0
3632  01:03:42 write(3, "\250\345\201K\317h\2024s\267\34\373\262o\346\300\226y=\303/\200\237\336\311f\330\205\236+\177\356"..., 44) = 44
3632  01:03:42 clock_gettime(0x7 /* CLOCK_??? */, {26097, 49497488}) = 0
3632  01:03:42 clock_gettime(0x7 /* CLOCK_??? */, {26097, 49586974}) = 0
3632  01:03:42 select(7, [3 4], [], NULL, NULL) = 1 (in [3])
3632  01:03:42 clock_gettime(0x7 /* CLOCK_??? */, {26097, 63115187}) = 0
3632  01:03:42 read(3, "\233\n\315z\354\2+\0\345a6pg\236\234C\5K\23\34\321\267\307R/\202\362\304\10\371D\203"..., 8192) = 3404
3632  01:03:42 clock_gettime(0x7 /* CLOCK_??? */, {26097, 63438012}) = 0
3632  01:03:42 clock_gettime(0x7 /* CLOCK_??? */, {26097, 63525474}) = 0
3632  01:03:42 select(7, [3 4], [5], NULL, NULL) = 1 (out [5])
3632  01:03:42 clock_gettime(0x7 /* CLOCK_??? */, {26097, 63729787}) = 0
3632  01:03:42 write(5, "\33[?25l\33[H\33(B\33[mtop - 09:02:40 up"..., 3363) = 3363
3632  01:03:42 clock_gettime(0x7 /* CLOCK_??? */, {26097, 88206962}) = 0
3632  01:03:42 clock_gettime(0x7 /* CLOCK_??? */, {26097, 88325834}) = 0
3632  01:03:42 select(7, [3 4], [], NULL, NULL) = 1 (in [4])
3632  01:03:43 clock_gettime(0x7 /* CLOCK_??? */, {26097, 327583514}) = 0
3632  01:03:43 read(4, "\33OD", 16384)  = 3
3632  01:03:43 clock_gettime(0x7 /* CLOCK_??? */, {26097, 327813916}) = 0
3632  01:03:43 clock_gettime(0x7 /* CLOCK_??? */, {26097, 327899459}) = 0
3632  01:03:43 select(7, [3 4], [3], NULL, NULL) = 1 (out [3])
3632  01:03:43 clock_gettime(0x7 /* CLOCK_??? */, {26097, 328167781}) = 0
3632  01:03:43 write(3, "\rN\244\300\301\246Y\365\325\220\227mGe\350\220\206l7\243+`yh\f~\230\304\371\35\305\10"..., 44) = 44
3632  01:03:43 clock_gettime(0x7 /* CLOCK_??? */, {26097, 328578127}) = 0
3632  01:03:43 clock_gettime(0x7 /* CLOCK_??? */, {26097, 328665869}) = 0
3632  01:03:43 select(7, [3 4], [], NULL, NULL) = 1 (in [3])
3632  01:03:43 clock_gettime(0x7 /* CLOCK_??? */, {26097, 343347907}) = 0
3632  01:03:43 read(3, "\31\2533\360\255U|H\10\362\345:\202E\331\271\354f4l\251~sf3v\360\6\216\6\372\217"..., 8192) = 3404
3632  01:03:43 clock_gettime(0x7 /* CLOCK_??? */, {26097, 343644867}) = 0
3632  01:03:43 clock_gettime(0x7 /* CLOCK_??? */, {26097, 343731301}) = 0
3632  01:03:43 select(7, [3 4], [5], NULL, NULL) = 1 (out [5])
3632  01:03:43 clock_gettime(0x7 /* CLOCK_??? */, {26097, 343927742}) = 0
3632  01:03:43 write(5, "\33[?25l\33[H\33(B\33[mtop - 09:02:40 up"..., 3363) = 3363
3632  01:03:43 clock_gettime(0x7 /* CLOCK_??? */, {26097, 344501488}) = 0
3632  01:03:43 clock_gettime(0x7 /* CLOCK_??? */, {26097, 344624323}) = 0
3632  01:03:43 select(7, [3 4], [], NULL, NULL) = 1 (in [4])
3632  01:03:43 clock_gettime(0x7 /* CLOCK_??? */, {26097, 639641539}) = 0
3632  01:03:43 read(4, "\33OB", 16384)  = 3
3632  01:03:43 clock_gettime(0x7 /* CLOCK_??? */, {26097, 639872533}) = 0
3632  01:03:43 clock_gettime(0x7 /* CLOCK_??? */, {26097, 640669277}) = 0
3632  01:03:43 select(7, [3 4], [3], NULL, NULL) = 1 (out [3])
3632  01:03:43 clock_gettime(0x7 /* CLOCK_??? */, {26097, 641166944}) = 0
3632  01:03:43 write(3, "&AsN\375\364\f\16\373\\c\316\372\273s\321\0\274+\214G\334\326b\273G\275U\300\262)\260"..., 44) = 44
3632  01:03:43 clock_gettime(0x7 /* CLOCK_??? */, {26097, 641674368}) = 0
3632  01:03:43 clock_gettime(0x7 /* CLOCK_??? */, {26097, 641764450}) = 0
3632  01:03:43 select(7, [3 4], [], NULL, NULL) = 1 (in [3])
3632  01:03:43 clock_gettime(0x7 /* CLOCK_??? */, {26097, 655053164}) = 0
3632  01:03:43 read(3, "Qr.\340\27\3435\212\250\323Ys\315\343x\270\333\266\240\205\1\\o\205\216E\212\202\262b%\365"..., 8192) = 3404
3632  01:03:43 clock_gettime(0x7 /* CLOCK_??? */, {26097, 655365190}) = 0
3632  01:03:43 clock_gettime(0x7 /* CLOCK_??? */, {26097, 655455933}) = 0
3632  01:03:43 select(7, [3 4], [5], NULL, NULL) = 1 (out [5])
3632  01:03:43 clock_gettime(0x7 /* CLOCK_??? */, {26097, 655654484}) = 0
3632  01:03:43 write(5, "\33[?25l\33[H\33(B\33[mtop - 09:02:40 up"..., 3367) = 3367
3632  01:03:43 clock_gettime(0x7 /* CLOCK_??? */, {26097, 655872128}) = 0
3632  01:03:43 clock_gettime(0x7 /* CLOCK_??? */, {26097, 656086279}) = 0
3632  01:03:43 select(7, [3 4], [], NULL, NULL) = 1 (in [4])
3632  01:03:43 clock_gettime(0x7 /* CLOCK_??? */, {26097, 906841255}) = 0
3632  01:03:43 read(4, "\33OA", 16384)  = 3
3632  01:03:43 clock_gettime(0x7 /* CLOCK_??? */, {26097, 907308699}) = 0
3632  01:03:43 clock_gettime(0x7 /* CLOCK_??? */, {26097, 907469109}) = 0
3632  01:03:43 select(7, [3 4], [3], NULL, NULL) = 1 (out [3])
3632  01:03:43 clock_gettime(0x7 /* CLOCK_??? */, {26097, 907834239}) = 0
3632  01:03:43 write(3, "\317\261\243?\234V\31\253\301\323}\317\265G\250)G\354\360\316\fS\256\342\vz\227\342\265p\244\16"..., 44) = 44
3632  01:03:43 clock_gettime(0x7 /* CLOCK_??? */, {26097, 908645526}) = 0
3632  01:03:43 clock_gettime(0x7 /* CLOCK_??? */, {26097, 908811904}) = 0
3632  01:03:43 select(7, [3 4], [], NULL, NULL) = 1 (in [3])
3632  01:03:43 clock_gettime(0x7 /* CLOCK_??? */, {26097, 921248535}) = 0
3632  01:03:43 read(3, "B?\201\22m4\267}R\207a\335\0M\343\317UT\24r\240$\333C{\32<\224\307\365\225\262"..., 8192) = 44
3632  01:03:43 clock_gettime(0x7 /* CLOCK_??? */, {26097, 921495836}) = 0
3632  01:03:43 clock_gettime(0x7 /* CLOCK_??? */, {26097, 921581308}) = 0
3632  01:03:43 select(7, [3 4], [5], NULL, NULL) = 1 (out [5])
3632  01:03:43 clock_gettime(0x7 /* CLOCK_??? */, {26097, 921778676}) = 0
3632  01:03:43 write(5, "\33[?25l", 6)  = 6
3632  01:03:43 clock_gettime(0x7 /* CLOCK_??? */, {26097, 922584530}) = 0
3632  01:03:43 clock_gettime(0x7 /* CLOCK_??? */, {26097, 922675669}) = 0
3632  01:03:43 select(7, [3 4], [], NULL, NULL) = 1 (in [3])
3632  01:03:43 clock_gettime(0x7 /* CLOCK_??? */, {26097, 931438016}) = 0
3632  01:03:43 read(3, "V\352\234w\"A\24\1a\"i:H\25geMr\215\307f\31$\214\2249\362\210\273\17\36\351"..., 8192) = 3396
3632  01:03:43 clock_gettime(0x7 /* CLOCK_??? */, {26097, 931735710}) = 0
3632  01:03:43 clock_gettime(0x7 /* CLOCK_??? */, {26097, 931820916}) = 0
3632  01:03:43 select(7, [3 4], [5], NULL, NULL) = 1 (out [5])
3632  01:03:43 clock_gettime(0x7 /* CLOCK_??? */, {26097, 932140911}) = 0
3632  01:03:43 write(5, "\33[H\33(B\33[mtop - 09:02:41 up  7:13"..., 3357) = 3357
3632  01:03:43 clock_gettime(0x7 /* CLOCK_??? */, {26097, 933403044}) = 0
3632  01:03:43 clock_gettime(0x7 /* CLOCK_??? */, {26097, 933464636}) = 0
3632  01:03:43 select(7, [3 4], [], NULL, NULL) = 1 (in [4])
3632  01:03:43 clock_gettime(0x7 /* CLOCK_??? */, {26098, 61321646}) = 0
3632  01:03:43 read(4, "\33OA", 16384)  = 3
3632  01:03:43 clock_gettime(0x7 /* CLOCK_??? */, {26098, 61556949}) = 0
3632  01:03:43 clock_gettime(0x7 /* CLOCK_??? */, {26098, 61642441}) = 0
3632  01:03:43 select(7, [3 4], [3], NULL, NULL) = 1 (out [3])
3632  01:03:43 clock_gettime(0x7 /* CLOCK_??? */, {26098, 61839082}) = 0
3632  01:03:43 write(3, "\23\374\354g\2017\356\327kp\377)SQ\221\263\327\320c\363?^\270\251\371\306i\210K\343\321\237"..., 44) = 44
3632  01:03:43 clock_gettime(0x7 /* CLOCK_??? */, {26098, 62534734}) = 0
3632  01:03:43 clock_gettime(0x7 /* CLOCK_??? */, {26098, 62700241}) = 0
3632  01:03:43 select(7, [3 4], [], NULL, NULL) = 1 (in [3])
3632  01:03:43 clock_gettime(0x7 /* CLOCK_??? */, {26098, 74195967}) = 0
3632  01:03:43 read(3, "\36\3\322\224\356\313\345\335\326\331\270\336\252n\177\10\327\305\10\0224bv\3035\\GA|R\6\216"..., 8192) = 44
3632  01:03:43 clock_gettime(0x7 /* CLOCK_??? */, {26098, 74614862}) = 0
3632  01:03:43 clock_gettime(0x7 /* CLOCK_??? */, {26098, 74751444}) = 0
3632  01:03:43 select(7, [3 4], [5], NULL, NULL) = 1 (out [5])
3632  01:03:43 clock_gettime(0x7 /* CLOCK_??? */, {26098, 75221169}) = 0
3632  01:03:43 write(5, "\33[?25l", 6)  = 6
3632  01:03:43 clock_gettime(0x7 /* CLOCK_??? */, {26098, 76170590}) = 0
3632  01:03:43 clock_gettime(0x7 /* CLOCK_??? */, {26098, 76335149}) = 0
3632  01:03:43 select(7, [3 4], [], NULL, NULL) = 1 (in [3])
3632  01:03:43 clock_gettime(0x7 /* CLOCK_??? */, {26098, 77369527}) = 0
3632  01:03:43 read(3, "\215\225+\324\nf\355\310%U\322\6\363\317\216\311f\5c\267\260\247a\347\202\231\302O\7\177>\17"..., 8192) = 3396
3632  01:03:43 clock_gettime(0x7 /* CLOCK_??? */, {26098, 77884267}) = 0
3632  01:03:43 clock_gettime(0x7 /* CLOCK_??? */, {26098, 78135677}) = 0
3632  01:03:43 select(7, [3 4], [5], NULL, NULL) = 1 (out [5])
3632  01:03:43 clock_gettime(0x7 /* CLOCK_??? */, {26098, 78533715}) = 0
3632  01:03:43 write(5, "\33[H\33(B\33[mtop - 09:02:41 up  7:13"..., 3361) = 3361
3632  01:03:43 clock_gettime(0x7 /* CLOCK_??? */, {26098, 81289552}) = 0
3632  01:03:43 clock_gettime(0x7 /* CLOCK_??? */, {26098, 81454628}) = 0
3632  01:03:43 select(7, [3 4], [], NULL, NULL) = 1 (in [4])
3632  01:03:44 clock_gettime(0x7 /* CLOCK_??? */, {26098, 236171334}) = 0
3632  01:03:44 read(4, "\33OA", 16384)  = 3
3632  01:03:44 clock_gettime(0x7 /* CLOCK_??? */, {26098, 236409284}) = 0
3632  01:03:44 clock_gettime(0x7 /* CLOCK_??? */, {26098, 236496299}) = 0
3632  01:03:44 select(7, [3 4], [3], NULL, NULL) = 1 (out [3])
3632  01:03:44 clock_gettime(0x7 /* CLOCK_??? */, {26098, 236692384}) = 0
3632  01:03:44 write(3, "\354\224\6\300t!\361\372\24\0[\303j\350\2632\1\367\331\6/\227[\303\301\16\333\7\350/\302\346"..., 44) = 44
3632  01:03:44 clock_gettime(0x7 /* CLOCK_??? */, {26098, 237397149}) = 0
3632  01:03:44 clock_gettime(0x7 /* CLOCK_??? */, {26098, 237495064}) = 0
3632  01:03:44 select(7, [3 4], [], NULL, NULL) = 1 (in [3])
3632  01:03:44 clock_gettime(0x7 /* CLOCK_??? */, {26098, 248837967}) = 0
3632  01:03:44 read(3, "\5\237n\3451}g\255*\333\253+\v\27+k\255\343\233\2i\267i0\251j\24-\245D+\n"..., 8192) = 3404
3632  01:03:44 clock_gettime(0x7 /* CLOCK_??? */, {26098, 249490797}) = 0
3632  01:03:44 clock_gettime(0x7 /* CLOCK_??? */, {26098, 249589248}) = 0
3632  01:03:44 select(7, [3 4], [5], NULL, NULL) = 1 (out [5])
3632  01:03:44 clock_gettime(0x7 /* CLOCK_??? */, {26098, 249812374}) = 0
3632  01:03:44 write(5, "\33[?25l\33[H\33(B\33[mtop - 09:02:41 up"..., 3363) = 3363
3632  01:03:44 clock_gettime(0x7 /* CLOCK_??? */, {26098, 251786391}) = 0
3632  01:03:44 clock_gettime(0x7 /* CLOCK_??? */, {26098, 251894083}) = 0
3632  01:03:44 select(7, [3 4], [], NULL, NULL) = 1 (in [4])
3632  01:03:44 clock_gettime(0x7 /* CLOCK_??? */, {26098, 469870751}) = 0
3632  01:03:44 read(4, "\33OB", 16384)  = 3
3632  01:03:44 clock_gettime(0x7 /* CLOCK_??? */, {26098, 470245893}) = 0
3632  01:03:44 clock_gettime(0x7 /* CLOCK_??? */, {26098, 470332552}) = 0
3632  01:03:44 select(7, [3 4], [3], NULL, NULL) = 1 (out [3])
3632  01:03:44 clock_gettime(0x7 /* CLOCK_??? */, {26098, 470535007}) = 0
3632  01:03:44 write(3, "\376\360\365\24|&'\204\353\6 :\344EF\234}\205\314(\253\257\335\320sS\236\333\366\330+\347"..., 44) = 44
3632  01:03:44 clock_gettime(0x7 /* CLOCK_??? */, {26098, 471100436}) = 0
3632  01:03:44 clock_gettime(0x7 /* CLOCK_??? */, {26098, 471195670}) = 0
3632  01:03:44 select(7, [3 4], [], NULL, NULL) = 1 (in [3])
3632  01:03:44 clock_gettime(0x7 /* CLOCK_??? */, {26098, 483627703}) = 0
3632  01:03:44 read(3, "-m\372/\367v\311\236\337\377\223\5\306B\331\240Q\340\214&\235S\20!\345H\274`\323\344\271@"..., 8192) = 3404
3632  01:03:44 clock_gettime(0x7 /* CLOCK_??? */, {26098, 484225465}) = 0
3632  01:03:44 clock_gettime(0x7 /* CLOCK_??? */, {26098, 484318564}) = 0
3632  01:03:44 select(7, [3 4], [5], NULL, NULL) = 1 (out [5])
3632  01:03:44 clock_gettime(0x7 /* CLOCK_??? */, {26098, 484554835}) = 0
3632  01:03:44 write(5, "\33[?25l\33[H\33(B\33[mtop - 09:02:41 up"..., 3367) = 3367
3632  01:03:44 clock_gettime(0x7 /* CLOCK_??? */, {26098, 486105130}) = 0
3632  01:03:44 clock_gettime(0x7 /* CLOCK_??? */, {26098, 486200349}) = 0
3632  01:03:44 select(7, [3 4], [], NULL, NULL) = 1 (in [4])
3632  01:03:44 clock_gettime(0x7 /* CLOCK_??? */, {26098, 655482817}) = 0
3632  01:03:44 read(4, "\33OB", 16384)  = 3
3632  01:03:44 clock_gettime(0x7 /* CLOCK_??? */, {26098, 655885747}) = 0
3632  01:03:44 clock_gettime(0x7 /* CLOCK_??? */, {26098, 656701398}) = 0
3632  01:03:44 select(7, [3 4], [3], NULL, NULL) = 1 (out [3])
3632  01:03:44 clock_gettime(0x7 /* CLOCK_??? */, {26098, 657128201}) = 0
3632  01:03:44 write(3, "\215\231r\335\304\362:\312\344+\221\0\0\346\263\17\344[N\0178\275\356\232\301\370&\30Yj\244\36"..., 44) = 44
3632  01:03:44 clock_gettime(0x7 /* CLOCK_??? */, {26098, 658271122}) = 0
3632  01:03:44 clock_gettime(0x7 /* CLOCK_??? */, {26098, 658424356}) = 0
3632  01:03:44 select(7, [3 4], [], NULL, NULL) = 1 (in [3])
3632  01:03:44 clock_gettime(0x7 /* CLOCK_??? */, {26098, 671262270}) = 0
3632  01:03:44 read(3, "\262\317}z\257\333\211\322c\274 \25f\362\212\230`\0\3227W\244R\366^\362\334\1r\205\16\267"..., 8192) = 2108
3632  01:03:44 clock_gettime(0x7 /* CLOCK_??? */, {26098, 671570738}) = 0
3632  01:03:44 clock_gettime(0x7 /* CLOCK_??? */, {26098, 671666874}) = 0
3632  01:03:44 select(7, [3 4], [5], NULL, NULL) = 1 (out [5])
3632  01:03:44 clock_gettime(0x7 /* CLOCK_??? */, {26098, 671886467}) = 0
3632  01:03:44 write(5, "\33[?25l\33[H\33(B\33[mtop - 09:02:41 up"..., 2067) = 2067
3632  01:03:44 clock_gettime(0x7 /* CLOCK_??? */, {26098, 673376632}) = 0
3632  01:03:44 clock_gettime(0x7 /* CLOCK_??? */, {26098, 673480205}) = 0
3632  01:03:44 select(7, [3 4], [], NULL, NULL) = 1 (in [3])
3632  01:03:44 clock_gettime(0x7 /* CLOCK_??? */, {26098, 673696375}) = 0
3632  01:03:44 read(3, "\244]/OD#\215O\6K\253A|\230\337\265\220\247\231\23G^*\242)\326{\352\235\355F{"..., 8192) = 1332
3632  01:03:44 clock_gettime(0x7 /* CLOCK_??? */, {26098, 674005815}) = 0
3632  01:03:44 clock_gettime(0x7 /* CLOCK_??? */, {26098, 674104271}) = 0
3632  01:03:44 select(7, [3 4], [5], NULL, NULL) = 1 (out [5])
3632  01:03:44 clock_gettime(0x7 /* CLOCK_??? */, {26098, 674319238}) = 0
3632  01:03:44 write(5, "  0.0   0:00.00 bioset          "..., 1296) = 1296
3632  01:03:44 clock_gettime(0x7 /* CLOCK_??? */, {26098, 675070961}) = 0
3632  01:03:44 clock_gettime(0x7 /* CLOCK_??? */, {26098, 675171141}) = 0
3632  01:03:44 select(7, [3 4], [], NULL, NULL) = 1 (in [4])
3632  01:03:44 clock_gettime(0x7 /* CLOCK_??? */, {26098, 821089159}) = 0
3632  01:03:44 read(4, "\33OB", 16384)  = 3
3632  01:03:44 clock_gettime(0x7 /* CLOCK_??? */, {26098, 821337772}) = 0
3632  01:03:44 clock_gettime(0x7 /* CLOCK_??? */, {26098, 821423114}) = 0
3632  01:03:44 select(7, [3 4], [3], NULL, NULL) = 1 (out [3])
3632  01:03:44 clock_gettime(0x7 /* CLOCK_??? */, {26098, 821620963}) = 0
3632  01:03:44 write(3, "o\214\37\20c\25\364\f\365\242X\1\212\353\250\32vL\315\246<,\313\31D@\243\201?\315t\326"..., 44) = 44
3632  01:03:44 clock_gettime(0x7 /* CLOCK_??? */, {26098, 822085481}) = 0
3632  01:03:44 clock_gettime(0x7 /* CLOCK_??? */, {26098, 822174029}) = 0
3632  01:03:44 select(7, [3 4], [], NULL, NULL) = 1 (in [3])
3632  01:03:44 clock_gettime(0x7 /* CLOCK_??? */, {26098, 832782004}) = 0
3632  01:03:44 read(3, "\237:]5\321l\3747\37\20K\245\7\345\2562I \334\367W\17\264\36\253\307P\0Q\354N\235"..., 8192) = 3404
3632  01:03:44 clock_gettime(0x7 /* CLOCK_??? */, {26098, 833084968}) = 0
3632  01:03:44 clock_gettime(0x7 /* CLOCK_??? */, {26098, 833135858}) = 0
3632  01:03:44 select(7, [3 4], [5], NULL, NULL) = 1 (out [5])
3632  01:03:44 clock_gettime(0x7 /* CLOCK_??? */, {26098, 833244148}) = 0
3632  01:03:44 write(5, "\33[?25l\33[H\33(B\33[mtop - 09:02:41 up"..., 3363) = 3363
3632  01:03:44 clock_gettime(0x7 /* CLOCK_??? */, {26098, 834131433}) = 0
3632  01:03:44 clock_gettime(0x7 /* CLOCK_??? */, {26098, 834185573}) = 0
3632  01:03:44 select(7, [3 4], [], NULL, NULL) = 1 (in [4])
3632  01:03:44 clock_gettime(0x7 /* CLOCK_??? */, {26098, 959532794}) = 0
3632  01:03:44 read(4, "\33OB", 16384)  = 3
3632  01:03:44 clock_gettime(0x7 /* CLOCK_??? */, {26098, 959783401}) = 0
3632  01:03:44 clock_gettime(0x7 /* CLOCK_??? */, {26098, 959869439}) = 0
3632  01:03:44 select(7, [3 4], [3], NULL, NULL) = 1 (out [3])
3632  01:03:44 clock_gettime(0x7 /* CLOCK_??? */, {26098, 960142803}) = 0
3632  01:03:44 write(3, "!Q=\343\316f\255\265\2637p\352\3353q>\31\375}Qf\376s\255\t\16\215\247\270\211\224-"..., 44) = 44
3632  01:03:44 clock_gettime(0x7 /* CLOCK_??? */, {26098, 961420815}) = 0
3632  01:03:44 clock_gettime(0x7 /* CLOCK_??? */, {26098, 961519867}) = 0
3632  01:03:44 select(7, [3 4], [], NULL, NULL) = 1 (in [3])
3632  01:03:44 clock_gettime(0x7 /* CLOCK_??? */, {26098, 971785735}) = 0
3632  01:03:44 read(3, "\31\10\304\275\214\317'P\303_t\203t\3205\310\336<$\314?_\244\247\342y\265\373>%\340`"..., 8192) = 3404
3632  01:03:44 clock_gettime(0x7 /* CLOCK_??? */, {26098, 972239243}) = 0
3632  01:03:44 clock_gettime(0x7 /* CLOCK_??? */, {26098, 972340525}) = 0
3632  01:03:44 select(7, [3 4], [5], NULL, NULL) = 1 (out [5])
3632  01:03:44 clock_gettime(0x7 /* CLOCK_??? */, {26098, 972563085}) = 0
3632  01:03:44 write(5, "\33[?25l\33[H\33(B\33[mtop - 09:02:42 up"..., 3367) = 3367
3632  01:03:44 clock_gettime(0x7 /* CLOCK_??? */, {26098, 974182165}) = 0
3632  01:03:44 clock_gettime(0x7 /* CLOCK_??? */, {26098, 974286389}) = 0
3632  01:03:44 select(7, [3 4], [], NULL, NULL) = 1 (in [4])
3632  01:03:44 clock_gettime(0x7 /* CLOCK_??? */, {26099, 89330481}) = 0
3632  01:03:44 read(4, "\33OB", 16384)  = 3
3632  01:03:44 clock_gettime(0x7 /* CLOCK_??? */, {26099, 89562662}) = 0
3632  01:03:44 clock_gettime(0x7 /* CLOCK_??? */, {26099, 89648038}) = 0
3632  01:03:44 select(7, [3 4], [3], NULL, NULL) = 1 (out [3])
3632  01:03:44 clock_gettime(0x7 /* CLOCK_??? */, {26099, 89841869}) = 0
3632  01:03:44 write(3, "3y\243\314\214h\34\340\5\333\230U\211\33D\17R\36\316\334\33XL\354M(\222!\270\225\5'"..., 44) = 44
3632  01:03:44 clock_gettime(0x7 /* CLOCK_??? */, {26099, 90407263}) = 0
3632  01:03:44 clock_gettime(0x7 /* CLOCK_??? */, {26099, 90495626}) = 0
3632  01:03:44 select(7, [3 4], [], NULL, NULL) = 1 (in [3])
3632  01:03:45 clock_gettime(0x7 /* CLOCK_??? */, {26099, 103186779}) = 0
3632  01:03:45 read(3, "T\222\254d_\215\232\271\3569t@\223@\372\f\277\220\363\332\262\316\224p$\2262h\202iO2"..., 8192) = 3404
3632  01:03:45 clock_gettime(0x7 /* CLOCK_??? */, {26099, 103409343}) = 0
3632  01:03:45 clock_gettime(0x7 /* CLOCK_??? */, {26099, 103468184}) = 0
3632  01:03:45 select(7, [3 4], [5], NULL, NULL) = 1 (out [5])
3632  01:03:45 clock_gettime(0x7 /* CLOCK_??? */, {26099, 103604640}) = 0
3632  01:03:45 write(5, "\33[?25l\33[H\33(B\33[mtop - 09:02:42 up"..., 3367) = 3367
3632  01:03:45 clock_gettime(0x7 /* CLOCK_??? */, {26099, 104663614}) = 0
3632  01:03:45 clock_gettime(0x7 /* CLOCK_??? */, {26099, 104731581}) = 0
3632  01:03:45 select(7, [3 4], [], NULL, NULL) = 1 (in [4])
3632  01:03:45 clock_gettime(0x7 /* CLOCK_??? */, {26099, 256333801}) = 0
3632  01:03:45 read(4, "\33OB", 16384)  = 3
3632  01:03:45 clock_gettime(0x7 /* CLOCK_??? */, {26099, 256571099}) = 0
3632  01:03:45 clock_gettime(0x7 /* CLOCK_??? */, {26099, 256655398}) = 0
3632  01:03:45 select(7, [3 4], [3], NULL, NULL) = 1 (out [3])
3632  01:03:45 clock_gettime(0x7 /* CLOCK_??? */, {26099, 256850541}) = 0
3632  01:03:45 write(3, "$\227\336\357_|e)\223\323s\264X\256\365xf\300;\222\300\323\tu\252r\263\31\n\261HZ"..., 44) = 44
3632  01:03:45 clock_gettime(0x7 /* CLOCK_??? */, {26099, 257387236}) = 0
3632  01:03:45 clock_gettime(0x7 /* CLOCK_??? */, {26099, 257474783}) = 0
3632  01:03:45 select(7, [3 4], [], NULL, NULL) = 1 (in [3])
3632  01:03:45 clock_gettime(0x7 /* CLOCK_??? */, {26099, 269829061}) = 0
3632  01:03:45 read(3, "\21s\4>e\240\266\4\250\272\375\271Aa\222}NO\353\317\253|>\241\r\\\2129\264\370\233\273"..., 8192) = 3404
3632  01:03:45 clock_gettime(0x7 /* CLOCK_??? */, {26099, 270568373}) = 0
3632  01:03:45 clock_gettime(0x7 /* CLOCK_??? */, {26099, 270698230}) = 0
3632  01:03:45 select(7, [3 4], [5], NULL, NULL) = 1 (out [5])
3632  01:03:45 clock_gettime(0x7 /* CLOCK_??? */, {26099, 270908677}) = 0
3632  01:03:45 write(5, "\33[?25l\33[H\33(B\33[mtop - 09:02:42 up"..., 3367) = 3367
3632  01:03:45 clock_gettime(0x7 /* CLOCK_??? */, {26099, 272659568}) = 0
3632  01:03:45 clock_gettime(0x7 /* CLOCK_??? */, {26099, 272753048}) = 0
3632  01:03:45 select(7, [3 4], [], NULL, NULL) = 1 (in [4])
3632  01:03:45 clock_gettime(0x7 /* CLOCK_??? */, {26099, 411331240}) = 0
3632  01:03:45 read(4, "\33OB", 16384)  = 3
3632  01:03:45 clock_gettime(0x7 /* CLOCK_??? */, {26099, 411563497}) = 0
3632  01:03:45 clock_gettime(0x7 /* CLOCK_??? */, {26099, 411650923}) = 0
3632  01:03:45 select(7, [3 4], [3], NULL, NULL) = 1 (out [3])
3632  01:03:45 clock_gettime(0x7 /* CLOCK_??? */, {26099, 411847830}) = 0
3632  01:03:45 write(3, "\336z\244\210\224=;:\236\312\367\2207(F\263O\307\r\332\276\364\32\n\373\230/\206KN)\305"..., 44) = 44
3632  01:03:45 clock_gettime(0x7 /* CLOCK_??? */, {26099, 412377063}) = 0
3632  01:03:45 clock_gettime(0x7 /* CLOCK_??? */, {26099, 412465357}) = 0
3632  01:03:45 select(7, [3 4], [], NULL, NULL) = 1 (in [3])
3632  01:03:45 clock_gettime(0x7 /* CLOCK_??? */, {26099, 424153434}) = 0
3632  01:03:45 read(3, "\302\334^\333\351n\262T\275P\330\20\256\327\337\27l\244\251\241\277\220o\274\304\307\22\35C\363+\276"..., 8192) = 3404
3632  01:03:45 clock_gettime(0x7 /* CLOCK_??? */, {26099, 424490285}) = 0
3632  01:03:45 clock_gettime(0x7 /* CLOCK_??? */, {26099, 424587418}) = 0
3632  01:03:45 select(7, [3 4], [5], NULL, NULL) = 1 (out [5])
3632  01:03:45 clock_gettime(0x7 /* CLOCK_??? */, {26099, 424811797}) = 0
3632  01:03:45 write(5, "\33[?25l\33[H\33(B\33[mtop - 09:02:42 up"..., 3367) = 3367
3632  01:03:45 clock_gettime(0x7 /* CLOCK_??? */, {26099, 426809713}) = 0
3632  01:03:45 clock_gettime(0x7 /* CLOCK_??? */, {26099, 426920997}) = 0
3632  01:03:45 select(7, [3 4], [], NULL, NULL) = 1 (in [4])
3632  01:03:45 clock_gettime(0x7 /* CLOCK_??? */, {26099, 608168980}) = 0
3632  01:03:45 read(4, "\33OB", 16384)  = 3
3632  01:03:45 clock_gettime(0x7 /* CLOCK_??? */, {26099, 608361700}) = 0
3632  01:03:45 clock_gettime(0x7 /* CLOCK_??? */, {26099, 608429918}) = 0
3632  01:03:45 select(7, [3 4], [3], NULL, NULL) = 1 (out [3])
3632  01:03:45 clock_gettime(0x7 /* CLOCK_??? */, {26099, 608586036}) = 0
3632  01:03:45 write(3, "T(v\250\v5\24\1[O\3M\7\325\375\346\310\215.>\337\256\324\307\32\300\200\216\354\t\301\232"..., 44) = 44
3632  01:03:45 clock_gettime(0x7 /* CLOCK_??? */, {26099, 609118672}) = 0
3632  01:03:45 clock_gettime(0x7 /* CLOCK_??? */, {26099, 609194735}) = 0
3632  01:03:45 select(7, [3 4], [], NULL, NULL) = 1 (in [3])
3632  01:03:45 clock_gettime(0x7 /* CLOCK_??? */, {26099, 618962237}) = 0
3632  01:03:45 read(3, "\35t\25.\7\232\6kk<f\201W3\37\323e\tc\6\341x\30\3742\357\320\25\263\361O]"..., 8192) = 3404
3632  01:03:45 clock_gettime(0x7 /* CLOCK_??? */, {26099, 619349362}) = 0
3632  01:03:45 clock_gettime(0x7 /* CLOCK_??? */, {26099, 619426331}) = 0
3632  01:03:45 select(7, [3 4], [5], NULL, NULL) = 1 (out [5])
3632  01:03:45 clock_gettime(0x7 /* CLOCK_??? */, {26099, 619604555}) = 0
3632  01:03:45 write(5, "\33[?25l\33[H\33(B\33[mtop - 09:02:42 up"..., 3367) = 3367
3632  01:03:45 clock_gettime(0x7 /* CLOCK_??? */, {26099, 621163373}) = 0
3632  01:03:45 clock_gettime(0x7 /* CLOCK_??? */, {26099, 621246335}) = 0
3632  01:03:45 select(7, [3 4], [], NULL, NULL) = 1 (in [4])
3632  01:03:45 clock_gettime(0x7 /* CLOCK_??? */, {26099, 794243426}) = 0
3632  01:03:45 read(4, "\33OB", 16384)  = 3
3632  01:03:45 clock_gettime(0x7 /* CLOCK_??? */, {26099, 794477466}) = 0
3632  01:03:45 clock_gettime(0x7 /* CLOCK_??? */, {26099, 794562693}) = 0
3632  01:03:45 select(7, [3 4], [3], NULL, NULL) = 1 (out [3])
3632  01:03:45 clock_gettime(0x7 /* CLOCK_??? */, {26099, 794756663}) = 0
3632  01:03:45 write(3, "8\fU]\271\256\372\333O\262Ej`A\276B\373\270k\2657Y\332\346PVsR\33R\34\317"..., 44) = 44
3632  01:03:45 clock_gettime(0x7 /* CLOCK_??? */, {26099, 795374946}) = 0
3632  01:03:45 clock_gettime(0x7 /* CLOCK_??? */, {26099, 795467464}) = 0
3632  01:03:45 select(7, [3 4], [], NULL, NULL) = 1 (in [3])
3632  01:03:45 clock_gettime(0x7 /* CLOCK_??? */, {26099, 807250946}) = 0
3632  01:03:45 read(3, "\207l\250\302p%\303\2721\7O\366B\346\373l\214\224\317F\316e`gU^g\263\241\237\nn"..., 8192) = 3404
3632  01:03:45 clock_gettime(0x7 /* CLOCK_??? */, {26099, 807780530}) = 0
3632  01:03:45 clock_gettime(0x7 /* CLOCK_??? */, {26099, 807877107}) = 0
3632  01:03:45 select(7, [3 4], [5], NULL, NULL) = 1 (out [5])
3632  01:03:45 clock_gettime(0x7 /* CLOCK_??? */, {26099, 808226441}) = 0
3632  01:03:45 write(5, "\33[?25l\33[H\33(B\33[mtop - 09:02:42 up"..., 3367) = 3367
3632  01:03:45 clock_gettime(0x7 /* CLOCK_??? */, {26099, 809817037}) = 0
3632  01:03:45 clock_gettime(0x7 /* CLOCK_??? */, {26099, 809919327}) = 0
3632  01:03:45 select(7, [3 4], [3], NULL, NULL) = 1 (out [3])
3632  01:03:45 clock_gettime(0x7 /* CLOCK_??? */, {26099, 810857463}) = 0
3632  01:03:45 write(3, "\352\36\230\33o'E\33\245$B-\354\3\313\31\16K2\320GEX\226\355\0\373\343n\6c\367"..., 36) = 36
3632  01:03:45 clock_gettime(0x7 /* CLOCK_??? */, {26099, 811437691}) = 0
3632  01:03:45 clock_gettime(0x7 /* CLOCK_??? */, {26099, 811536728}) = 0
3632  01:03:45 select(7, [3 4], [], NULL, NULL) = 1 (in [4])
3632  01:03:47 clock_gettime(0x7 /* CLOCK_??? */, {26101, 785223779}) = 0
3632  01:03:47 read(4, "\3", 16384)     = 1
3632  01:03:47 clock_gettime(0x7 /* CLOCK_??? */, {26101, 785457088}) = 0
3632  01:03:47 clock_gettime(0x7 /* CLOCK_??? */, {26101, 785542365}) = 0
3632  01:03:47 select(7, [3 4], [3], NULL, NULL) = 1 (out [3])
3632  01:03:47 clock_gettime(0x7 /* CLOCK_??? */, {26101, 785735879}) = 0
3632  01:03:47 write(3, "y\335\341\250\232\r<\10=)\377\20\320D\251\24\232<\237||m\321\344\220\360\341\0174\267U\35"..., 36) = 36
3632  01:03:47 clock_gettime(0x7 /* CLOCK_??? */, {26101, 786207899}) = 0
3632  01:03:47 clock_gettime(0x7 /* CLOCK_??? */, {26101, 786294869}) = 0
3632  01:03:47 select(7, [3 4], [], NULL, NULL) = 1 (in [3])
3632  01:03:47 clock_gettime(0x7 /* CLOCK_??? */, {26101, 842528626}) = 0
3632  01:03:47 read(3, "\370\345\0249Ib}X*\256\274\333\36oIiH\320\303\263k\377\16\200\232\337vz/\33\375N"..., 8192) = 68
3632  01:03:47 clock_gettime(0x7 /* CLOCK_??? */, {26101, 842777570}) = 0
3632  01:03:47 clock_gettime(0x7 /* CLOCK_??? */, {26101, 842862782}) = 0
3632  01:03:47 select(7, [3 4], [5], NULL, NULL) = 1 (out [5])
3632  01:03:47 clock_gettime(0x7 /* CLOCK_??? */, {26101, 843266225}) = 0
3632  01:03:47 write(5, "\33[?1l\33>\33[26;1H\r\n\33[?12l\33[?25h\33[K", 31) = 31
3632  01:03:47 clock_gettime(0x7 /* CLOCK_??? */, {26101, 844183339}) = 0
3632  01:03:47 clock_gettime(0x7 /* CLOCK_??? */, {26101, 844294238}) = 0
3632  01:03:47 select(7, [3 4], [], NULL, NULL) = 1 (in [3])
3632  01:03:47 clock_gettime(0x7 /* CLOCK_??? */, {26101, 851502969}) = 0
3632  01:03:47 read(3, "\257\2\373\31\302s\7\235\241\31\216\234\245\325Cq\33\344\310\346\223x\313\3\21\356\362\236Y\"'r"..., 8192) = 68
3632  01:03:47 clock_gettime(0x7 /* CLOCK_??? */, {26101, 851924060}) = 0
3632  01:03:47 clock_gettime(0x7 /* CLOCK_??? */, {26101, 852128068}) = 0
3632  01:03:47 select(7, [3 4], [5], NULL, NULL) = 1 (out [5])
3632  01:03:47 clock_gettime(0x7 /* CLOCK_??? */, {26101, 852335353}) = 0
3632  01:03:47 write(5, "\33]0;root@web11:~\7[root@web11 ~]#"..., 33) = 33
3632  01:03:47 clock_gettime(0x7 /* CLOCK_??? */, {26101, 853370953}) = 0
3632  01:03:47 clock_gettime(0x7 /* CLOCK_??? */, {26101, 853466357}) = 0
3632  01:03:47 select(7, [3 4], [], NULL, NULL) = 1 (in [4])
3632  01:03:51 clock_gettime(0x7 /* CLOCK_??? */, {26105, 392221224}) = 0
3632  01:03:51 read(4, "e", 16384)      = 1
3632  01:03:51 clock_gettime(0x7 /* CLOCK_??? */, {26105, 392462129}) = 0
3632  01:03:51 clock_gettime(0x7 /* CLOCK_??? */, {26105, 392547511}) = 0
3632  01:03:51 select(7, [3 4], [3], NULL, NULL) = 1 (out [3])
3632  01:03:51 clock_gettime(0x7 /* CLOCK_??? */, {26105, 392743611}) = 0
3632  01:03:51 write(3, "\17:3\3^\341\353\374Z\270\266\365\332\7\261\211tN\337\216Z~\353p\377\217\312\332\244\302\263\32"..., 36) = 36
3632  01:03:51 clock_gettime(0x7 /* CLOCK_??? */, {26105, 393255270}) = 0
3632  01:03:51 clock_gettime(0x7 /* CLOCK_??? */, {26105, 393343764}) = 0
3632  01:03:51 select(7, [3 4], [], NULL, NULL) = 1 (in [3])
3632  01:03:51 clock_gettime(0x7 /* CLOCK_??? */, {26105, 394953768}) = 0
3632  01:03:51 read(3, "<\0\252-{\rV\27\212\33[\33455lHz\306\305\247bB\314X\211>\224\316\265\352#0"..., 8192) = 36
3632  01:03:51 clock_gettime(0x7 /* CLOCK_??? */, {26105, 395271011}) = 0
3632  01:03:51 clock_gettime(0x7 /* CLOCK_??? */, {26105, 395356016}) = 0
3632  01:03:51 select(7, [3 4], [5], NULL, NULL) = 1 (out [5])
3632  01:03:51 clock_gettime(0x7 /* CLOCK_??? */, {26105, 395550242}) = 0
3632  01:03:51 write(5, "e", 1)         = 1
3632  01:03:51 clock_gettime(0x7 /* CLOCK_??? */, {26105, 396673650}) = 0
3632  01:03:51 clock_gettime(0x7 /* CLOCK_??? */, {26105, 396765050}) = 0
3632  01:03:51 select(7, [3 4], [], NULL, NULL) = 1 (in [4])
3632  01:03:51 clock_gettime(0x7 /* CLOCK_??? */, {26105, 646923527}) = 0
3632  01:03:51 read(4, "x", 16384)      = 1
3632  01:03:51 clock_gettime(0x7 /* CLOCK_??? */, {26105, 647106278}) = 0
3632  01:03:51 clock_gettime(0x7 /* CLOCK_??? */, {26105, 647160400}) = 0
3632  01:03:51 select(7, [3 4], [3], NULL, NULL) = 1 (out [3])
3632  01:03:51 clock_gettime(0x7 /* CLOCK_??? */, {26105, 647277688}) = 0
3632  01:03:51 write(3, "\354\343\27\215\n(\325\314\240\277\226n\311\227!\2\213@\372\222\344\216\22\265\261\235\345\\\330\345\37k"..., 36) = 36
3632  01:03:51 clock_gettime(0x7 /* CLOCK_??? */, {26105, 647495573}) = 0
3632  01:03:51 clock_gettime(0x7 /* CLOCK_??? */, {26105, 647548139}) = 0
3632  01:03:51 select(7, [3 4], [], NULL, NULL) = 1 (in [3])
3632  01:03:51 clock_gettime(0x7 /* CLOCK_??? */, {26105, 648210962}) = 0
3632  01:03:51 read(3, "\250a\303\200\213\202e\352\334\313P\234\1W\30\262\24\345\341,\211\32{\214Y\252\250\304\252K\30\230"..., 8192) = 36
3632  01:03:51 clock_gettime(0x7 /* CLOCK_??? */, {26105, 648353797}) = 0
3632  01:03:51 clock_gettime(0x7 /* CLOCK_??? */, {26105, 648409485}) = 0
3632  01:03:51 select(7, [3 4], [5], NULL, NULL) = 1 (out [5])
3632  01:03:51 clock_gettime(0x7 /* CLOCK_??? */, {26105, 648536836}) = 0
3632  01:03:51 write(5, "x", 1)         = 1
3632  01:03:51 clock_gettime(0x7 /* CLOCK_??? */, {26105, 648926705}) = 0
3632  01:03:51 clock_gettime(0x7 /* CLOCK_??? */, {26105, 648986407}) = 0
3632  01:03:51 select(7, [3 4], [], NULL, NULL) = 1 (in [4])
3632  01:03:51 clock_gettime(0x7 /* CLOCK_??? */, {26105, 828472231}) = 0
3632  01:03:51 read(4, "i", 16384)      = 1
3632  01:03:51 clock_gettime(0x7 /* CLOCK_??? */, {26105, 828858228}) = 0
3632  01:03:51 clock_gettime(0x7 /* CLOCK_??? */, {26105, 829012800}) = 0
3632  01:03:51 select(7, [3 4], [3], NULL, NULL) = 1 (out [3])
3632  01:03:51 clock_gettime(0x7 /* CLOCK_??? */, {26105, 829508803}) = 0
3632  01:03:51 write(3, "AgF|W\327\224XF\226V\313tC.\353I\321\6tA\305\323\203\17\327\230\351\322J\27\242"..., 36) = 36
3632  01:03:51 clock_gettime(0x7 /* CLOCK_??? */, {26105, 830405802}) = 0
3632  01:03:51 clock_gettime(0x7 /* CLOCK_??? */, {26105, 830697096}) = 0
3632  01:03:51 select(7, [3 4], [], NULL, NULL) = 1 (in [3])
3632  01:03:51 clock_gettime(0x7 /* CLOCK_??? */, {26105, 832011274}) = 0
3632  01:03:51 read(3, "\254\3\33\272\231N$\252t\\\264\236r\310\313py\376\263\272\206\336\312\312\1>\10\254y\244\333\276"..., 8192) = 36
3632  01:03:51 clock_gettime(0x7 /* CLOCK_??? */, {26105, 832567964}) = 0
3632  01:03:51 clock_gettime(0x7 /* CLOCK_??? */, {26105, 832656814}) = 0
3632  01:03:51 select(7, [3 4], [5], NULL, NULL) = 1 (out [5])
3632  01:03:51 clock_gettime(0x7 /* CLOCK_??? */, {26105, 832853295}) = 0
3632  01:03:51 write(5, "i", 1)         = 1
3632  01:03:51 clock_gettime(0x7 /* CLOCK_??? */, {26105, 833868835}) = 0
3632  01:03:51 clock_gettime(0x7 /* CLOCK_??? */, {26105, 834125942}) = 0
3632  01:03:51 select(7, [3 4], [], NULL, NULL) = 1 (in [4])
3632  01:03:51 clock_gettime(0x7 /* CLOCK_??? */, {26106, 9686539}) = 0
3632  01:03:51 read(4, "t", 16384)      = 1
3632  01:03:51 clock_gettime(0x7 /* CLOCK_??? */, {26106, 9827854}) = 0
3632  01:03:51 clock_gettime(0x7 /* CLOCK_??? */, {26106, 9869943}) = 0
3632  01:03:51 select(7, [3 4], [3], NULL, NULL) = 1 (out [3])
3632  01:03:51 clock_gettime(0x7 /* CLOCK_??? */, {26106, 10343945}) = 0
3632  01:03:51 write(3, "\314\257#\10`\377\362\335\203abo\335n\277\37\231\203\234I\311=,\357\256\375\353\265\177\247\357\242"..., 36) = 36
3632  01:03:51 clock_gettime(0x7 /* CLOCK_??? */, {26106, 10596658}) = 0
3632  01:03:51 clock_gettime(0x7 /* CLOCK_??? */, {26106, 10641305}) = 0
3632  01:03:51 select(7, [3 4], [], NULL, NULL) = 1 (in [3])
3632  01:03:51 clock_gettime(0x7 /* CLOCK_??? */, {26106, 11268563}) = 0
3632  01:03:51 read(3, "\221:\25\215$\23\343\311\276\240\260\\H\247\n=\242\324\236\363\32+~\r\373U\37\377\363\344\227\34"..., 8192) = 36
3632  01:03:51 clock_gettime(0x7 /* CLOCK_??? */, {26106, 11377137}) = 0
3632  01:03:51 clock_gettime(0x7 /* CLOCK_??? */, {26106, 11418784}) = 0
3632  01:03:51 select(7, [3 4], [5], NULL, NULL) = 1 (out [5])
3632  01:03:51 clock_gettime(0x7 /* CLOCK_??? */, {26106, 11514453}) = 0
3632  01:03:51 write(5, "t", 1)         = 1
3632  01:03:51 clock_gettime(0x7 /* CLOCK_??? */, {26106, 11845085}) = 0
3632  01:03:51 clock_gettime(0x7 /* CLOCK_??? */, {26106, 11889585}) = 0
3632  01:03:51 select(7, [3 4], [], NULL, NULL) = 1 (in [4])
3632  01:03:52 clock_gettime(0x7 /* CLOCK_??? */, {26106, 788912814}) = 0
3632  01:03:52 read(4, "\r", 16384)     = 1
3632  01:03:52 clock_gettime(0x7 /* CLOCK_??? */, {26106, 789297308}) = 0
3632  01:03:52 clock_gettime(0x7 /* CLOCK_??? */, {26106, 789396089}) = 0
3632  01:03:52 select(7, [3 4], [3], NULL, NULL) = 1 (out [3])
3632  01:03:52 clock_gettime(0x7 /* CLOCK_??? */, {26106, 789617256}) = 0
3632  01:03:52 write(3, "\325\241gp\342\364\313H\16d\300I\327\276b\246Y\231\311d\242z\252\376\274\20E\247\17\347\343\333"..., 36) = 36
3632  01:03:52 clock_gettime(0x7 /* CLOCK_??? */, {26106, 790759405}) = 0
3632  01:03:52 clock_gettime(0x7 /* CLOCK_??? */, {26106, 790860427}) = 0
3632  01:03:52 select(7, [3 4], [], NULL, NULL) = 1 (in [3])
3632  01:03:52 clock_gettime(0x7 /* CLOCK_??? */, {26106, 798333003}) = 0
3632  01:03:52 read(3, "\34\341\257\367\274\332\211'\220l\241\227\22c\345\226\254D\321\303\231\21\241\302\253\240\322\260H\0\243\20"..., 8192) = 220
3632  01:03:52 close(4)                 = 0
3632  01:03:52 clock_gettime(0x7 /* CLOCK_??? */, {26106, 798722417}) = 0
3632  01:03:52 clock_gettime(0x7 /* CLOCK_??? */, {26106, 798818453}) = 0
3632  01:03:52 select(7, [3], [5], NULL, NULL) = 1 (out [5])
3632  01:03:52 clock_gettime(0x7 /* CLOCK_??? */, {26106, 799038201}) = 0
3632  01:03:52 write(5, "\r\n\347\231\273\345\207\272\r\n", 10) = 10
3632  01:03:52 clock_gettime(0x7 /* CLOCK_??? */, {26106, 799948234}) = 0
3632  01:03:52 clock_gettime(0x7 /* CLOCK_??? */, {26106, 800137835}) = 0
3632  01:03:52 close(5)                 = 0
3632  01:03:52 ioctl(0, SNDCTL_TMR_STOP or SNDRV_TIMER_IOCTL_GINFO or TCSETSW, {B38400 opost isig icanon echo ...}) = 0
3632  01:03:52 close(6)                 = 0
3632  01:03:52 select(7, [3], [3], NULL, NULL) = 1 (out [3])
3632  01:03:52 clock_gettime(0x7 /* CLOCK_??? */, {26106, 852341663}) = 0
3632  01:03:52 write(3, "\267#\215\263\16 \221[\241\332A%4\306\26Y\2\234\237\361zt\16\255\370\210\365\2463Y\360?"..., 36) = 36
3632  01:03:52 rt_sigaction(SIGWINCH, NULL, {0x7fc448559c80, [], SA_RESTORER, 0x7fc447140250}, 8) = 0
3632  01:03:52 rt_sigaction(SIGWINCH, {SIG_DFL, [], SA_RESTORER, 0x7fc447140250}, NULL, 8) = 0
3632  01:03:52 write(3, "\300\333\6\342\266[\366\241~$Q\17\273\323\316_\356U\232Zu\30\2459\231\346\267\272\213\234/\212"..., 60) = 60
3632  01:03:52 ioctl(0, SNDCTL_TMR_TIMEBASE or SNDRV_TIMER_IOCTL_NEXT_DEVICE or TCGETS, {B38400 opost isig icanon echo ...}) = 0
3632  01:03:52 ioctl(1, SNDCTL_TMR_TIMEBASE or SNDRV_TIMER_IOCTL_NEXT_DEVICE or TCGETS, {B38400 opost isig icanon echo ...}) = 0
3632  01:03:52 ioctl(2, SNDCTL_TMR_TIMEBASE or SNDRV_TIMER_IOCTL_NEXT_DEVICE or TCGETS, {B38400 opost isig icanon echo ...}) = 0
3632  01:03:52 write(2, "Connection to 192.168.0.102 clos"..., 37) = 37
3632  01:03:52 shutdown(3, SHUT_RDWR)   = 0
3632  01:03:52 close(3)                 = 0
3632  01:03:52 exit_group(0)            = ?
3632  01:03:52 +++ exited with 0 +++
