3202  23:39:07 select(7, [3], [], NULL, NULL) = 1 (in [3])
3202  23:39:08 clock_gettime(0x7 /* CLOCK_??? */, {21022, 108914805}) = 0
3202  23:39:08 read(3, "kq\20\302\206p\ns\213O\317\252\322\\)\336\221\365o\301\301F\7t\337j\320\343\235\16\306\224"..., 8192) = 44
3202  23:39:08 getsockopt(3, SOL_TCP, TCP_NODELAY, [0], [4]) = 0
3202  23:39:08 setsockopt(3, SOL_TCP, TCP_NODELAY, [1], 4) = 0
3202  23:39:08 getsockname(3, {sa_family=AF_INET, sin_port=htons(53858), sin_addr=inet_addr("192.168.0.106")}, [16]) = 0
3202  23:39:08 setsockopt(3, SOL_IP, IP_TOS, [16], 4) = 0
3202  23:39:08 ioctl(0, TIOCGWINSZ, {ws_row=25, ws_col=88, ws_xpixel=0, ws_ypixel=0}) = 0
3202  23:39:08 clock_gettime(0x7 /* CLOCK_??? */, {21022, 150528991}) = 0
3202  23:39:08 clock_gettime(0x7 /* CLOCK_??? */, {21022, 150632629}) = 0
3202  23:39:08 select(7, [3], [3], NULL, NULL) = 1 (out [3])
3202  23:39:08 clock_gettime(0x7 /* CLOCK_??? */, {21022, 150898951}) = 0
3202  23:39:08 write(3, "\220\26\374{:\231\231Ygi\4\366)!m\243\0066P\354\261\225\324ze2+y\n\242\371z"..., 376) = 376
3202  23:39:08 clock_gettime(0x7 /* CLOCK_??? */, {21022, 151406491}) = 0
3202  23:39:08 clock_gettime(0x7 /* CLOCK_??? */, {21022, 151493025}) = 0
3202  23:39:08 select(7, [3], [], NULL, NULL) = 1 (in [3])
3202  23:39:08 clock_gettime(0x7 /* CLOCK_??? */, {21022, 186349904}) = 0
3202  23:39:08 read(3, "&\37\212\365\232d\302\31\230\220v\237\366%%&\226\273\0\373>\30o\t\247\10\236\363\240\324t\346"..., 8192) = 108
3202  23:39:08 clock_gettime(0x7 /* CLOCK_??? */, {21022, 186495370}) = 0
3202  23:39:08 clock_gettime(0x7 /* CLOCK_??? */, {21022, 186544214}) = 0
3202  23:39:08 select(7, [3 4], [], NULL, NULL) = 1 (in [3])
3202  23:39:08 clock_gettime(0x7 /* CLOCK_??? */, {21022, 215805407}) = 0
3202  23:39:08 read(3, "x\20\253l{\356\272E\362\332ap\353\245\266bO\201f\3E\362Qr\25\266\244(\341G\216E"..., 8192) = 92
3202  23:39:08 clock_gettime(0x7 /* CLOCK_??? */, {21022, 215952847}) = 0
3202  23:39:08 clock_gettime(0x7 /* CLOCK_??? */, {21022, 216001398}) = 0
3202  23:39:08 select(7, [3 4], [5], NULL, NULL) = 1 (out [5])
3202  23:39:08 clock_gettime(0x7 /* CLOCK_??? */, {21022, 216115552}) = 0
3202  23:39:08 write(5, "Last login: Sun Aug 13 06:14:59 "..., 58) = 58
3202  23:39:08 clock_gettime(0x7 /* CLOCK_??? */, {21022, 216638400}) = 0
3202  23:39:08 clock_gettime(0x7 /* CLOCK_??? */, {21022, 216689420}) = 0
3202  23:39:08 select(7, [3 4], [], NULL, NULL) = 1 (in [3])
3202  23:39:08 clock_gettime(0x7 /* CLOCK_??? */, {21022, 258034514}) = 0
3202  23:39:08 read(3, "th\251\36:\225\233aq\6\365V\303d\226wwfp\16\4\220\343\360\213^\224P\f\205\302\247"..., 8192) = 76
3202  23:39:08 clock_gettime(0x7 /* CLOCK_??? */, {21022, 258110745}) = 0
3202  23:39:08 clock_gettime(0x7 /* CLOCK_??? */, {21022, 258135945}) = 0
3202  23:39:08 select(7, [3 4], [5], NULL, NULL) = 1 (out [5])
3202  23:39:08 clock_gettime(0x7 /* CLOCK_??? */, {21022, 258195599}) = 0
3202  23:39:08 write(5, "\33]0;root@web11:~\7\33[?1034h[root@w"..., 41) = 41
3202  23:39:08 clock_gettime(0x7 /* CLOCK_??? */, {21022, 258614995}) = 0
3202  23:39:08 clock_gettime(0x7 /* CLOCK_??? */, {21022, 258643679}) = 0
3202  23:39:08 select(7, [3 4], [], NULL, NULL) = 1 (in [4])
3202  23:39:19 clock_gettime(0x7 /* CLOCK_??? */, {21033, 637975941}) = 0
3202  23:39:19 read(4, "n", 16384)      = 1
3202  23:39:19 clock_gettime(0x7 /* CLOCK_??? */, {21033, 638753273}) = 0
3202  23:39:19 clock_gettime(0x7 /* CLOCK_??? */, {21033, 638855818}) = 0
3202  23:39:19 select(7, [3 4], [3], NULL, NULL) = 1 (out [3])
3202  23:39:19 clock_gettime(0x7 /* CLOCK_??? */, {21033, 639129698}) = 0
3202  23:39:19 write(3, "\234\233\225\350\n\306\356LD\264\205\16+3\33\361\327pJ\222\216=\214d\35\230k%\311\242\273k"..., 36) = 36
3202  23:39:19 clock_gettime(0x7 /* CLOCK_??? */, {21033, 639567471}) = 0
3202  23:39:19 clock_gettime(0x7 /* CLOCK_??? */, {21033, 639689219}) = 0
3202  23:39:19 select(7, [3 4], [], NULL, NULL) = 1 (in [3])
3202  23:39:19 clock_gettime(0x7 /* CLOCK_??? */, {21033, 641197816}) = 0
3202  23:39:19 read(3, "\221\35\0\342s\204\30\33~d\242\33Yks\211\223\343\1\232\217\1\245\33A\303\205~\356\36p\374"..., 8192) = 36
3202  23:39:19 clock_gettime(0x7 /* CLOCK_??? */, {21033, 641464184}) = 0
3202  23:39:19 clock_gettime(0x7 /* CLOCK_??? */, {21033, 641549350}) = 0
3202  23:39:19 select(7, [3 4], [5], NULL, NULL) = 1 (out [5])
3202  23:39:19 clock_gettime(0x7 /* CLOCK_??? */, {21033, 641746463}) = 0
3202  23:39:19 write(5, "n", 1)         = 1
3202  23:39:19 clock_gettime(0x7 /* CLOCK_??? */, {21033, 642869797}) = 0
3202  23:39:19 clock_gettime(0x7 /* CLOCK_??? */, {21033, 643052182}) = 0
3202  23:39:19 select(7, [3 4], [], NULL, NULL) = 1 (in [4])
3202  23:39:19 clock_gettime(0x7 /* CLOCK_??? */, {21033, 795002643}) = 0
3202  23:39:19 read(4, "i", 16384)      = 1
3202  23:39:19 clock_gettime(0x7 /* CLOCK_??? */, {21033, 795238367}) = 0
3202  23:39:19 clock_gettime(0x7 /* CLOCK_??? */, {21033, 795321358}) = 0
3202  23:39:19 select(7, [3 4], [3], NULL, NULL) = 1 (out [3])
3202  23:39:19 clock_gettime(0x7 /* CLOCK_??? */, {21033, 795514051}) = 0
3202  23:39:19 write(3, "Q\352]\324\243\30\352\373\367[\362\215\274\367^?\375\344L\331kY\211r\221\205D\215\240\273\2K"..., 36) = 36
3202  23:39:19 clock_gettime(0x7 /* CLOCK_??? */, {21033, 796026406}) = 0
3202  23:39:19 clock_gettime(0x7 /* CLOCK_??? */, {21033, 796112585}) = 0
3202  23:39:19 select(7, [3 4], [], NULL, NULL) = 1 (in [3])
3202  23:39:19 clock_gettime(0x7 /* CLOCK_??? */, {21033, 797234504}) = 0
3202  23:39:19 read(3, "\233\22\214S\352x\36\23\273\327/+C\211h\241\265nS@\17\306V+W\374\272\335\314q&\36"..., 8192) = 36
3202  23:39:19 clock_gettime(0x7 /* CLOCK_??? */, {21033, 797449115}) = 0
3202  23:39:19 clock_gettime(0x7 /* CLOCK_??? */, {21033, 797533415}) = 0
3202  23:39:19 select(7, [3 4], [5], NULL, NULL) = 1 (out [5])
3202  23:39:19 clock_gettime(0x7 /* CLOCK_??? */, {21033, 797726884}) = 0
3202  23:39:19 write(5, "i", 1)         = 1
3202  23:39:19 clock_gettime(0x7 /* CLOCK_??? */, {21033, 798624640}) = 0
3202  23:39:19 clock_gettime(0x7 /* CLOCK_??? */, {21033, 798715689}) = 0
3202  23:39:19 select(7, [3 4], [], NULL, NULL) = 1 (in [4])
3202  23:39:19 clock_gettime(0x7 /* CLOCK_??? */, {21033, 964383787}) = 0
3202  23:39:19 read(4, "h", 16384)      = 1
3202  23:39:19 clock_gettime(0x7 /* CLOCK_??? */, {21033, 964613382}) = 0
3202  23:39:19 clock_gettime(0x7 /* CLOCK_??? */, {21033, 964695812}) = 0
3202  23:39:19 select(7, [3 4], [3], NULL, NULL) = 1 (out [3])
3202  23:39:19 clock_gettime(0x7 /* CLOCK_??? */, {21033, 964890148}) = 0
3202  23:39:19 write(3, "\366\212#*\7fF\337\203\230\351K\221)a\350\204\313;\275\263\302}\345K\253]\213m\334 \264"..., 36) = 36
3202  23:39:19 clock_gettime(0x7 /* CLOCK_??? */, {21033, 965475412}) = 0
3202  23:39:19 clock_gettime(0x7 /* CLOCK_??? */, {21033, 965561927}) = 0
3202  23:39:19 select(7, [3 4], [], NULL, NULL) = 1 (in [3])
3202  23:39:19 clock_gettime(0x7 /* CLOCK_??? */, {21033, 966824581}) = 0
3202  23:39:19 read(3, "\347\5\322\30\34\264dn\v\300\331\216\v1 B\344\25L\344\323\317&-L^\r\345\366\262\20\205"..., 8192) = 36
3202  23:39:19 clock_gettime(0x7 /* CLOCK_??? */, {21033, 967107912}) = 0
3202  23:39:19 clock_gettime(0x7 /* CLOCK_??? */, {21033, 967193530}) = 0
3202  23:39:19 select(7, [3 4], [5], NULL, NULL) = 1 (out [5])
3202  23:39:19 clock_gettime(0x7 /* CLOCK_??? */, {21033, 967392286}) = 0
3202  23:39:19 write(5, "h", 1)         = 1
3202  23:39:19 clock_gettime(0x7 /* CLOCK_??? */, {21033, 968109641}) = 0
3202  23:39:19 clock_gettime(0x7 /* CLOCK_??? */, {21033, 968198601}) = 0
3202  23:39:19 select(7, [3 4], [], NULL, NULL) = 1 (in [4])
3202  23:39:19 clock_gettime(0x7 /* CLOCK_??? */, {21034, 49474329}) = 0
3202  23:39:19 read(4, "a", 16384)      = 1
3202  23:39:19 clock_gettime(0x7 /* CLOCK_??? */, {21034, 49733837}) = 0
3202  23:39:19 clock_gettime(0x7 /* CLOCK_??? */, {21034, 49818582}) = 0
3202  23:39:19 select(7, [3 4], [3], NULL, NULL) = 1 (out [3])
3202  23:39:19 clock_gettime(0x7 /* CLOCK_??? */, {21034, 50070117}) = 0
3202  23:39:19 write(3, "\331\362e\221\34:\373\363[gV\303\257\261TM\260l\337\326fn\242l)\256A\t\3372\214\202"..., 36) = 36
3202  23:39:19 clock_gettime(0x7 /* CLOCK_??? */, {21034, 50549167}) = 0
3202  23:39:19 clock_gettime(0x7 /* CLOCK_??? */, {21034, 50640472}) = 0
3202  23:39:19 select(7, [3 4], [], NULL, NULL) = 1 (in [3])
3202  23:39:19 clock_gettime(0x7 /* CLOCK_??? */, {21034, 51752859}) = 0
3202  23:39:19 read(3, "C\260\16\tt\256fM$\341Q\344R\342\270k\35\354\35\252\10J=\27\37\220\2\32\31\273\25\306"..., 8192) = 36
3202  23:39:19 clock_gettime(0x7 /* CLOCK_??? */, {21034, 52139277}) = 0
3202  23:39:19 clock_gettime(0x7 /* CLOCK_??? */, {21034, 52227685}) = 0
3202  23:39:19 select(7, [3 4], [5], NULL, NULL) = 1 (out [5])
3202  23:39:19 clock_gettime(0x7 /* CLOCK_??? */, {21034, 52426727}) = 0
3202  23:39:19 write(5, "a", 1)         = 1
3202  23:39:19 clock_gettime(0x7 /* CLOCK_??? */, {21034, 53151359}) = 0
3202  23:39:19 clock_gettime(0x7 /* CLOCK_??? */, {21034, 53243731}) = 0
3202  23:39:19 select(7, [3 4], [], NULL, NULL) = 1 (in [4])
3202  23:39:20 clock_gettime(0x7 /* CLOCK_??? */, {21034, 161158250}) = 0
3202  23:39:20 read(4, "o", 16384)      = 1
3202  23:39:20 clock_gettime(0x7 /* CLOCK_??? */, {21034, 161393553}) = 0
3202  23:39:20 clock_gettime(0x7 /* CLOCK_??? */, {21034, 161478303}) = 0
3202  23:39:20 select(7, [3 4], [3], NULL, NULL) = 1 (out [3])
3202  23:39:20 clock_gettime(0x7 /* CLOCK_??? */, {21034, 161671803}) = 0
3202  23:39:20 write(3, "\262\235o\3610\344\10\340\377\354j.:\n\177t'\263P\327\217I\23\217\302Sq\331C[\265\331"..., 36) = 36
3202  23:39:20 clock_gettime(0x7 /* CLOCK_??? */, {21034, 162168793}) = 0
3202  23:39:20 clock_gettime(0x7 /* CLOCK_??? */, {21034, 162260670}) = 0
3202  23:39:20 select(7, [3 4], [], NULL, NULL) = 1 (in [3])
3202  23:39:20 clock_gettime(0x7 /* CLOCK_??? */, {21034, 163475191}) = 0
3202  23:39:20 read(3, "\242X\213\340\215\0\345E\v\361\247tw\250\335\n\17\2\362\341O\301\263\370\320\30\356\354Ru\200\t"..., 8192) = 36
3202  23:39:20 clock_gettime(0x7 /* CLOCK_??? */, {21034, 163769307}) = 0
3202  23:39:20 clock_gettime(0x7 /* CLOCK_??? */, {21034, 163855661}) = 0
3202  23:39:20 select(7, [3 4], [5], NULL, NULL) = 1 (out [5])
3202  23:39:20 clock_gettime(0x7 /* CLOCK_??? */, {21034, 164129721}) = 0
3202  23:39:20 write(5, "o", 1)         = 1
3202  23:39:20 clock_gettime(0x7 /* CLOCK_??? */, {21034, 164807969}) = 0
3202  23:39:20 clock_gettime(0x7 /* CLOCK_??? */, {21034, 164960892}) = 0
3202  23:39:20 select(7, [3 4], [], NULL, NULL) = 1 (in [4])
3202  23:39:20 clock_gettime(0x7 /* CLOCK_??? */, {21034, 274444658}) = 0
3202  23:39:20 read(4, " ", 16384)      = 1
3202  23:39:20 clock_gettime(0x7 /* CLOCK_??? */, {21034, 274572333}) = 0
3202  23:39:20 clock_gettime(0x7 /* CLOCK_??? */, {21034, 274617815}) = 0
3202  23:39:20 select(7, [3 4], [3], NULL, NULL) = 1 (out [3])
3202  23:39:20 clock_gettime(0x7 /* CLOCK_??? */, {21034, 274722161}) = 0
3202  23:39:20 write(3, "\227V\360]P(T\225\16]\211\350!_s>\201\266\352\33\v\261\210\264\253\304Ec(\2@\267"..., 36) = 36
3202  23:39:20 clock_gettime(0x7 /* CLOCK_??? */, {21034, 275019279}) = 0
3202  23:39:20 clock_gettime(0x7 /* CLOCK_??? */, {21034, 275068015}) = 0
3202  23:39:20 select(7, [3 4], [], NULL, NULL) = 1 (in [3])
3202  23:39:20 clock_gettime(0x7 /* CLOCK_??? */, {21034, 275936932}) = 0
3202  23:39:20 read(3, "*u\321\235\376\243\336\r\207\223\331C.\265\30\301\vH!\264`8\214E\267\245{z\276\25 \236"..., 8192) = 36
3202  23:39:20 clock_gettime(0x7 /* CLOCK_??? */, {21034, 276065525}) = 0
3202  23:39:20 clock_gettime(0x7 /* CLOCK_??? */, {21034, 276111232}) = 0
3202  23:39:20 select(7, [3 4], [5], NULL, NULL) = 1 (out [5])
3202  23:39:20 clock_gettime(0x7 /* CLOCK_??? */, {21034, 276216549}) = 0
3202  23:39:20 write(5, " ", 1)         = 1
3202  23:39:20 clock_gettime(0x7 /* CLOCK_??? */, {21034, 276815566}) = 0
3202  23:39:20 clock_gettime(0x7 /* CLOCK_??? */, {21034, 276869768}) = 0
3202  23:39:20 select(7, [3 4], [], NULL, NULL) = 1 (in [4])
3202  23:39:20 clock_gettime(0x7 /* CLOCK_??? */, {21034, 622204786}) = 0
3202  23:39:20 read(4, "w", 16384)      = 1
3202  23:39:20 clock_gettime(0x7 /* CLOCK_??? */, {21034, 622437729}) = 0
3202  23:39:20 clock_gettime(0x7 /* CLOCK_??? */, {21034, 622560079}) = 0
3202  23:39:20 select(7, [3 4], [3], NULL, NULL) = 1 (out [3])
3202  23:39:20 clock_gettime(0x7 /* CLOCK_??? */, {21034, 622775999}) = 0
3202  23:39:20 write(3, "\\\21\330 ]L\340\266/R\210M\322\236MI\247\277\310\213`Y\260\336\347IF\16\fSoN"..., 36) = 36
3202  23:39:20 clock_gettime(0x7 /* CLOCK_??? */, {21034, 623294142}) = 0
3202  23:39:20 clock_gettime(0x7 /* CLOCK_??? */, {21034, 623383813}) = 0
3202  23:39:20 select(7, [3 4], [], NULL, NULL) = 1 (in [3])
3202  23:39:20 clock_gettime(0x7 /* CLOCK_??? */, {21034, 624712847}) = 0
3202  23:39:20 read(3, "\312:\314X\207\10\203\4dK\212\320|i\5\263\371@}D\367\330k&\243\247y\216\244\303#P"..., 8192) = 36
3202  23:39:20 clock_gettime(0x7 /* CLOCK_??? */, {21034, 624940989}) = 0
3202  23:39:20 clock_gettime(0x7 /* CLOCK_??? */, {21034, 625098959}) = 0
3202  23:39:20 select(7, [3 4], [5], NULL, NULL) = 1 (out [5])
3202  23:39:20 clock_gettime(0x7 /* CLOCK_??? */, {21034, 625296973}) = 0
3202  23:39:20 write(5, "w", 1)         = 1
3202  23:39:20 clock_gettime(0x7 /* CLOCK_??? */, {21034, 626082943}) = 0
3202  23:39:20 clock_gettime(0x7 /* CLOCK_??? */, {21034, 626175165}) = 0
3202  23:39:20 select(7, [3 4], [], NULL, NULL) = 1 (in [4])
3202  23:39:20 clock_gettime(0x7 /* CLOCK_??? */, {21034, 685794088}) = 0
3202  23:39:20 read(4, "o", 16384)      = 1
3202  23:39:20 clock_gettime(0x7 /* CLOCK_??? */, {21034, 686052561}) = 0
3202  23:39:20 clock_gettime(0x7 /* CLOCK_??? */, {21034, 686121620}) = 0
3202  23:39:20 select(7, [3 4], [3], NULL, NULL) = 1 (out [3])
3202  23:39:20 clock_gettime(0x7 /* CLOCK_??? */, {21034, 686277185}) = 0
3202  23:39:20 write(3, "\225L\235\267s\312\245\262\255#\356\2513\223k0W/x\321\201\365\320Y*\304\244\37p\331<\20"..., 36) = 36
3202  23:39:20 clock_gettime(0x7 /* CLOCK_??? */, {21034, 686634134}) = 0
3202  23:39:20 clock_gettime(0x7 /* CLOCK_??? */, {21034, 686705042}) = 0
3202  23:39:20 select(7, [3 4], [], NULL, NULL) = 1 (in [3])
3202  23:39:20 clock_gettime(0x7 /* CLOCK_??? */, {21034, 687606482}) = 0
3202  23:39:20 read(3, "\30/E\23z\367\223\335\311\301\210&\320\v\327:\351\345\336\364i\275\30\353\351\v\250\355J\2601\341"..., 8192) = 36
3202  23:39:20 clock_gettime(0x7 /* CLOCK_??? */, {21034, 687781169}) = 0
3202  23:39:20 clock_gettime(0x7 /* CLOCK_??? */, {21034, 687848830}) = 0
3202  23:39:20 select(7, [3 4], [5], NULL, NULL) = 1 (out [5])
3202  23:39:20 clock_gettime(0x7 /* CLOCK_??? */, {21034, 688060737}) = 0
3202  23:39:20 write(5, "o", 1)         = 1
3202  23:39:20 clock_gettime(0x7 /* CLOCK_??? */, {21034, 688735452}) = 0
3202  23:39:20 clock_gettime(0x7 /* CLOCK_??? */, {21034, 688809250}) = 0
3202  23:39:20 select(7, [3 4], [], NULL, NULL) = 1 (in [4])
3202  23:39:20 clock_gettime(0x7 /* CLOCK_??? */, {21034, 870809168}) = 0
3202  23:39:20 read(4, "s", 16384)      = 1
3202  23:39:20 clock_gettime(0x7 /* CLOCK_??? */, {21034, 870979867}) = 0
3202  23:39:20 clock_gettime(0x7 /* CLOCK_??? */, {21034, 871021385}) = 0
3202  23:39:20 select(7, [3 4], [3], NULL, NULL) = 1 (out [3])
3202  23:39:20 clock_gettime(0x7 /* CLOCK_??? */, {21034, 871113768}) = 0
3202  23:39:20 write(3, "\256^\305\3257\17\32\270\26\301\rW^\361\260\333\327\373MMU$6z\20\355\353\\HC \20"..., 36) = 36
3202  23:39:20 clock_gettime(0x7 /* CLOCK_??? */, {21034, 871340401}) = 0
3202  23:39:20 clock_gettime(0x7 /* CLOCK_??? */, {21034, 871382529}) = 0
3202  23:39:20 select(7, [3 4], [], NULL, NULL) = 1 (in [3])
3202  23:39:20 clock_gettime(0x7 /* CLOCK_??? */, {21034, 872031452}) = 0
3202  23:39:20 read(3, "d\267\304o\t\273\251\374\2179\25\332}t0RPq\243]\35\312\221\301q\246@B\327Zq&"..., 8192) = 36
3202  23:39:20 clock_gettime(0x7 /* CLOCK_??? */, {21034, 872138390}) = 0
3202  23:39:20 clock_gettime(0x7 /* CLOCK_??? */, {21034, 872178961}) = 0
3202  23:39:20 select(7, [3 4], [5], NULL, NULL) = 1 (out [5])
3202  23:39:20 clock_gettime(0x7 /* CLOCK_??? */, {21034, 872270712}) = 0
3202  23:39:20 write(5, "s", 1)         = 1
3202  23:39:20 clock_gettime(0x7 /* CLOCK_??? */, {21034, 872701547}) = 0
3202  23:39:20 clock_gettime(0x7 /* CLOCK_??? */, {21034, 872768559}) = 0
3202  23:39:20 select(7, [3 4], [], NULL, NULL) = 1 (in [4])
3202  23:39:20 clock_gettime(0x7 /* CLOCK_??? */, {21034, 913105748}) = 0
3202  23:39:20 read(4, "h", 16384)      = 1
3202  23:39:20 clock_gettime(0x7 /* CLOCK_??? */, {21034, 913187854}) = 0
3202  23:39:20 clock_gettime(0x7 /* CLOCK_??? */, {21034, 913215666}) = 0
3202  23:39:20 select(7, [3 4], [3], NULL, NULL) = 1 (out [3])
3202  23:39:20 clock_gettime(0x7 /* CLOCK_??? */, {21034, 913279580}) = 0
3202  23:39:20 write(3, "\350o\201E\376\204\340<+'\rV\37\224\367\236\302\331\347\240\213\276<~h\376\344C\327\0\362\370"..., 36) = 36
3202  23:39:20 clock_gettime(0x7 /* CLOCK_??? */, {21034, 913433898}) = 0
3202  23:39:20 clock_gettime(0x7 /* CLOCK_??? */, {21034, 913462980}) = 0
3202  23:39:20 select(7, [3 4], [], NULL, NULL) = 1 (in [3])
3202  23:39:20 clock_gettime(0x7 /* CLOCK_??? */, {21034, 914136018}) = 0
3202  23:39:20 read(3, "\262\273\237:\345}\370\261\306\237r\260\210E>L?\263\232B\231\200\271\n\177qI\377\373\252\232\302"..., 8192) = 36
3202  23:39:20 clock_gettime(0x7 /* CLOCK_??? */, {21034, 914211694}) = 0
3202  23:39:20 clock_gettime(0x7 /* CLOCK_??? */, {21034, 914239697}) = 0
3202  23:39:20 select(7, [3 4], [5], NULL, NULL) = 1 (out [5])
3202  23:39:20 clock_gettime(0x7 /* CLOCK_??? */, {21034, 914302625}) = 0
3202  23:39:20 write(5, "h", 1)         = 1
3202  23:39:20 clock_gettime(0x7 /* CLOCK_??? */, {21034, 914571715}) = 0
3202  23:39:20 clock_gettime(0x7 /* CLOCK_??? */, {21034, 914602099}) = 0
3202  23:39:20 select(7, [3 4], [], NULL, NULL) = 1 (in [4])
3202  23:39:20 clock_gettime(0x7 /* CLOCK_??? */, {21035, 67655402}) = 0
3202  23:39:20 read(4, "i", 16384)      = 1
3202  23:39:20 clock_gettime(0x7 /* CLOCK_??? */, {21035, 67801407}) = 0
3202  23:39:20 clock_gettime(0x7 /* CLOCK_??? */, {21035, 67854189}) = 0
3202  23:39:20 select(7, [3 4], [3], NULL, NULL) = 1 (out [3])
3202  23:39:20 clock_gettime(0x7 /* CLOCK_??? */, {21035, 68031908}) = 0
3202  23:39:20 write(3, "\371:\264\263\244u+\315~\270b\265\351\375\301\314\16{F\16\246\316U\217|\363f\277v\354\20\22"..., 36) = 36
3202  23:39:20 clock_gettime(0x7 /* CLOCK_??? */, {21035, 68314500}) = 0
3202  23:39:20 clock_gettime(0x7 /* CLOCK_??? */, {21035, 68370382}) = 0
3202  23:39:20 select(7, [3 4], [], NULL, NULL) = 1 (in [3])
3202  23:39:20 clock_gettime(0x7 /* CLOCK_??? */, {21035, 69473968}) = 0
3202  23:39:20 read(3, "\32\202&Ye\300\217w\250~0\221\254\365#\315%*\327\222[\257\260\370\214\36\2i\276\4\tB"..., 8192) = 36
3202  23:39:20 clock_gettime(0x7 /* CLOCK_??? */, {21035, 69611955}) = 0
3202  23:39:20 clock_gettime(0x7 /* CLOCK_??? */, {21035, 69664860}) = 0
3202  23:39:20 select(7, [3 4], [5], NULL, NULL) = 1 (out [5])
3202  23:39:20 clock_gettime(0x7 /* CLOCK_??? */, {21035, 69785694}) = 0
3202  23:39:20 write(5, "i", 1)         = 1
3202  23:39:20 clock_gettime(0x7 /* CLOCK_??? */, {21035, 70313450}) = 0
3202  23:39:20 clock_gettime(0x7 /* CLOCK_??? */, {21035, 70371492}) = 0
3202  23:39:20 select(7, [3 4], [], NULL, NULL) = 1 (in [4])
3202  23:39:21 clock_gettime(0x7 /* CLOCK_??? */, {21035, 201083863}) = 0
3202  23:39:21 read(4, " ", 16384)      = 1
3202  23:39:21 clock_gettime(0x7 /* CLOCK_??? */, {21035, 201318275}) = 0
3202  23:39:21 clock_gettime(0x7 /* CLOCK_??? */, {21035, 201404849}) = 0
3202  23:39:21 select(7, [3 4], [3], NULL, NULL) = 1 (out [3])
3202  23:39:21 clock_gettime(0x7 /* CLOCK_??? */, {21035, 201599130}) = 0
3202  23:39:21 write(3, "\253\36\255u\300\261kN\312\334<\212\34TehX\300?_\353J!\1\257\17=l\214\22\330\201"..., 36) = 36
3202  23:39:21 clock_gettime(0x7 /* CLOCK_??? */, {21035, 202098657}) = 0
3202  23:39:21 clock_gettime(0x7 /* CLOCK_??? */, {21035, 202187922}) = 0
3202  23:39:21 select(7, [3 4], [], NULL, NULL) = 1 (in [3])
3202  23:39:21 clock_gettime(0x7 /* CLOCK_??? */, {21035, 203299072}) = 0
3202  23:39:21 read(3, "\256\234\305\177\357\r\353b\373\264\234V65,\325\256/R\214t\364d\217\300r$dgf\335%"..., 8192) = 36
3202  23:39:21 clock_gettime(0x7 /* CLOCK_??? */, {21035, 203517362}) = 0
3202  23:39:21 clock_gettime(0x7 /* CLOCK_??? */, {21035, 203639626}) = 0
3202  23:39:21 select(7, [3 4], [5], NULL, NULL) = 1 (out [5])
3202  23:39:21 clock_gettime(0x7 /* CLOCK_??? */, {21035, 203835606}) = 0
3202  23:39:21 write(5, " ", 1)         = 1
3202  23:39:21 clock_gettime(0x7 /* CLOCK_??? */, {21035, 204614994}) = 0
3202  23:39:21 clock_gettime(0x7 /* CLOCK_??? */, {21035, 204704624}) = 0
3202  23:39:21 select(7, [3 4], [], NULL, NULL) = 1 (in [4])
3202  23:39:21 clock_gettime(0x7 /* CLOCK_??? */, {21035, 683823703}) = 0
3202  23:39:21 read(4, "\r", 16384)     = 1
3202  23:39:21 clock_gettime(0x7 /* CLOCK_??? */, {21035, 684160570}) = 0
3202  23:39:21 clock_gettime(0x7 /* CLOCK_??? */, {21035, 684245906}) = 0
3202  23:39:21 select(7, [3 4], [3], NULL, NULL) = 1 (out [3])
3202  23:39:21 clock_gettime(0x7 /* CLOCK_??? */, {21035, 684440498}) = 0
3202  23:39:21 write(3, "\\P\5\t\320\351\16\326\363\252\221@0\f\224\245\21\302\246|\341\216K\262\206\277\332\260\332\237\354\17"..., 36) = 36
3202  23:39:21 clock_gettime(0x7 /* CLOCK_??? */, {21035, 684934217}) = 0
3202  23:39:21 clock_gettime(0x7 /* CLOCK_??? */, {21035, 685042024}) = 0
3202  23:39:21 select(7, [3 4], [], NULL, NULL) = 1 (in [3])
3202  23:39:21 clock_gettime(0x7 /* CLOCK_??? */, {21035, 687479611}) = 0
3202  23:39:21 read(3, "\365Q\f\26\231P\352$\10\311o&\231f\311\365\\\372\0260:W\311\27mQ\5\372\372\364\372\222"..., 8192) = 36
3202  23:39:21 clock_gettime(0x7 /* CLOCK_??? */, {21035, 687711517}) = 0
3202  23:39:21 clock_gettime(0x7 /* CLOCK_??? */, {21035, 687797074}) = 0
3202  23:39:21 select(7, [3 4], [5], NULL, NULL) = 1 (out [5])
3202  23:39:21 clock_gettime(0x7 /* CLOCK_??? */, {21035, 688112873}) = 0
3202  23:39:21 write(5, "\r\n", 2)      = 2
3202  23:39:21 clock_gettime(0x7 /* CLOCK_??? */, {21035, 689080214}) = 0
3202  23:39:21 clock_gettime(0x7 /* CLOCK_??? */, {21035, 689172286}) = 0
3202  23:39:21 select(7, [3 4], [], NULL, NULL) = 1 (in [3])
3202  23:39:21 clock_gettime(0x7 /* CLOCK_??? */, {21035, 693217648}) = 0
3202  23:39:21 read(3, "D\2667\212\312/\204\243\222\260n\277h\365\314\373\212\256\346\313\0,\3\371-\0240\324\327P;;"..., 8192) = 100
3202  23:39:21 clock_gettime(0x7 /* CLOCK_??? */, {21035, 693452400}) = 0
3202  23:39:21 clock_gettime(0x7 /* CLOCK_??? */, {21035, 693539721}) = 0
3202  23:39:21 select(7, [3 4], [5], NULL, NULL) = 1 (out [5])
3202  23:39:21 clock_gettime(0x7 /* CLOCK_??? */, {21035, 693737155}) = 0
3202  23:39:21 write(5, "-bash: nihao: \346\234\252\346\211\276\345\210\260\345\221\275\344\273\244\r\n\33"..., 64) = 64
3202  23:39:21 clock_gettime(0x7 /* CLOCK_??? */, {21035, 694984851}) = 0
3202  23:39:21 clock_gettime(0x7 /* CLOCK_??? */, {21035, 695084860}) = 0
3202  23:39:21 select(7, [3 4], [], NULL, NULL) = 1 (in [4])
3202  23:39:22 clock_gettime(0x7 /* CLOCK_??? */, {21036, 735686616}) = 0
3202  23:39:22 read(4, "l", 16384)      = 1
3202  23:39:22 clock_gettime(0x7 /* CLOCK_??? */, {21036, 735984816}) = 0
3202  23:39:22 clock_gettime(0x7 /* CLOCK_??? */, {21036, 736079348}) = 0
3202  23:39:22 select(7, [3 4], [3], NULL, NULL) = 1 (out [3])
3202  23:39:22 clock_gettime(0x7 /* CLOCK_??? */, {21036, 736275062}) = 0
3202  23:39:22 write(3, "\206\240q\34\306Hh\206\2229G\233;\313qp\36\214\2447\332\207\307C1\230C\30Cx\362\261"..., 36) = 36
3202  23:39:22 clock_gettime(0x7 /* CLOCK_??? */, {21036, 736723619}) = 0
3202  23:39:22 clock_gettime(0x7 /* CLOCK_??? */, {21036, 736813672}) = 0
3202  23:39:22 select(7, [3 4], [], NULL, NULL) = 1 (in [3])
3202  23:39:22 clock_gettime(0x7 /* CLOCK_??? */, {21036, 738054287}) = 0
3202  23:39:22 read(3, "C\222|\2064\336U\233vb\362\373\5\216#\263vx\30\201\275CY\336\275\207N1\257\223\241\371"..., 8192) = 36
3202  23:39:22 clock_gettime(0x7 /* CLOCK_??? */, {21036, 738281006}) = 0
3202  23:39:22 clock_gettime(0x7 /* CLOCK_??? */, {21036, 738366788}) = 0
3202  23:39:22 select(7, [3 4], [5], NULL, NULL) = 1 (out [5])
3202  23:39:22 clock_gettime(0x7 /* CLOCK_??? */, {21036, 738620202}) = 0
3202  23:39:22 write(5, "l", 1)         = 1
3202  23:39:22 clock_gettime(0x7 /* CLOCK_??? */, {21036, 739438033}) = 0
3202  23:39:22 clock_gettime(0x7 /* CLOCK_??? */, {21036, 739566211}) = 0
3202  23:39:22 select(7, [3 4], [], NULL, NULL) = 1 (in [4])
3202  23:39:22 clock_gettime(0x7 /* CLOCK_??? */, {21036, 870840420}) = 0
3202  23:39:22 read(4, "s", 16384)      = 1
3202  23:39:22 clock_gettime(0x7 /* CLOCK_??? */, {21036, 870951255}) = 0
3202  23:39:22 clock_gettime(0x7 /* CLOCK_??? */, {21036, 870979495}) = 0
3202  23:39:22 select(7, [3 4], [3], NULL, NULL) = 1 (out [3])
3202  23:39:22 clock_gettime(0x7 /* CLOCK_??? */, {21036, 871043512}) = 0
3202  23:39:22 write(3, "(\30\25\254t\203\201^/`\363\364\335\307\0009\301f\230{b\211\354\210+\10\27Q\31Q\331\370"..., 36) = 36
3202  23:39:22 clock_gettime(0x7 /* CLOCK_??? */, {21036, 871196539}) = 0
3202  23:39:22 clock_gettime(0x7 /* CLOCK_??? */, {21036, 871225199}) = 0
3202  23:39:22 select(7, [3 4], [], NULL, NULL) = 1 (in [3])
3202  23:39:22 clock_gettime(0x7 /* CLOCK_??? */, {21036, 871689887}) = 0
3202  23:39:22 read(3, "1\325\22\37&\377)\21\f\341\317ZnB\302\317\230\33c\367t\343\237\321\207l\353\344\347\372\36\270"..., 8192) = 36
3202  23:39:22 clock_gettime(0x7 /* CLOCK_??? */, {21036, 871762839}) = 0
3202  23:39:22 clock_gettime(0x7 /* CLOCK_??? */, {21036, 871790516}) = 0
3202  23:39:22 select(7, [3 4], [5], NULL, NULL) = 1 (out [5])
3202  23:39:22 clock_gettime(0x7 /* CLOCK_??? */, {21036, 871853306}) = 0
3202  23:39:22 write(5, "s", 1)         = 1
3202  23:39:22 clock_gettime(0x7 /* CLOCK_??? */, {21036, 872114204}) = 0
3202  23:39:22 clock_gettime(0x7 /* CLOCK_??? */, {21036, 872143942}) = 0
3202  23:39:22 select(7, [3 4], [], NULL, NULL) = 1 (in [4])
3202  23:39:22 clock_gettime(0x7 /* CLOCK_??? */, {21037, 50446136}) = 0
3202  23:39:22 read(4, "\r", 16384)     = 1
3202  23:39:22 clock_gettime(0x7 /* CLOCK_??? */, {21037, 50678448}) = 0
3202  23:39:22 clock_gettime(0x7 /* CLOCK_??? */, {21037, 50763995}) = 0
3202  23:39:22 select(7, [3 4], [3], NULL, NULL) = 1 (out [3])
3202  23:39:22 clock_gettime(0x7 /* CLOCK_??? */, {21037, 51024204}) = 0
3202  23:39:22 write(3, "\362\277\27H+\304\250,\226\232\351O\363&\27\232\16\350u\270\274\224p\31*d\t\253\243~\3167"..., 36) = 36
3202  23:39:22 clock_gettime(0x7 /* CLOCK_??? */, {21037, 51462899}) = 0
3202  23:39:22 clock_gettime(0x7 /* CLOCK_??? */, {21037, 51551648}) = 0
3202  23:39:22 select(7, [3 4], [], NULL, NULL) = 1 (in [3])
3202  23:39:22 clock_gettime(0x7 /* CLOCK_??? */, {21037, 54250442}) = 0
3202  23:39:22 read(3, "\305\320\245B\203j\362\326Q\320\272\370\24\356F\3703+\20\325\315\367wU\333W\337V\215\367\306["..., 8192) = 36
3202  23:39:22 clock_gettime(0x7 /* CLOCK_??? */, {21037, 54489374}) = 0
3202  23:39:22 clock_gettime(0x7 /* CLOCK_??? */, {21037, 54574966}) = 0
3202  23:39:22 select(7, [3 4], [5], NULL, NULL) = 1 (out [5])
3202  23:39:22 clock_gettime(0x7 /* CLOCK_??? */, {21037, 54771532}) = 0
3202  23:39:22 write(5, "\r\n", 2)      = 2
3202  23:39:22 clock_gettime(0x7 /* CLOCK_??? */, {21037, 55711362}) = 0
3202  23:39:22 clock_gettime(0x7 /* CLOCK_??? */, {21037, 55803850}) = 0
3202  23:39:22 select(7, [3 4], [], NULL, NULL) = 1 (in [3])
3202  23:39:23 clock_gettime(0x7 /* CLOCK_??? */, {21037, 123187604}) = 0
3202  23:39:23 read(3, "\375\211~wQ\372\26\0\307\25\t\303~\t5\307\271h@\277g\7w\233\324\375C<}\313R\1"..., 8192) = 340
3202  23:39:23 clock_gettime(0x7 /* CLOCK_??? */, {21037, 123448620}) = 0
3202  23:39:23 clock_gettime(0x7 /* CLOCK_??? */, {21037, 123535140}) = 0
3202  23:39:23 select(7, [3 4], [5], NULL, NULL) = 1 (out [5])
3202  23:39:23 clock_gettime(0x7 /* CLOCK_??? */, {21037, 123733715}) = 0
3202  23:39:23 write(5, "anaconda-ks.cfg  \33[0m\33[01;34mope"..., 304) = 304
3202  23:39:23 clock_gettime(0x7 /* CLOCK_??? */, {21037, 124875604}) = 0
3202  23:39:23 clock_gettime(0x7 /* CLOCK_??? */, {21037, 125043195}) = 0
3202  23:39:23 select(7, [3 4], [], NULL, NULL) = 1 (in [4])
3202  23:39:23 clock_gettime(0x7 /* CLOCK_??? */, {21037, 586654445}) = 0
3202  23:39:23 read(4, "c", 16384)      = 1
3202  23:39:23 clock_gettime(0x7 /* CLOCK_??? */, {21037, 586886931}) = 0
3202  23:39:23 clock_gettime(0x7 /* CLOCK_??? */, {21037, 587045818}) = 0
3202  23:39:23 select(7, [3 4], [3], NULL, NULL) = 1 (out [3])
3202  23:39:23 clock_gettime(0x7 /* CLOCK_??? */, {21037, 587293529}) = 0
3202  23:39:23 write(3, "\244\320y\232\356\267\257\214m\1\20;\226C\322\350\332S\34O\205\\\2\377\301q\v\305\217\263\220\241"..., 36) = 36
3202  23:39:23 clock_gettime(0x7 /* CLOCK_??? */, {21037, 587744071}) = 0
3202  23:39:23 clock_gettime(0x7 /* CLOCK_??? */, {21037, 587834168}) = 0
3202  23:39:23 select(7, [3 4], [], NULL, NULL) = 1 (in [3])
3202  23:39:23 clock_gettime(0x7 /* CLOCK_??? */, {21037, 589332958}) = 0
3202  23:39:23 read(3, "&{\n\234\26\200\347\336\247\315\316\35\2556\334x\306\224R\240\r\26\302\261{]\223\332\363\10\324\17"..., 8192) = 36
3202  23:39:23 clock_gettime(0x7 /* CLOCK_??? */, {21037, 589564087}) = 0
3202  23:39:23 clock_gettime(0x7 /* CLOCK_??? */, {21037, 589650285}) = 0
3202  23:39:23 select(7, [3 4], [5], NULL, NULL) = 1 (out [5])
3202  23:39:23 clock_gettime(0x7 /* CLOCK_??? */, {21037, 589845714}) = 0
3202  23:39:23 write(5, "c", 1)         = 1
3202  23:39:23 clock_gettime(0x7 /* CLOCK_??? */, {21037, 590594460}) = 0
3202  23:39:23 clock_gettime(0x7 /* CLOCK_??? */, {21037, 590685976}) = 0
3202  23:39:23 select(7, [3 4], [], NULL, NULL) = 1 (in [4])
3202  23:39:23 clock_gettime(0x7 /* CLOCK_??? */, {21037, 714318396}) = 0
3202  23:39:23 read(4, "d", 16384)      = 1
3202  23:39:23 clock_gettime(0x7 /* CLOCK_??? */, {21037, 714552136}) = 0
3202  23:39:23 clock_gettime(0x7 /* CLOCK_??? */, {21037, 714637483}) = 0
3202  23:39:23 select(7, [3 4], [3], NULL, NULL) = 1 (out [3])
3202  23:39:23 clock_gettime(0x7 /* CLOCK_??? */, {21037, 714830731}) = 0
3202  23:39:23 write(3, "Q\202,\347\223\343ka\v5\352\267\336F|s\277\214ez\265\31%\4|\310\362\202\nA\237\242"..., 36) = 36
3202  23:39:23 clock_gettime(0x7 /* CLOCK_??? */, {21037, 715327457}) = 0
3202  23:39:23 clock_gettime(0x7 /* CLOCK_??? */, {21037, 715417980}) = 0
3202  23:39:23 select(7, [3 4], [], NULL, NULL) = 1 (in [3])
3202  23:39:23 clock_gettime(0x7 /* CLOCK_??? */, {21037, 716650712}) = 0
3202  23:39:23 read(3, "A\205\356\273\363\274\247zr\331\366c1S\227\342\221l\232m!\373\337\335L\310*?\316v\3\227"..., 8192) = 36
3202  23:39:23 clock_gettime(0x7 /* CLOCK_??? */, {21037, 716875457}) = 0
3202  23:39:23 clock_gettime(0x7 /* CLOCK_??? */, {21037, 716962567}) = 0
3202  23:39:23 select(7, [3 4], [5], NULL, NULL) = 1 (out [5])
3202  23:39:23 clock_gettime(0x7 /* CLOCK_??? */, {21037, 717277089}) = 0
3202  23:39:23 write(5, "d", 1)         = 1
3202  23:39:23 clock_gettime(0x7 /* CLOCK_??? */, {21037, 717907960}) = 0
3202  23:39:23 clock_gettime(0x7 /* CLOCK_??? */, {21037, 718066065}) = 0
3202  23:39:23 select(7, [3 4], [], NULL, NULL) = 1 (in [4])
3202  23:39:23 clock_gettime(0x7 /* CLOCK_??? */, {21037, 911694715}) = 0
3202  23:39:23 read(4, " ", 16384)      = 1
3202  23:39:23 clock_gettime(0x7 /* CLOCK_??? */, {21037, 911925940}) = 0
3202  23:39:23 clock_gettime(0x7 /* CLOCK_??? */, {21037, 912212257}) = 0
3202  23:39:23 select(7, [3 4], [3], NULL, NULL) = 1 (out [3])
3202  23:39:23 clock_gettime(0x7 /* CLOCK_??? */, {21037, 912412337}) = 0
3202  23:39:23 write(3, "P\2322\232\213V:J\225\331\235:\341\2662\220\323)Z\215\266G\327\211\334\355\345\4\7\311Qj"..., 36) = 36
3202  23:39:23 clock_gettime(0x7 /* CLOCK_??? */, {21037, 912807343}) = 0
3202  23:39:23 clock_gettime(0x7 /* CLOCK_??? */, {21037, 912895105}) = 0
3202  23:39:23 select(7, [3 4], [], NULL, NULL) = 1 (in [3])
3202  23:39:23 clock_gettime(0x7 /* CLOCK_??? */, {21037, 913997240}) = 0
3202  23:39:23 read(3, "\205\324\362\31\232\243)I\223t\266\236\313\307R\202\325\207d!\2436\35\321\210f\372g\7\343Vp"..., 8192) = 36
3202  23:39:23 clock_gettime(0x7 /* CLOCK_??? */, {21037, 914229611}) = 0
3202  23:39:23 clock_gettime(0x7 /* CLOCK_??? */, {21037, 914315294}) = 0
3202  23:39:23 select(7, [3 4], [5], NULL, NULL) = 1 (out [5])
3202  23:39:23 clock_gettime(0x7 /* CLOCK_??? */, {21037, 914508618}) = 0
3202  23:39:23 write(5, " ", 1)         = 1
3202  23:39:23 clock_gettime(0x7 /* CLOCK_??? */, {21037, 915244314}) = 0
3202  23:39:23 clock_gettime(0x7 /* CLOCK_??? */, {21037, 915372317}) = 0
3202  23:39:23 select(7, [3 4], [], NULL, NULL) = 1 (in [4])
3202  23:39:23 clock_gettime(0x7 /* CLOCK_??? */, {21038, 89360033}) = 0
3202  23:39:23 read(4, "\r", 16384)     = 1
3202  23:39:23 clock_gettime(0x7 /* CLOCK_??? */, {21038, 89592259}) = 0
3202  23:39:23 clock_gettime(0x7 /* CLOCK_??? */, {21038, 89677686}) = 0
3202  23:39:23 select(7, [3 4], [3], NULL, NULL) = 1 (out [3])
3202  23:39:23 clock_gettime(0x7 /* CLOCK_??? */, {21038, 89871847}) = 0
3202  23:39:23 write(3, "`\332[\227\363\377K\351\363F\31\354\23x2\357b\264\276\340N~\245\241\273\324d\254\262\374\345\332"..., 36) = 36
3202  23:39:23 clock_gettime(0x7 /* CLOCK_??? */, {21038, 90380789}) = 0
3202  23:39:23 clock_gettime(0x7 /* CLOCK_??? */, {21038, 90470055}) = 0
3202  23:39:23 select(7, [3 4], [], NULL, NULL) = 1 (in [3])
3202  23:39:24 clock_gettime(0x7 /* CLOCK_??? */, {21038, 140562670}) = 0
3202  23:39:24 read(3, "\376\304N\255\356\f\32=k\0253\226M!\214\252w\372\330\37\260\3l\253*\243\251b\376X\342\335"..., 8192) = 36
3202  23:39:24 clock_gettime(0x7 /* CLOCK_??? */, {21038, 140801115}) = 0
3202  23:39:24 clock_gettime(0x7 /* CLOCK_??? */, {21038, 140886803}) = 0
3202  23:39:24 select(7, [3 4], [5], NULL, NULL) = 1 (out [5])
3202  23:39:24 clock_gettime(0x7 /* CLOCK_??? */, {21038, 141210770}) = 0
3202  23:39:24 write(5, "\r\n", 2)      = 2
3202  23:39:24 clock_gettime(0x7 /* CLOCK_??? */, {21038, 142087974}) = 0
3202  23:39:24 clock_gettime(0x7 /* CLOCK_??? */, {21038, 142179770}) = 0
3202  23:39:24 select(7, [3 4], [], NULL, NULL) = 1 (in [3])
3202  23:39:24 clock_gettime(0x7 /* CLOCK_??? */, {21038, 142371646}) = 0
3202  23:39:24 read(3, "X\372\362\251\6\223\221\276\350\204\222\323\274$\301 k\261\34\2\345\220tN\362\240\213z\232\212\232\203"..., 8192) = 68
3202  23:39:24 clock_gettime(0x7 /* CLOCK_??? */, {21038, 142616962}) = 0
3202  23:39:24 clock_gettime(0x7 /* CLOCK_??? */, {21038, 142703772}) = 0
3202  23:39:24 select(7, [3 4], [5], NULL, NULL) = 1 (out [5])
3202  23:39:24 clock_gettime(0x7 /* CLOCK_??? */, {21038, 142895703}) = 0
3202  23:39:24 write(5, "\33]0;root@web11:~\7[root@web11 ~]#"..., 33) = 33
3202  23:39:24 clock_gettime(0x7 /* CLOCK_??? */, {21038, 145355096}) = 0
3202  23:39:24 clock_gettime(0x7 /* CLOCK_??? */, {21038, 145445966}) = 0
3202  23:39:24 select(7, [3 4], [], NULL, NULL) = 1 (in [4])
3202  23:39:25 clock_gettime(0x7 /* CLOCK_??? */, {21039, 479918253}) = 0
3202  23:39:25 read(4, ".", 16384)      = 1
3202  23:39:25 clock_gettime(0x7 /* CLOCK_??? */, {21039, 480220827}) = 0
3202  23:39:25 clock_gettime(0x7 /* CLOCK_??? */, {21039, 480306921}) = 0
3202  23:39:25 select(7, [3 4], [3], NULL, NULL) = 1 (out [3])
3202  23:39:25 clock_gettime(0x7 /* CLOCK_??? */, {21039, 480501888}) = 0
3202  23:39:25 write(3, "\322\331\2756E\3671\202\5\177\222\336\343\324\346\315\34g{\351\260\377\245\230\355\237>\332\23s\221:"..., 36) = 36
3202  23:39:25 clock_gettime(0x7 /* CLOCK_??? */, {21039, 480919461}) = 0
3202  23:39:25 clock_gettime(0x7 /* CLOCK_??? */, {21039, 481092439}) = 0
3202  23:39:25 select(7, [3 4], [], NULL, NULL) = 1 (in [3])
3202  23:39:25 clock_gettime(0x7 /* CLOCK_??? */, {21039, 482373114}) = 0
3202  23:39:25 read(3, "\213\315\316\376\26\345P,|\203\361(O}v\363rq\261+\301\2_\347\360:W\325\2\33\364\247"..., 8192) = 36
3202  23:39:25 clock_gettime(0x7 /* CLOCK_??? */, {21039, 482599062}) = 0
3202  23:39:25 clock_gettime(0x7 /* CLOCK_??? */, {21039, 482684383}) = 0
3202  23:39:25 select(7, [3 4], [5], NULL, NULL) = 1 (out [5])
3202  23:39:25 clock_gettime(0x7 /* CLOCK_??? */, {21039, 482880348}) = 0
3202  23:39:25 write(5, ".", 1)         = 1
3202  23:39:25 clock_gettime(0x7 /* CLOCK_??? */, {21039, 483183589}) = 0
3202  23:39:25 clock_gettime(0x7 /* CLOCK_??? */, {21039, 483271251}) = 0
3202  23:39:25 select(7, [3 4], [], NULL, NULL) = 1 (in [4])
3202  23:39:25 clock_gettime(0x7 /* CLOCK_??? */, {21039, 659815538}) = 0
3202  23:39:25 read(4, ".", 16384)      = 1
3202  23:39:25 clock_gettime(0x7 /* CLOCK_??? */, {21039, 660117731}) = 0
3202  23:39:25 clock_gettime(0x7 /* CLOCK_??? */, {21039, 660243303}) = 0
3202  23:39:25 select(7, [3 4], [3], NULL, NULL) = 1 (out [3])
3202  23:39:25 clock_gettime(0x7 /* CLOCK_??? */, {21039, 660443693}) = 0
3202  23:39:25 write(3, "\200\357\316\306\3Hvc-\261\301\313\240\0250f\326,\355\312\252\355\370\352iO\245\273\334\360\234\206"..., 36) = 36
3202  23:39:25 clock_gettime(0x7 /* CLOCK_??? */, {21039, 660894781}) = 0
3202  23:39:25 clock_gettime(0x7 /* CLOCK_??? */, {21039, 661045629}) = 0
3202  23:39:25 select(7, [3 4], [], NULL, NULL) = 1 (in [3])
3202  23:39:25 clock_gettime(0x7 /* CLOCK_??? */, {21039, 661855177}) = 0
3202  23:39:25 read(3, "\205W\241\340^\35\331\227'\301\216+2L\273\303U\375\336\1\202\237E\245/9\316\226\355Y;f"..., 8192) = 36
3202  23:39:25 clock_gettime(0x7 /* CLOCK_??? */, {21039, 662138788}) = 0
3202  23:39:25 clock_gettime(0x7 /* CLOCK_??? */, {21039, 662223609}) = 0
3202  23:39:25 select(7, [3 4], [5], NULL, NULL) = 1 (out [5])
3202  23:39:25 clock_gettime(0x7 /* CLOCK_??? */, {21039, 662418837}) = 0
3202  23:39:25 write(5, ".", 1)         = 1
3202  23:39:25 clock_gettime(0x7 /* CLOCK_??? */, {21039, 663129217}) = 0
3202  23:39:25 clock_gettime(0x7 /* CLOCK_??? */, {21039, 663221279}) = 0
3202  23:39:25 select(7, [3 4], [], NULL, NULL) = 1 (in [4])
3202  23:39:25 clock_gettime(0x7 /* CLOCK_??? */, {21039, 969130309}) = 0
3202  23:39:25 read(4, "\r", 16384)     = 1
3202  23:39:25 clock_gettime(0x7 /* CLOCK_??? */, {21039, 969371275}) = 0
3202  23:39:25 clock_gettime(0x7 /* CLOCK_??? */, {21039, 969459849}) = 0
3202  23:39:25 select(7, [3 4], [3], NULL, NULL) = 1 (out [3])
3202  23:39:25 clock_gettime(0x7 /* CLOCK_??? */, {21039, 969657197}) = 0
3202  23:39:25 write(3, "\33gP\217\f M\n-1\327\205\254p\335\273z\26\337\343?\25J5?\371At\32\213\242S"..., 36) = 36
3202  23:39:25 clock_gettime(0x7 /* CLOCK_??? */, {21039, 970143970}) = 0
3202  23:39:25 clock_gettime(0x7 /* CLOCK_??? */, {21039, 970233671}) = 0
3202  23:39:25 select(7, [3 4], [], NULL, NULL) = 1 (in [3])
3202  23:39:25 clock_gettime(0x7 /* CLOCK_??? */, {21039, 973265550}) = 0
3202  23:39:25 read(3, "\233~8\rr30\272$\377\377{\266\336&9\247\311\315\245u\317\331RQ_\223\flM\3173"..., 8192) = 36
3202  23:39:25 clock_gettime(0x7 /* CLOCK_??? */, {21039, 973669898}) = 0
3202  23:39:25 clock_gettime(0x7 /* CLOCK_??? */, {21039, 973827361}) = 0
3202  23:39:25 select(7, [3 4], [5], NULL, NULL) = 1 (out [5])
3202  23:39:25 clock_gettime(0x7 /* CLOCK_??? */, {21039, 974494414}) = 0
3202  23:39:25 write(5, "\r\n", 2)      = 2
3202  23:39:25 clock_gettime(0x7 /* CLOCK_??? */, {21039, 978379393}) = 0
3202  23:39:25 clock_gettime(0x7 /* CLOCK_??? */, {21039, 978566443}) = 0
3202  23:39:25 select(7, [3 4], [], NULL, NULL) = 1 (in [3])
3202  23:39:25 clock_gettime(0x7 /* CLOCK_??? */, {21039, 979222711}) = 0
3202  23:39:25 read(3, "c\344k\214\177\351\246Q\230\220\265\313\26\337\325\240\3266s\215\324v\304\3767$y\321\311\5@q"..., 8192) = 100
3202  23:39:25 clock_gettime(0x7 /* CLOCK_??? */, {21039, 979666112}) = 0
3202  23:39:25 clock_gettime(0x7 /* CLOCK_??? */, {21039, 979828181}) = 0
3202  23:39:25 select(7, [3 4], [5], NULL, NULL) = 1 (out [5])
3202  23:39:25 clock_gettime(0x7 /* CLOCK_??? */, {21039, 980387196}) = 0
3202  23:39:25 write(5, "-bash: ..: \346\234\252\346\211\276\345\210\260\345\221\275\344\273\244\r\n\33]0;"..., 61) = 61
3202  23:39:25 clock_gettime(0x7 /* CLOCK_??? */, {21039, 981946271}) = 0
3202  23:39:25 clock_gettime(0x7 /* CLOCK_??? */, {21039, 982232759}) = 0
3202  23:39:25 select(7, [3 4], [], NULL, NULL) = 1 (in [4])
3202  23:39:26 clock_gettime(0x7 /* CLOCK_??? */, {21040, 724450163}) = 0
3202  23:39:26 read(4, "c", 16384)      = 1
3202  23:39:26 clock_gettime(0x7 /* CLOCK_??? */, {21040, 724684439}) = 0
3202  23:39:26 clock_gettime(0x7 /* CLOCK_??? */, {21040, 724769710}) = 0
3202  23:39:26 select(7, [3 4], [3], NULL, NULL) = 1 (out [3])
3202  23:39:26 clock_gettime(0x7 /* CLOCK_??? */, {21040, 724965079}) = 0
3202  23:39:26 write(3, "k9lr\370\242\247\4Ln{\375\327\262\334C\303\316l+\245\277fc\202(G\375\314[\4\37"..., 36) = 36
3202  23:39:26 clock_gettime(0x7 /* CLOCK_??? */, {21040, 725515515}) = 0
3202  23:39:26 clock_gettime(0x7 /* CLOCK_??? */, {21040, 725608268}) = 0
3202  23:39:26 select(7, [3 4], [], NULL, NULL) = 1 (in [3])
3202  23:39:26 clock_gettime(0x7 /* CLOCK_??? */, {21040, 727299066}) = 0
3202  23:39:26 read(3, "zd\0\333\2B\3113:\320>\222\361&\205\34 \235;\374\344\321\\\371\253\"\354\254z-\222\253"..., 8192) = 36
3202  23:39:26 clock_gettime(0x7 /* CLOCK_??? */, {21040, 727534916}) = 0
3202  23:39:26 clock_gettime(0x7 /* CLOCK_??? */, {21040, 727622768}) = 0
3202  23:39:26 select(7, [3 4], [5], NULL, NULL) = 1 (out [5])
3202  23:39:26 clock_gettime(0x7 /* CLOCK_??? */, {21040, 727819690}) = 0
3202  23:39:26 write(5, "c", 1)         = 1
3202  23:39:26 clock_gettime(0x7 /* CLOCK_??? */, {21040, 728741357}) = 0
3202  23:39:26 clock_gettime(0x7 /* CLOCK_??? */, {21040, 728840159}) = 0
3202  23:39:26 select(7, [3 4], [], NULL, NULL) = 1 (in [4])
3202  23:39:26 clock_gettime(0x7 /* CLOCK_??? */, {21040, 873482628}) = 0
3202  23:39:26 read(4, "d", 16384)      = 1
3202  23:39:26 clock_gettime(0x7 /* CLOCK_??? */, {21040, 873715155}) = 0
3202  23:39:26 clock_gettime(0x7 /* CLOCK_??? */, {21040, 873800196}) = 0
3202  23:39:26 select(7, [3 4], [3], NULL, NULL) = 1 (out [3])
3202  23:39:26 clock_gettime(0x7 /* CLOCK_??? */, {21040, 874080565}) = 0
3202  23:39:26 write(3, "C9Z\311\263ed\346c\326\213\331j(\\w\37H\344Nw\342\3\326#q\312U\3667\201\360"..., 36) = 36
3202  23:39:26 clock_gettime(0x7 /* CLOCK_??? */, {21040, 874509188}) = 0
3202  23:39:26 clock_gettime(0x7 /* CLOCK_??? */, {21040, 874597531}) = 0
3202  23:39:26 select(7, [3 4], [], NULL, NULL) = 1 (in [3])
3202  23:39:26 clock_gettime(0x7 /* CLOCK_??? */, {21040, 875565334}) = 0
3202  23:39:26 read(3, ";u\217\210\325`@\337\37J\232`\307\214\2JO\206\245\324\267(@\204\205\314F\236\"\17\254\242"..., 8192) = 36
3202  23:39:26 clock_gettime(0x7 /* CLOCK_??? */, {21040, 875789016}) = 0
3202  23:39:26 clock_gettime(0x7 /* CLOCK_??? */, {21040, 875874348}) = 0
3202  23:39:26 select(7, [3 4], [5], NULL, NULL) = 1 (out [5])
3202  23:39:26 clock_gettime(0x7 /* CLOCK_??? */, {21040, 876181557}) = 0
3202  23:39:26 write(5, "d", 1)         = 1
3202  23:39:26 clock_gettime(0x7 /* CLOCK_??? */, {21040, 876813737}) = 0
3202  23:39:26 clock_gettime(0x7 /* CLOCK_??? */, {21040, 876904651}) = 0
3202  23:39:26 select(7, [3 4], [], NULL, NULL) = 1 (in [4])
3202  23:39:26 clock_gettime(0x7 /* CLOCK_??? */, {21041, 54190325}) = 0
3202  23:39:26 read(4, " ", 16384)      = 1
3202  23:39:26 clock_gettime(0x7 /* CLOCK_??? */, {21041, 54547081}) = 0
3202  23:39:26 clock_gettime(0x7 /* CLOCK_??? */, {21041, 54636602}) = 0
3202  23:39:26 select(7, [3 4], [3], NULL, NULL) = 1 (out [3])
3202  23:39:26 clock_gettime(0x7 /* CLOCK_??? */, {21041, 54832402}) = 0
3202  23:39:26 write(3, "\267\222_\212\260Mv\305\302^tL\312\6\22\303\320\1\204\324w#\222\36\244\352\315\235\265\364\254\241"..., 36) = 36
3202  23:39:26 clock_gettime(0x7 /* CLOCK_??? */, {21041, 55304542}) = 0
3202  23:39:26 clock_gettime(0x7 /* CLOCK_??? */, {21041, 55393872}) = 0
3202  23:39:26 select(7, [3 4], [], NULL, NULL) = 1 (in [3])
3202  23:39:26 clock_gettime(0x7 /* CLOCK_??? */, {21041, 56421515}) = 0
3202  23:39:26 read(3, "\325\33Y\253\325\376\31\221\235\211\254zU\353\222\315\255\301\24\253\22\306\201\n(\26K\346\1\237[\243"..., 8192) = 36
3202  23:39:26 clock_gettime(0x7 /* CLOCK_??? */, {21041, 56648193}) = 0
3202  23:39:26 clock_gettime(0x7 /* CLOCK_??? */, {21041, 56733300}) = 0
3202  23:39:26 select(7, [3 4], [5], NULL, NULL) = 1 (out [5])
3202  23:39:26 clock_gettime(0x7 /* CLOCK_??? */, {21041, 56928202}) = 0
3202  23:39:26 write(5, " ", 1)         = 1
3202  23:39:26 clock_gettime(0x7 /* CLOCK_??? */, {21041, 57655109}) = 0
3202  23:39:26 clock_gettime(0x7 /* CLOCK_??? */, {21041, 57745773}) = 0
3202  23:39:26 select(7, [3 4], [], NULL, NULL) = 1 (in [4])
3202  23:39:27 clock_gettime(0x7 /* CLOCK_??? */, {21041, 256971233}) = 0
3202  23:39:27 read(4, ".", 16384)      = 1
3202  23:39:27 clock_gettime(0x7 /* CLOCK_??? */, {21041, 257097178}) = 0
3202  23:39:27 clock_gettime(0x7 /* CLOCK_??? */, {21041, 257141240}) = 0
3202  23:39:27 select(7, [3 4], [3], NULL, NULL) = 1 (out [3])
3202  23:39:27 clock_gettime(0x7 /* CLOCK_??? */, {21041, 257206192}) = 0
3202  23:39:27 write(3, "l\201\215\267\344[\272N\275\312\330\364\334\31C\337Mz\211\225\344o\330\354+i\321V\214\223Y\24"..., 36) = 36
3202  23:39:27 clock_gettime(0x7 /* CLOCK_??? */, {21041, 257343258}) = 0
3202  23:39:27 clock_gettime(0x7 /* CLOCK_??? */, {21041, 257371529}) = 0
3202  23:39:27 select(7, [3 4], [], NULL, NULL) = 1 (in [3])
3202  23:39:27 clock_gettime(0x7 /* CLOCK_??? */, {21041, 257829340}) = 0
3202  23:39:27 read(3, "*\340\2\334\360!\27\305\225\342\21\303t\345\244\5\273\20\270]e\363}\261\312\213\307f\3\t\35\6"..., 8192) = 36
3202  23:39:27 clock_gettime(0x7 /* CLOCK_??? */, {21041, 257902771}) = 0
3202  23:39:27 clock_gettime(0x7 /* CLOCK_??? */, {21041, 257930279}) = 0
3202  23:39:27 select(7, [3 4], [5], NULL, NULL) = 1 (out [5])
3202  23:39:27 clock_gettime(0x7 /* CLOCK_??? */, {21041, 257993330}) = 0
3202  23:39:27 write(5, ".", 1)         = 1
3202  23:39:27 clock_gettime(0x7 /* CLOCK_??? */, {21041, 258318554}) = 0
3202  23:39:27 clock_gettime(0x7 /* CLOCK_??? */, {21041, 258348165}) = 0
3202  23:39:27 select(7, [3 4], [], NULL, NULL) = 1 (in [4])
3202  23:39:27 clock_gettime(0x7 /* CLOCK_??? */, {21041, 416203978}) = 0
3202  23:39:27 read(4, ".", 16384)      = 1
3202  23:39:27 clock_gettime(0x7 /* CLOCK_??? */, {21041, 416440264}) = 0
3202  23:39:27 clock_gettime(0x7 /* CLOCK_??? */, {21041, 416526633}) = 0
3202  23:39:27 select(7, [3 4], [3], NULL, NULL) = 1 (out [3])
3202  23:39:27 clock_gettime(0x7 /* CLOCK_??? */, {21041, 416720643}) = 0
3202  23:39:27 write(3, "\252\260$k\230K\23(m\370\3\315\325\304\201u\215\231Y\305\345\352O=\333\2207\234\342\326\1{"..., 36) = 36
3202  23:39:27 clock_gettime(0x7 /* CLOCK_??? */, {21041, 417198932}) = 0
3202  23:39:27 clock_gettime(0x7 /* CLOCK_??? */, {21041, 417287521}) = 0
3202  23:39:27 select(7, [3 4], [], NULL, NULL) = 1 (in [3])
3202  23:39:27 clock_gettime(0x7 /* CLOCK_??? */, {21041, 418296892}) = 0
3202  23:39:27 read(3, "u\241\"8\255\203\366\232\6\311p\254\1V\210\3247\rG\210\4\337\"\331\35,\227y6\342\247\250"..., 8192) = 36
3202  23:39:27 clock_gettime(0x7 /* CLOCK_??? */, {21041, 418511163}) = 0
3202  23:39:27 clock_gettime(0x7 /* CLOCK_??? */, {21041, 418595808}) = 0
3202  23:39:27 select(7, [3 4], [5], NULL, NULL) = 1 (out [5])
3202  23:39:27 clock_gettime(0x7 /* CLOCK_??? */, {21041, 418787995}) = 0
3202  23:39:27 write(5, ".", 1)         = 1
3202  23:39:27 clock_gettime(0x7 /* CLOCK_??? */, {21041, 419448703}) = 0
3202  23:39:27 clock_gettime(0x7 /* CLOCK_??? */, {21041, 419539682}) = 0
3202  23:39:27 select(7, [3 4], [], NULL, NULL) = 1 (in [4])
3202  23:39:27 clock_gettime(0x7 /* CLOCK_??? */, {21041, 592780666}) = 0
3202  23:39:27 read(4, "\r", 16384)     = 1
3202  23:39:27 clock_gettime(0x7 /* CLOCK_??? */, {21041, 593123932}) = 0
3202  23:39:27 clock_gettime(0x7 /* CLOCK_??? */, {21041, 593229715}) = 0
3202  23:39:27 select(7, [3 4], [3], NULL, NULL) = 1 (out [3])
3202  23:39:27 clock_gettime(0x7 /* CLOCK_??? */, {21041, 593427253}) = 0
3202  23:39:27 write(3, "\f\304\201;N\240\374\2\345\367\256d\2655\240\2s5K\252\350j\6\251sKo\247\323\300\r\271"..., 36) = 36
3202  23:39:27 clock_gettime(0x7 /* CLOCK_??? */, {21041, 593807762}) = 0
3202  23:39:27 clock_gettime(0x7 /* CLOCK_??? */, {21041, 593897895}) = 0
3202  23:39:27 select(7, [3 4], [], NULL, NULL) = 1 (in [3])
3202  23:39:27 clock_gettime(0x7 /* CLOCK_??? */, {21041, 595817289}) = 0
3202  23:39:27 read(3, "\337\304\251\236\372\342\25\20F\365S\222\0366\257m\253\335o::\177\374%\fI\36\265)\276\205\3"..., 8192) = 76
3202  23:39:27 clock_gettime(0x7 /* CLOCK_??? */, {21041, 596145195}) = 0
3202  23:39:27 clock_gettime(0x7 /* CLOCK_??? */, {21041, 596247675}) = 0
3202  23:39:27 select(7, [3 4], [5], NULL, NULL) = 1 (out [5])
3202  23:39:27 clock_gettime(0x7 /* CLOCK_??? */, {21041, 596444798}) = 0
3202  23:39:27 write(5, "\r\n\33]0;root@web11:/\7[root@web11 /"..., 35) = 35
3202  23:39:27 clock_gettime(0x7 /* CLOCK_??? */, {21041, 597231514}) = 0
3202  23:39:27 clock_gettime(0x7 /* CLOCK_??? */, {21041, 597328988}) = 0
3202  23:39:27 select(7, [3 4], [], NULL, NULL) = 1 (in [4])
3202  23:39:31 clock_gettime(0x7 /* CLOCK_??? */, {21045, 113577265}) = 0
3202  23:39:31 read(4, "e", 16384)      = 1
3202  23:39:31 clock_gettime(0x7 /* CLOCK_??? */, {21045, 113814116}) = 0
3202  23:39:31 clock_gettime(0x7 /* CLOCK_??? */, {21045, 113900691}) = 0
3202  23:39:31 select(7, [3 4], [3], NULL, NULL) = 1 (out [3])
3202  23:39:31 clock_gettime(0x7 /* CLOCK_??? */, {21045, 114221586}) = 0
3202  23:39:31 write(3, "\224Qs\246)\253\237M\232\312\363\377Uj\247\332\365''\236\262\227*\320\336R\0023\212\205\361\271"..., 36) = 36
3202  23:39:31 clock_gettime(0x7 /* CLOCK_??? */, {21045, 114619329}) = 0
3202  23:39:31 clock_gettime(0x7 /* CLOCK_??? */, {21045, 114802891}) = 0
3202  23:39:31 select(7, [3 4], [], NULL, NULL) = 1 (in [3])
3202  23:39:31 clock_gettime(0x7 /* CLOCK_??? */, {21045, 117007728}) = 0
3202  23:39:31 read(3, "EfR\304\334D\307\353\370\364g\314\277\227\364\23>\302\240V\203\327\344\36\310\22\"\305\3549_\343"..., 8192) = 36
3202  23:39:31 clock_gettime(0x7 /* CLOCK_??? */, {21045, 117357925}) = 0
3202  23:39:31 clock_gettime(0x7 /* CLOCK_??? */, {21045, 117446498}) = 0
3202  23:39:31 select(7, [3 4], [5], NULL, NULL) = 1 (out [5])
3202  23:39:31 clock_gettime(0x7 /* CLOCK_??? */, {21045, 117644483}) = 0
3202  23:39:31 write(5, "e", 1)         = 1
3202  23:39:31 clock_gettime(0x7 /* CLOCK_??? */, {21045, 119933284}) = 0
3202  23:39:31 clock_gettime(0x7 /* CLOCK_??? */, {21045, 120120810}) = 0
3202  23:39:31 select(7, [3 4], [], NULL, NULL) = 1 (in [4])
3202  23:39:31 clock_gettime(0x7 /* CLOCK_??? */, {21045, 499602229}) = 0
3202  23:39:31 read(4, "x", 16384)      = 1
3202  23:39:31 clock_gettime(0x7 /* CLOCK_??? */, {21045, 499835628}) = 0
3202  23:39:31 clock_gettime(0x7 /* CLOCK_??? */, {21045, 499920584}) = 0
3202  23:39:31 select(7, [3 4], [3], NULL, NULL) = 1 (out [3])
3202  23:39:31 clock_gettime(0x7 /* CLOCK_??? */, {21045, 500234093}) = 0
3202  23:39:31 write(3, "V\0t\253\221z\224\17-;~\310\233\26L@\216g\257\366\226g=\233(\2\1\361ms\324\362"..., 36) = 36
3202  23:39:31 clock_gettime(0x7 /* CLOCK_??? */, {21045, 500635544}) = 0
3202  23:39:31 clock_gettime(0x7 /* CLOCK_??? */, {21045, 500724328}) = 0
3202  23:39:31 select(7, [3 4], [], NULL, NULL) = 1 (in [3])
3202  23:39:31 clock_gettime(0x7 /* CLOCK_??? */, {21045, 502288926}) = 0
3202  23:39:31 read(3, "(p\200\4\241P\245A\21(n3\371\34d%\214\204\5E\201\327\303\21)c\254\17\36\375\266\373"..., 8192) = 36
3202  23:39:31 clock_gettime(0x7 /* CLOCK_??? */, {21045, 502513345}) = 0
3202  23:39:31 clock_gettime(0x7 /* CLOCK_??? */, {21045, 502599588}) = 0
3202  23:39:31 select(7, [3 4], [5], NULL, NULL) = 1 (out [5])
3202  23:39:31 clock_gettime(0x7 /* CLOCK_??? */, {21045, 502796290}) = 0
3202  23:39:31 write(5, "x", 1)         = 1
3202  23:39:31 clock_gettime(0x7 /* CLOCK_??? */, {21045, 503632953}) = 0
3202  23:39:31 clock_gettime(0x7 /* CLOCK_??? */, {21045, 503726047}) = 0
3202  23:39:31 select(7, [3 4], [], NULL, NULL) = 1 (in [4])
3202  23:39:31 clock_gettime(0x7 /* CLOCK_??? */, {21045, 854625449}) = 0
3202  23:39:31 read(4, "i", 16384)      = 1
3202  23:39:31 clock_gettime(0x7 /* CLOCK_??? */, {21045, 854711414}) = 0
3202  23:39:31 clock_gettime(0x7 /* CLOCK_??? */, {21045, 854739184}) = 0
3202  23:39:31 select(7, [3 4], [3], NULL, NULL) = 1 (out [3])
3202  23:39:31 clock_gettime(0x7 /* CLOCK_??? */, {21045, 854803233}) = 0
3202  23:39:31 write(3, "j\21\204\252\10\30\340?\334\326Y\263\230\250?_\2076\221\243\254\220Dn\226i\232\341\343\222R0"..., 36) = 36
3202  23:39:31 clock_gettime(0x7 /* CLOCK_??? */, {21045, 854950387}) = 0
3202  23:39:31 clock_gettime(0x7 /* CLOCK_??? */, {21045, 854978561}) = 0
3202  23:39:31 select(7, [3 4], [], NULL, NULL) = 1 (in [3])
3202  23:39:31 clock_gettime(0x7 /* CLOCK_??? */, {21045, 855845234}) = 0
3202  23:39:31 read(3, "\327\7}\375|(f\230\276|v\333\324\346\203\227=\215.'I\362\265\37=<\377<\214\311-Z"..., 8192) = 36
3202  23:39:31 clock_gettime(0x7 /* CLOCK_??? */, {21045, 855935535}) = 0
3202  23:39:31 clock_gettime(0x7 /* CLOCK_??? */, {21045, 855964506}) = 0
3202  23:39:31 select(7, [3 4], [5], NULL, NULL) = 1 (out [5])
3202  23:39:31 clock_gettime(0x7 /* CLOCK_??? */, {21045, 856055952}) = 0
3202  23:39:31 write(5, "i", 1)         = 1
3202  23:39:31 clock_gettime(0x7 /* CLOCK_??? */, {21045, 856318417}) = 0
3202  23:39:31 clock_gettime(0x7 /* CLOCK_??? */, {21045, 856348604}) = 0
3202  23:39:31 select(7, [3 4], [], NULL, NULL) = 1 (in [4])
3202  23:39:32 clock_gettime(0x7 /* CLOCK_??? */, {21046, 252637826}) = 0
3202  23:39:32 read(4, "t", 16384)      = 1
3202  23:39:32 clock_gettime(0x7 /* CLOCK_??? */, {21046, 252770184}) = 0
3202  23:39:32 clock_gettime(0x7 /* CLOCK_??? */, {21046, 252813085}) = 0
3202  23:39:32 select(7, [3 4], [3], NULL, NULL) = 1 (out [3])
3202  23:39:32 clock_gettime(0x7 /* CLOCK_??? */, {21046, 252913606}) = 0
3202  23:39:32 write(3, "R1H\273]\224\311;_\315\16;\306\262m\252U\212lc\257Hmx\255N\321\35c\353*["..., 36) = 36
3202  23:39:32 clock_gettime(0x7 /* CLOCK_??? */, {21046, 253177181}) = 0
3202  23:39:32 clock_gettime(0x7 /* CLOCK_??? */, {21046, 253231337}) = 0
3202  23:39:32 select(7, [3 4], [], NULL, NULL) = 1 (in [3])
3202  23:39:32 clock_gettime(0x7 /* CLOCK_??? */, {21046, 253554772}) = 0
3202  23:39:32 read(3, "\177\274\227\26n\373T!\272/(+\354\213\303\337\353\322\"B\"\262Vp\10\27 d\276\272Nl"..., 8192) = 36
3202  23:39:32 clock_gettime(0x7 /* CLOCK_??? */, {21046, 253677970}) = 0
3202  23:39:32 clock_gettime(0x7 /* CLOCK_??? */, {21046, 253728687}) = 0
3202  23:39:32 select(7, [3 4], [5], NULL, NULL) = 1 (out [5])
3202  23:39:32 clock_gettime(0x7 /* CLOCK_??? */, {21046, 253842290}) = 0
3202  23:39:32 write(5, "t", 1)         = 1
3202  23:39:32 clock_gettime(0x7 /* CLOCK_??? */, {21046, 254273303}) = 0
3202  23:39:32 clock_gettime(0x7 /* CLOCK_??? */, {21046, 254323675}) = 0
3202  23:39:32 select(7, [3 4], [], NULL, NULL) = 1 (in [4])
3202  23:39:33 clock_gettime(0x7 /* CLOCK_??? */, {21047, 837931800}) = 0
3202  23:39:33 read(4, "\r", 16384)     = 1
3202  23:39:33 clock_gettime(0x7 /* CLOCK_??? */, {21047, 838014308}) = 0
3202  23:39:33 clock_gettime(0x7 /* CLOCK_??? */, {21047, 838041868}) = 0
3202  23:39:33 select(7, [3 4], [3], NULL, NULL) = 1 (out [3])
3202  23:39:33 clock_gettime(0x7 /* CLOCK_??? */, {21047, 838151202}) = 0
3202  23:39:33 write(3, "\337\304j\10\205\305ic\214\246\17\352-\242,\26\207\331\326\216x;\3166\326\200\350\212A9U\344"..., 36) = 36
3202  23:39:33 clock_gettime(0x7 /* CLOCK_??? */, {21047, 838288122}) = 0
3202  23:39:33 clock_gettime(0x7 /* CLOCK_??? */, {21047, 838316451}) = 0
3202  23:39:33 select(7, [3 4], [], NULL, NULL) = 1 (in [3])
3202  23:39:33 clock_gettime(0x7 /* CLOCK_??? */, {21047, 839980007}) = 0
3202  23:39:33 read(3, "\273\224\225p\275!\177\333\246\34Y\323c\2039\377O\20e\f\212\324#\323>\230\236\262C\35\36\244"..., 8192) = 220
3202  23:39:33 close(4)                 = 0
3202  23:39:33 clock_gettime(0x7 /* CLOCK_??? */, {21047, 840147669}) = 0
3202  23:39:33 clock_gettime(0x7 /* CLOCK_??? */, {21047, 840176241}) = 0
3202  23:39:33 select(7, [3], [5], NULL, NULL) = 1 (out [5])
3202  23:39:33 clock_gettime(0x7 /* CLOCK_??? */, {21047, 840239584}) = 0
3202  23:39:33 write(5, "\r\n\347\231\273\345\207\272\r\n", 10) = 10
3202  23:39:33 clock_gettime(0x7 /* CLOCK_??? */, {21047, 840497853}) = 0
3202  23:39:33 clock_gettime(0x7 /* CLOCK_??? */, {21047, 840527332}) = 0
3202  23:39:33 close(5)                 = 0
3202  23:39:33 ioctl(0, SNDCTL_TMR_STOP or SNDRV_TIMER_IOCTL_GINFO or TCSETSW, {B38400 opost isig icanon echo ...}) = 0
3202  23:39:33 close(6)                 = 0
3202  23:39:33 select(7, [3], [3], NULL, NULL) = 1 (out [3])
3202  23:39:33 clock_gettime(0x7 /* CLOCK_??? */, {21047, 840701311}) = 0
3202  23:39:33 write(3, "\367\304\2046k\303\307^\21\203\377\307G\353\37\212g\353\34\4HO\33\254\37\316\331\343K\0\264\""..., 36) = 36
3202  23:39:33 rt_sigaction(SIGWINCH, NULL, {0x7f28c6090c80, [], SA_RESTORER, 0x7f28c4c77250}, 8) = 0
3202  23:39:33 rt_sigaction(SIGWINCH, {SIG_DFL, [], SA_RESTORER, 0x7f28c4c77250}, NULL, 8) = 0
3202  23:39:33 write(3, "\360Jw\10\227\243\230\270\212p\310\267TD\253\207Y\257\26O\345\36\300\204\23\250\r \204\361\n6"..., 60) = 60
3202  23:39:33 ioctl(0, SNDCTL_TMR_TIMEBASE or SNDRV_TIMER_IOCTL_NEXT_DEVICE or TCGETS, {B38400 opost isig icanon echo ...}) = 0
3202  23:39:33 ioctl(1, SNDCTL_TMR_TIMEBASE or SNDRV_TIMER_IOCTL_NEXT_DEVICE or TCGETS, {B38400 opost isig icanon echo ...}) = 0
3202  23:39:33 ioctl(2, SNDCTL_TMR_TIMEBASE or SNDRV_TIMER_IOCTL_NEXT_DEVICE or TCGETS, {B38400 opost isig icanon echo ...}) = 0
3202  23:39:33 write(2, "Connection to 192.168.0.102 clos"..., 37) = 37
3202  23:39:33 shutdown(3, SHUT_RDWR)   = 0
3202  23:39:33 close(3)                 = 0
3202  23:39:33 exit_group(0)            = ?
3202  23:39:33 +++ exited with 0 +++
