2980  22:15:56 select(4, [3], NULL, NULL, NULL) = 1 (in [3])
2980  22:16:01 read(3, "\17='Ks\316\273!\215\310\350$\305\t.\356&-\253\205$%HGt\222g\216\371w\32M"..., 8192) = 84
2980  22:16:01 stat("/root/.ssh/id_rsa", 0x7ffdb8ef61d0) = -1 ENOENT (No such file or directory)
2980  22:16:01 stat("/root/.ssh/id_dsa", 0x7ffdb8ef61d0) = -1 ENOENT (No such file or directory)
2980  22:16:01 stat("/root/.ssh/id_ecdsa", 0x7ffdb8ef61d0) = -1 ENOENT (No such file or directory)
2980  22:16:01 stat("/root/.ssh/id_ed25519", 0x7ffdb8ef61d0) = -1 ENOENT (No such file or directory)
2980  22:16:01 open("/dev/tty", O_RDWR) = 4
2980  22:16:01 close(4)                 = 0
2980  22:16:01 open("/dev/tty", O_RDWR) = 4
2980  22:16:01 ioctl(4, SNDCTL_TMR_TIMEBASE or SNDRV_TIMER_IOCTL_NEXT_DEVICE or TCGETS, {B38400 opost isig icanon echo ...}) = 0
2980  22:16:01 ioctl(4, SNDCTL_TMR_CONTINUE or SNDRV_TIMER_IOCTL_GPARAMS or TCSETSF, {B38400 opost isig icanon -echo ...}) = 0
2980  22:16:01 rt_sigaction(SIGALRM, {0x7effb86ed0d0, [], SA_RESTORER, 0x7effb727c250}, {SIG_DFL, [], 0}, 8) = 0
2980  22:16:01 rt_sigaction(SIGHUP, {0x7effb86ed0d0, [], SA_RESTORER, 0x7effb727c250}, {SIG_DFL, [], 0}, 8) = 0
2980  22:16:01 rt_sigaction(SIGINT, {0x7effb86ed0d0, [], SA_RESTORER, 0x7effb727c250}, {SIG_DFL, [], 0}, 8) = 0
2980  22:16:01 rt_sigaction(SIGPIPE, {0x7effb86ed0d0, [], SA_RESTORER, 0x7effb727c250}, {SIG_IGN, [], SA_RESTORER, 0x7effb727c250}, 8) = 0
2980  22:16:01 rt_sigaction(SIGQUIT, {0x7effb86ed0d0, [], SA_RESTORER, 0x7effb727c250}, {SIG_DFL, [], 0}, 8) = 0
2980  22:16:01 rt_sigaction(SIGTERM, {0x7effb86ed0d0, [], SA_RESTORER, 0x7effb727c250}, {SIG_DFL, [], 0}, 8) = 0
2980  22:16:01 rt_sigaction(SIGTSTP, {0x7effb86ed0d0, [], SA_RESTORER, 0x7effb727c250}, {SIG_DFL, [], 0}, 8) = 0
2980  22:16:01 rt_sigaction(SIGTTIN, {0x7effb86ed0d0, [], SA_RESTORER, 0x7effb727c250}, {SIG_DFL, [], 0}, 8) = 0
2980  22:16:01 rt_sigaction(SIGTTOU, {0x7effb86ed0d0, [], SA_RESTORER, 0x7effb727c250}, {SIG_DFL, [], 0}, 8) = 0
2980  22:16:01 write(4, "root@192.168.0.102's password: ", 31) = 31
2980  22:16:01 read(4, "1", 1)          = 1
2980  22:16:01 read(4, "5", 1)          = 1
2980  22:16:01 read(4, "2", 1)          = 1
2980  22:16:01 read(4, "1", 1)          = 1
2980  22:16:01 read(4, "3", 1)          = 1
2980  22:16:01 read(4, "1", 1)          = 1
2980  22:16:01 read(4, "\n", 1)         = 1
2980  22:16:01 write(4, "\n", 1)        = 1
2980  22:16:01 ioctl(4, SNDCTL_TMR_CONTINUE or SNDRV_TIMER_IOCTL_GPARAMS or TCSETSF, {B38400 opost isig icanon echo ...}) = 0
2980  22:16:01 rt_sigaction(SIGALRM, {SIG_DFL, [], SA_RESTORER, 0x7effb727c250}, NULL, 8) = 0
2980  22:16:01 rt_sigaction(SIGHUP, {SIG_DFL, [], SA_RESTORER, 0x7effb727c250}, NULL, 8) = 0
2980  22:16:01 rt_sigaction(SIGINT, {SIG_DFL, [], SA_RESTORER, 0x7effb727c250}, NULL, 8) = 0
2980  22:16:01 rt_sigaction(SIGQUIT, {SIG_DFL, [], SA_RESTORER, 0x7effb727c250}, NULL, 8) = 0
2980  22:16:01 rt_sigaction(SIGPIPE, {SIG_IGN, [], SA_RESTORER, 0x7effb727c250}, NULL, 8) = 0
2980  22:16:01 rt_sigaction(SIGTERM, {SIG_DFL, [], SA_RESTORER, 0x7effb727c250}, NULL, 8) = 0
2980  22:16:01 rt_sigaction(SIGTSTP, {SIG_DFL, [], SA_RESTORER, 0x7effb727c250}, NULL, 8) = 0
2980  22:16:01 rt_sigaction(SIGTTIN, {SIG_DFL, [], SA_RESTORER, 0x7effb727c250}, NULL, 8) = 0
2980  22:16:01 rt_sigaction(SIGTTOU, {SIG_DFL, [], SA_RESTORER, 0x7effb727c250}, NULL, 8) = 0
2980  22:16:01 close(4)                 = 0
2980  22:16:01 write(3, "\274&og+~\35sv\217\t\16\263\301q#\307~;S\202#-\374\2152=\370\323\v$U"..., 84) = 84
2980  22:16:01 select(4, [3], NULL, NULL, NULL) = 1 (in [3])
2980  22:16:01 read(3, "\351\272\337\365\7\34\315\261\3375\10\351\366\200 \3204&\372C?i\260\207T5n\n", 8192) = 28
2980  22:16:01 dup(0)                   = 4
2980  22:16:01 dup(1)                   = 5
2980  22:16:01 dup(2)                   = 6
2980  22:16:01 ioctl(4, SNDCTL_TMR_TIMEBASE or SNDRV_TIMER_IOCTL_NEXT_DEVICE or TCGETS, {B38400 opost isig icanon echo ...}) = 0
2980  22:16:01 ioctl(5, SNDCTL_TMR_TIMEBASE or SNDRV_TIMER_IOCTL_NEXT_DEVICE or TCGETS, {B38400 opost isig icanon echo ...}) = 0
2980  22:16:01 ioctl(6, SNDCTL_TMR_TIMEBASE or SNDRV_TIMER_IOCTL_NEXT_DEVICE or TCGETS, {B38400 opost isig icanon echo ...}) = 0
2980  22:16:01 fcntl(4, F_SETFD, FD_CLOEXEC) = 0
2980  22:16:01 fcntl(5, F_SETFD, FD_CLOEXEC) = 0
2980  22:16:01 fcntl(6, F_SETFD, FD_CLOEXEC) = 0
2980  22:16:01 rt_sigaction(SIGHUP, NULL, {SIG_DFL, [], SA_RESTORER, 0x7effb727c250}, 8) = 0
2980  22:16:01 rt_sigaction(SIGHUP, {SIG_IGN, [], SA_RESTORER, 0x7effb727c250}, NULL, 8) = 0
2980  22:16:01 rt_sigaction(SIGHUP, NULL, {SIG_IGN, [], SA_RESTORER, 0x7effb727c250}, 8) = 0
2980  22:16:01 rt_sigaction(SIGHUP, {0x7effb86959f0, [], SA_RESTORER, 0x7effb727c250}, NULL, 8) = 0
2980  22:16:01 rt_sigaction(SIGINT, NULL, {SIG_DFL, [], SA_RESTORER, 0x7effb727c250}, 8) = 0
2980  22:16:01 rt_sigaction(SIGINT, {SIG_IGN, [], SA_RESTORER, 0x7effb727c250}, NULL, 8) = 0
2980  22:16:01 rt_sigaction(SIGINT, NULL, {SIG_IGN, [], SA_RESTORER, 0x7effb727c250}, 8) = 0
2980  22:16:01 rt_sigaction(SIGINT, {0x7effb86959f0, [], SA_RESTORER, 0x7effb727c250}, NULL, 8) = 0
2980  22:16:01 rt_sigaction(SIGQUIT, NULL, {SIG_DFL, [], SA_RESTORER, 0x7effb727c250}, 8) = 0
2980  22:16:01 rt_sigaction(SIGQUIT, {SIG_IGN, [], SA_RESTORER, 0x7effb727c250}, NULL, 8) = 0
2980  22:16:01 rt_sigaction(SIGQUIT, NULL, {SIG_IGN, [], SA_RESTORER, 0x7effb727c250}, 8) = 0
2980  22:16:01 rt_sigaction(SIGQUIT, {0x7effb86959f0, [], SA_RESTORER, 0x7effb727c250}, NULL, 8) = 0
2980  22:16:01 rt_sigaction(SIGTERM, NULL, {SIG_DFL, [], SA_RESTORER, 0x7effb727c250}, 8) = 0
2980  22:16:01 rt_sigaction(SIGTERM, {SIG_IGN, [], SA_RESTORER, 0x7effb727c250}, NULL, 8) = 0
2980  22:16:01 rt_sigaction(SIGTERM, NULL, {SIG_IGN, [], SA_RESTORER, 0x7effb727c250}, 8) = 0
2980  22:16:01 rt_sigaction(SIGTERM, {0x7effb86959f0, [], SA_RESTORER, 0x7effb727c250}, NULL, 8) = 0
2980  22:16:01 rt_sigaction(SIGWINCH, NULL, {SIG_DFL, [], 0}, 8) = 0
2980  22:16:01 rt_sigaction(SIGWINCH, {0x7effb8695c80, [], SA_RESTORER, 0x7effb727c250}, NULL, 8) = 0
2980  22:16:01 ioctl(0, SNDCTL_TMR_TIMEBASE or SNDRV_TIMER_IOCTL_NEXT_DEVICE or TCGETS, {B38400 opost isig icanon echo ...}) = 0
2980  22:16:01 ioctl(0, SNDCTL_TMR_STOP or SNDRV_TIMER_IOCTL_GINFO or TCSETSW, {B38400 -opost -isig -icanon -echo ...}) = 0
2980  22:16:01 clock_gettime(0x7 /* CLOCK_??? */, {16035, 880501690}) = 0
2980  22:16:01 clock_gettime(0x7 /* CLOCK_??? */, {16035, 880544923}) = 0
2980  22:16:01 select(7, [3], [3], NULL, NULL) = 1 (out [3])
2980  22:16:01 clock_gettime(0x7 /* CLOCK_??? */, {16035, 880617127}) = 0
2980  22:16:01 write(3, "\317\216\2024I\204\267\\2\t\10V\373\207\363\324\\\22\30\0203\31*\6/\213\226\333\371\375\17\252"..., 112) = 112
2980  22:16:01 clock_gettime(0x7 /* CLOCK_??? */, {16035, 880787922}) = 0
2980  22:16:01 clock_gettime(0x7 /* CLOCK_??? */, {16035, 880820023}) = 0
2980  22:16:01 select(7, [3], [], NULL, NULL) = 1 (in [3])
2980  22:16:02 clock_gettime(0x7 /* CLOCK_??? */, {16036, 213081270}) = 0
2980  22:16:02 read(3, "E\17M+\2618\320\316\210\260\"_A\264Lx\341\7\247\255\220\207#\314\352\275\306\371+_\233\355"..., 8192) = 44
2980  22:16:02 getsockopt(3, SOL_TCP, TCP_NODELAY, [0], [4]) = 0
2980  22:16:02 setsockopt(3, SOL_TCP, TCP_NODELAY, [1], 4) = 0
2980  22:16:02 getsockname(3, {sa_family=AF_INET, sin_port=htons(53856), sin_addr=inet_addr("192.168.0.106")}, [16]) = 0
2980  22:16:02 setsockopt(3, SOL_IP, IP_TOS, [16], 4) = 0
2980  22:16:02 ioctl(0, TIOCGWINSZ, {ws_row=25, ws_col=88, ws_xpixel=0, ws_ypixel=0}) = 0
2980  22:16:02 clock_gettime(0x7 /* CLOCK_??? */, {16036, 213470453}) = 0
2980  22:16:02 clock_gettime(0x7 /* CLOCK_??? */, {16036, 213498892}) = 0
2980  22:16:02 select(7, [3], [3], NULL, NULL) = 1 (out [3])
2980  22:16:02 clock_gettime(0x7 /* CLOCK_??? */, {16036, 213560215}) = 0
2980  22:16:02 write(3, "\354\t\353\232&+\200i*\362uA\275\350\221\353:\376\355\275\320s\227\276\30Ce\220|b\275#"..., 376) = 376
2980  22:16:02 clock_gettime(0x7 /* CLOCK_??? */, {16036, 213714250}) = 0
2980  22:16:02 clock_gettime(0x7 /* CLOCK_??? */, {16036, 213742555}) = 0
2980  22:16:02 select(7, [3], [], NULL, NULL) = 1 (in [3])
2980  22:16:02 clock_gettime(0x7 /* CLOCK_??? */, {16036, 229844728}) = 0
2980  22:16:02 read(3, "\\\nd\336\267\355\344\257\353n6D\241.\246\324c\326R|\320a\t\322\271\366eTs\234qs"..., 8192) = 108
2980  22:16:02 clock_gettime(0x7 /* CLOCK_??? */, {16036, 229936781}) = 0
2980  22:16:02 clock_gettime(0x7 /* CLOCK_??? */, {16036, 229964461}) = 0
2980  22:16:02 select(7, [3 4], [], NULL, NULL) = 1 (in [3])
2980  22:16:02 clock_gettime(0x7 /* CLOCK_??? */, {16036, 240189718}) = 0
2980  22:16:02 read(3, "3S\340\270\242\264\336M\35\313\213\2\20\201c\335\36\207^\330\261u0\215qT\256\266\246\210\33\177"..., 8192) = 76
2980  22:16:02 clock_gettime(0x7 /* CLOCK_??? */, {16036, 240348800}) = 0
2980  22:16:02 clock_gettime(0x7 /* CLOCK_??? */, {16036, 240380265}) = 0
2980  22:16:02 select(7, [3 4], [5], NULL, NULL) = 1 (out [5])
2980  22:16:02 clock_gettime(0x7 /* CLOCK_??? */, {16036, 240485759}) = 0
2980  22:16:02 write(5, "Last login: Sun Aug 13 01:57:15 "..., 39) = 39
2980  22:16:02 clock_gettime(0x7 /* CLOCK_??? */, {16036, 240784858}) = 0
2980  22:16:02 clock_gettime(0x7 /* CLOCK_??? */, {16036, 240841510}) = 0
2980  22:16:02 select(7, [3 4], [], NULL, NULL) = 1 (in [3])
2980  22:16:02 clock_gettime(0x7 /* CLOCK_??? */, {16036, 400111081}) = 0
2980  22:16:02 read(3, "Fb\t\315\356k\r\\\32\362\271K#\263\7|\227\"\220t\372\16\337\225&\271\0307B\331\256\214"..., 8192) = 84
2980  22:16:02 clock_gettime(0x7 /* CLOCK_??? */, {16036, 400207036}) = 0
2980  22:16:02 clock_gettime(0x7 /* CLOCK_??? */, {16036, 400235049}) = 0
2980  22:16:02 select(7, [3 4], [5], NULL, NULL) = 1 (out [5])
2980  22:16:02 clock_gettime(0x7 /* CLOCK_??? */, {16036, 400298421}) = 0
2980  22:16:02 write(5, "\33]0;root@localhost:~\7\33[?1034h[ro"..., 49) = 49
2980  22:16:02 clock_gettime(0x7 /* CLOCK_??? */, {16036, 400734534}) = 0
2980  22:16:02 clock_gettime(0x7 /* CLOCK_??? */, {16036, 400765201}) = 0
2980  22:16:02 select(7, [3 4], [], NULL, NULL) = 1 (in [4])
2980  22:20:17 clock_gettime(0x7 /* CLOCK_??? */, {16292, 65230369}) = 0
2980  22:20:17 read(4, "l", 16384)      = 1
2980  22:20:17 clock_gettime(0x7 /* CLOCK_??? */, {16292, 65723086}) = 0
2980  22:20:17 clock_gettime(0x7 /* CLOCK_??? */, {16292, 65823200}) = 0
2980  22:20:17 select(7, [3 4], [3], NULL, NULL) = 1 (out [3])
2980  22:20:17 clock_gettime(0x7 /* CLOCK_??? */, {16292, 66117636}) = 0
2980  22:20:17 write(3, "\27h\323\31\372D\245\254O\205r\0068||d\221\331w\230\214\245=o\222\1\365{p\325K\256"..., 36) = 36
2980  22:20:17 clock_gettime(0x7 /* CLOCK_??? */, {16292, 66653074}) = 0
2980  22:20:17 clock_gettime(0x7 /* CLOCK_??? */, {16292, 66755774}) = 0
2980  22:20:17 select(7, [3 4], [], NULL, NULL) = 1 (in [3])
2980  22:20:17 clock_gettime(0x7 /* CLOCK_??? */, {16292, 69367708}) = 0
2980  22:20:17 read(3, "\205U_\6>\247b\254\301-\375\26\27*\253\317\252!\275\357\363>R|;\364\225G\311I\335\276"..., 8192) = 36
2980  22:20:17 clock_gettime(0x7 /* CLOCK_??? */, {16292, 69721136}) = 0
2980  22:20:17 clock_gettime(0x7 /* CLOCK_??? */, {16292, 69820510}) = 0
2980  22:20:17 select(7, [3 4], [5], NULL, NULL) = 1 (out [5])
2980  22:20:17 clock_gettime(0x7 /* CLOCK_??? */, {16292, 70115031}) = 0
2980  22:20:17 write(5, "l", 1)         = 1
2980  22:20:17 clock_gettime(0x7 /* CLOCK_??? */, {16292, 71049699}) = 0
2980  22:20:17 clock_gettime(0x7 /* CLOCK_??? */, {16292, 71152044}) = 0
2980  22:20:17 select(7, [3 4], [], NULL, NULL) = 1 (in [4])
2980  22:20:18 clock_gettime(0x7 /* CLOCK_??? */, {16292, 175229137}) = 0
2980  22:20:18 read(4, "s", 16384)      = 1
2980  22:20:18 clock_gettime(0x7 /* CLOCK_??? */, {16292, 175456096}) = 0
2980  22:20:18 clock_gettime(0x7 /* CLOCK_??? */, {16292, 175541343}) = 0
2980  22:20:18 select(7, [3 4], [3], NULL, NULL) = 1 (out [3])
2980  22:20:18 clock_gettime(0x7 /* CLOCK_??? */, {16292, 175733279}) = 0
2980  22:20:18 write(3, "k\3614H[R\307\251\321\205Z\302NY\332#\237O\205\26I\376!)\3378\205\341&\316\270\331"..., 36) = 36
2980  22:20:18 clock_gettime(0x7 /* CLOCK_??? */, {16292, 176218914}) = 0
2980  22:20:18 clock_gettime(0x7 /* CLOCK_??? */, {16292, 176307262}) = 0
2980  22:20:18 select(7, [3 4], [], NULL, NULL) = 1 (in [3])
2980  22:20:18 clock_gettime(0x7 /* CLOCK_??? */, {16292, 178387257}) = 0
2980  22:20:18 read(3, "\247d\3634\200(\316L\347\376F\27-\3233V\34\r7\375\347[4]\277\262\300\236\317\246\214\331"..., 8192) = 36
2980  22:20:18 clock_gettime(0x7 /* CLOCK_??? */, {16292, 178609481}) = 0
2980  22:20:18 clock_gettime(0x7 /* CLOCK_??? */, {16292, 178694442}) = 0
2980  22:20:18 select(7, [3 4], [5], NULL, NULL) = 1 (out [5])
2980  22:20:18 clock_gettime(0x7 /* CLOCK_??? */, {16292, 178886964}) = 0
2980  22:20:18 write(5, "s", 1)         = 1
2980  22:20:18 clock_gettime(0x7 /* CLOCK_??? */, {16292, 179777273}) = 0
2980  22:20:18 clock_gettime(0x7 /* CLOCK_??? */, {16292, 179869615}) = 0
2980  22:20:18 select(7, [3 4], [], NULL, NULL) = 1 (in [4])
2980  22:20:18 clock_gettime(0x7 /* CLOCK_??? */, {16292, 410144283}) = 0
2980  22:20:18 read(4, "\r", 16384)     = 1
2980  22:20:18 clock_gettime(0x7 /* CLOCK_??? */, {16292, 410377040}) = 0
2980  22:20:18 clock_gettime(0x7 /* CLOCK_??? */, {16292, 410462086}) = 0
2980  22:20:18 select(7, [3 4], [3], NULL, NULL) = 1 (out [3])
2980  22:20:18 clock_gettime(0x7 /* CLOCK_??? */, {16292, 410654137}) = 0
2980  22:20:18 write(3, "\26:>Ke\276\302\26\206|\262\334>E\237\365D\330\3sX\251\307\35\340\262z}\v\3035\346"..., 36) = 36
2980  22:20:18 clock_gettime(0x7 /* CLOCK_??? */, {16292, 411092304}) = 0
2980  22:20:18 clock_gettime(0x7 /* CLOCK_??? */, {16292, 411139878}) = 0
2980  22:20:18 select(7, [3 4], [], NULL, NULL) = 1 (in [3])
2980  22:20:18 clock_gettime(0x7 /* CLOCK_??? */, {16292, 415004931}) = 0
2980  22:20:18 read(3, "\334\377\342\337\245\224o\234\31\330mWM'\332\317\337\242\372\264\271\222o=:\376\207\247\37\7\3637"..., 8192) = 36
2980  22:20:18 clock_gettime(0x7 /* CLOCK_??? */, {16292, 415132804}) = 0
2980  22:20:18 clock_gettime(0x7 /* CLOCK_??? */, {16292, 415178438}) = 0
2980  22:20:18 select(7, [3 4], [5], NULL, NULL) = 1 (out [5])
2980  22:20:18 clock_gettime(0x7 /* CLOCK_??? */, {16292, 415282088}) = 0
2980  22:20:18 write(5, "\r\n", 2)      = 2
2980  22:20:18 clock_gettime(0x7 /* CLOCK_??? */, {16292, 415764750}) = 0
2980  22:20:18 clock_gettime(0x7 /* CLOCK_??? */, {16292, 415813644}) = 0
2980  22:20:18 select(7, [3 4], [], NULL, NULL) = 1 (in [3])
2980  22:20:18 clock_gettime(0x7 /* CLOCK_??? */, {16292, 419247469}) = 0
2980  22:20:18 read(3, "s\351[\222\356\355ae=\5\323\240r4\"\213O\342\232\2072\205\376\255\26\20125\374j\271Z"..., 8192) = 340
2980  22:20:18 clock_gettime(0x7 /* CLOCK_??? */, {16292, 419387227}) = 0
2980  22:20:18 clock_gettime(0x7 /* CLOCK_??? */, {16292, 419433582}) = 0
2980  22:20:18 select(7, [3 4], [5], NULL, NULL) = 1 (out [5])
2980  22:20:18 clock_gettime(0x7 /* CLOCK_??? */, {16292, 419538486}) = 0
2980  22:20:18 write(5, "anaconda-ks.cfg  \33[0m\33[01;34mope"..., 302) = 302
2980  22:20:18 clock_gettime(0x7 /* CLOCK_??? */, {16292, 420383985}) = 0
2980  22:20:18 clock_gettime(0x7 /* CLOCK_??? */, {16292, 420439973}) = 0
2980  22:20:18 select(7, [3 4], [], NULL, NULL) = 1 (in [4])
2980  22:20:20 clock_gettime(0x7 /* CLOCK_??? */, {16294, 254048175}) = 0
2980  22:20:20 read(4, "c", 16384)      = 1
2980  22:20:20 clock_gettime(0x7 /* CLOCK_??? */, {16294, 254301263}) = 0
2980  22:20:20 clock_gettime(0x7 /* CLOCK_??? */, {16294, 254387702}) = 0
2980  22:20:20 select(7, [3 4], [3], NULL, NULL) = 1 (out [3])
2980  22:20:20 clock_gettime(0x7 /* CLOCK_??? */, {16294, 254582404}) = 0
2980  22:20:20 write(3, "\276u\260\255\256mv@\241\30\317\26\270\263\246gu\315\21\332\250Nd\204\220?lo\3127\276\324"..., 36) = 36
2980  22:20:20 clock_gettime(0x7 /* CLOCK_??? */, {16294, 255084491}) = 0
2980  22:20:20 clock_gettime(0x7 /* CLOCK_??? */, {16294, 255174052}) = 0
2980  22:20:20 select(7, [3 4], [], NULL, NULL) = 1 (in [3])
2980  22:20:20 clock_gettime(0x7 /* CLOCK_??? */, {16294, 256830441}) = 0
2980  22:20:20 read(3, "\333\332^\33\300\231\212\247\330\216\316{\2259OF\206\226\306\6\354\315x\362n\235\234F\206Q\t\204"..., 8192) = 36
2980  22:20:20 clock_gettime(0x7 /* CLOCK_??? */, {16294, 257131808}) = 0
2980  22:20:20 clock_gettime(0x7 /* CLOCK_??? */, {16294, 257254182}) = 0
2980  22:20:20 select(7, [3 4], [5], NULL, NULL) = 1 (out [5])
2980  22:20:20 clock_gettime(0x7 /* CLOCK_??? */, {16294, 257455790}) = 0
2980  22:20:20 write(5, "c", 1)         = 1
2980  22:20:20 clock_gettime(0x7 /* CLOCK_??? */, {16294, 258690364}) = 0
2980  22:20:20 clock_gettime(0x7 /* CLOCK_??? */, {16294, 258791627}) = 0
2980  22:20:20 select(7, [3 4], [], NULL, NULL) = 1 (in [4])
2980  22:20:20 clock_gettime(0x7 /* CLOCK_??? */, {16294, 365680041}) = 0
2980  22:20:20 read(4, "d", 16384)      = 1
2980  22:20:20 clock_gettime(0x7 /* CLOCK_??? */, {16294, 365970609}) = 0
2980  22:20:20 clock_gettime(0x7 /* CLOCK_??? */, {16294, 366073570}) = 0
2980  22:20:20 select(7, [3 4], [3], NULL, NULL) = 1 (out [3])
2980  22:20:20 clock_gettime(0x7 /* CLOCK_??? */, {16294, 366268938}) = 0
2980  22:20:20 write(3, "\274\237\212H=N\264L\2\266'\323\203,\0276Jb(\354\26\206G\234a\7\30\375)>\361\32"..., 36) = 36
2980  22:20:20 clock_gettime(0x7 /* CLOCK_??? */, {16294, 366716844}) = 0
2980  22:20:20 clock_gettime(0x7 /* CLOCK_??? */, {16294, 366805057}) = 0
2980  22:20:20 select(7, [3 4], [], NULL, NULL) = 1 (in [3])
2980  22:20:20 clock_gettime(0x7 /* CLOCK_??? */, {16294, 368514595}) = 0
2980  22:20:20 read(3, "\317z\306\3479\3159\6_\341].\350\333W\366*\206j\n\35R\314\313\206\267\2262\7v\323\250"..., 8192) = 36
2980  22:20:20 clock_gettime(0x7 /* CLOCK_??? */, {16294, 368731652}) = 0
2980  22:20:20 clock_gettime(0x7 /* CLOCK_??? */, {16294, 368817009}) = 0
2980  22:20:20 select(7, [3 4], [5], NULL, NULL) = 1 (out [5])
2980  22:20:20 clock_gettime(0x7 /* CLOCK_??? */, {16294, 369077103}) = 0
2980  22:20:20 write(5, "d", 1)         = 1
2980  22:20:20 clock_gettime(0x7 /* CLOCK_??? */, {16294, 370582901}) = 0
2980  22:20:20 clock_gettime(0x7 /* CLOCK_??? */, {16294, 370686368}) = 0
2980  22:20:20 select(7, [3 4], [], NULL, NULL) = 1 (in [4])
2980  22:20:20 clock_gettime(0x7 /* CLOCK_??? */, {16294, 573497556}) = 0
2980  22:20:20 read(4, " ", 16384)      = 1
2980  22:20:20 clock_gettime(0x7 /* CLOCK_??? */, {16294, 573726741}) = 0
2980  22:20:20 clock_gettime(0x7 /* CLOCK_??? */, {16294, 573811236}) = 0
2980  22:20:20 select(7, [3 4], [3], NULL, NULL) = 1 (out [3])
2980  22:20:20 clock_gettime(0x7 /* CLOCK_??? */, {16294, 574073404}) = 0
2980  22:20:20 write(3, "\0\224\241\343\336\207\356\"\2666\342)\327M\206\216\241\273\210r\37\\\253\2129\27\240Z\265`\211\342"..., 36) = 36
2980  22:20:20 clock_gettime(0x7 /* CLOCK_??? */, {16294, 574518343}) = 0
2980  22:20:20 clock_gettime(0x7 /* CLOCK_??? */, {16294, 574607037}) = 0
2980  22:20:20 select(7, [3 4], [], NULL, NULL) = 1 (in [3])
2980  22:20:20 clock_gettime(0x7 /* CLOCK_??? */, {16294, 576408001}) = 0
2980  22:20:20 read(3, "Em\203\305\360\0341\234\36\330IB\36\177.!=\224\211\10\323R\210\356\20g|\4\345\242$\215"..., 8192) = 36
2980  22:20:20 clock_gettime(0x7 /* CLOCK_??? */, {16294, 576625248}) = 0
2980  22:20:20 clock_gettime(0x7 /* CLOCK_??? */, {16294, 576709387}) = 0
2980  22:20:20 select(7, [3 4], [5], NULL, NULL) = 1 (out [5])
2980  22:20:20 clock_gettime(0x7 /* CLOCK_??? */, {16294, 576900281}) = 0
2980  22:20:20 write(5, " ", 1)         = 1
2980  22:20:20 clock_gettime(0x7 /* CLOCK_??? */, {16294, 577801324}) = 0
2980  22:20:20 clock_gettime(0x7 /* CLOCK_??? */, {16294, 577891887}) = 0
2980  22:20:20 select(7, [3 4], [], NULL, NULL) = 1 (in [4])
2980  22:20:23 clock_gettime(0x7 /* CLOCK_??? */, {16297, 575799419}) = 0
2980  22:20:23 read(4, "\10", 16384)    = 1
2980  22:20:23 clock_gettime(0x7 /* CLOCK_??? */, {16297, 576232752}) = 0
2980  22:20:23 clock_gettime(0x7 /* CLOCK_??? */, {16297, 576326186}) = 0
2980  22:20:23 select(7, [3 4], [3], NULL, NULL) = 1 (out [3])
2980  22:20:23 clock_gettime(0x7 /* CLOCK_??? */, {16297, 576522181}) = 0
2980  22:20:23 write(3, "0\305\0\272\2\323Y\350\311,\244N\237\252\f\317\225\17\356\235\374\20\213\6\30'`\303yY(\3"..., 36) = 36
2980  22:20:23 clock_gettime(0x7 /* CLOCK_??? */, {16297, 576918897}) = 0
2980  22:20:23 clock_gettime(0x7 /* CLOCK_??? */, {16297, 577075148}) = 0
2980  22:20:23 select(7, [3 4], [], NULL, NULL) = 1 (in [3])
2980  22:20:23 clock_gettime(0x7 /* CLOCK_??? */, {16297, 578857625}) = 0
2980  22:20:23 read(3, "\320D(\256>aD\367\265\200\237\357\335\203+B\252$6b\4\275)\324\35\312\262\252\272\nX\317"..., 8192) = 44
2980  22:20:23 clock_gettime(0x7 /* CLOCK_??? */, {16297, 579145751}) = 0
2980  22:20:23 clock_gettime(0x7 /* CLOCK_??? */, {16297, 579231624}) = 0
2980  22:20:23 select(7, [3 4], [5], NULL, NULL) = 1 (out [5])
2980  22:20:23 clock_gettime(0x7 /* CLOCK_??? */, {16297, 579425825}) = 0
2980  22:20:23 write(5, "\10\33[K", 4)  = 4
2980  22:20:23 clock_gettime(0x7 /* CLOCK_??? */, {16297, 579612159}) = 0
2980  22:20:23 clock_gettime(0x7 /* CLOCK_??? */, {16297, 579696673}) = 0
2980  22:20:23 select(7, [3 4], [], NULL, NULL) = 1 (in [4])
2980  22:20:23 clock_gettime(0x7 /* CLOCK_??? */, {16297, 775083033}) = 0
2980  22:20:23 read(4, "\10", 16384)    = 1
2980  22:20:23 clock_gettime(0x7 /* CLOCK_??? */, {16297, 775288682}) = 0
2980  22:20:23 clock_gettime(0x7 /* CLOCK_??? */, {16297, 775364813}) = 0
2980  22:20:23 select(7, [3 4], [3], NULL, NULL) = 1 (out [3])
2980  22:20:23 clock_gettime(0x7 /* CLOCK_??? */, {16297, 775535476}) = 0
2980  22:20:23 write(3, "X3\316\n\242j\206\300}b0\3628Z\223\276\345\245\265`,5 b4\255n\30\221Y>\201"..., 36) = 36
2980  22:20:23 clock_gettime(0x7 /* CLOCK_??? */, {16297, 775979802}) = 0
2980  22:20:23 clock_gettime(0x7 /* CLOCK_??? */, {16297, 776075305}) = 0
2980  22:20:23 select(7, [3 4], [], NULL, NULL) = 1 (in [3])
2980  22:20:23 clock_gettime(0x7 /* CLOCK_??? */, {16297, 778125090}) = 0
2980  22:20:23 read(3, "?\217\237{\10m\21\341Z\350N\344e\310\30\203\2413\31\372u\203\300\272\340\347X\320\321\3501\316"..., 8192) = 44
2980  22:20:23 clock_gettime(0x7 /* CLOCK_??? */, {16297, 778325250}) = 0
2980  22:20:23 clock_gettime(0x7 /* CLOCK_??? */, {16297, 778399679}) = 0
2980  22:20:23 select(7, [3 4], [5], NULL, NULL) = 1 (out [5])
2980  22:20:23 clock_gettime(0x7 /* CLOCK_??? */, {16297, 778571697}) = 0
2980  22:20:23 write(5, "\10\33[K", 4)  = 4
2980  22:20:23 clock_gettime(0x7 /* CLOCK_??? */, {16297, 779299459}) = 0
2980  22:20:23 clock_gettime(0x7 /* CLOCK_??? */, {16297, 779381176}) = 0
2980  22:20:23 select(7, [3 4], [], NULL, NULL) = 1 (in [4])
2980  22:20:23 clock_gettime(0x7 /* CLOCK_??? */, {16297, 924223564}) = 0
2980  22:20:23 read(4, "\10", 16384)    = 1
2980  22:20:23 clock_gettime(0x7 /* CLOCK_??? */, {16297, 924453721}) = 0
2980  22:20:23 clock_gettime(0x7 /* CLOCK_??? */, {16297, 924537354}) = 0
2980  22:20:23 select(7, [3 4], [3], NULL, NULL) = 1 (out [3])
2980  22:20:23 clock_gettime(0x7 /* CLOCK_??? */, {16297, 924728793}) = 0
2980  22:20:23 write(3, "x\205\10\314W\331\374tq\262\17\273\313O\321\353H!f\371\220\224]\372\366\205\266I\17a\0029"..., 36) = 36
2980  22:20:23 clock_gettime(0x7 /* CLOCK_??? */, {16297, 925192675}) = 0
2980  22:20:23 clock_gettime(0x7 /* CLOCK_??? */, {16297, 925282376}) = 0
2980  22:20:23 select(7, [3 4], [], NULL, NULL) = 1 (in [3])
2980  22:20:23 clock_gettime(0x7 /* CLOCK_??? */, {16297, 926820369}) = 0
2980  22:20:23 read(3, "\255S\265\23\240\264\276\10\241\f\267\270c\363OI\365Q\7\245\260p\324M\332\337\v\200\303\323uE"..., 8192) = 44
2980  22:20:23 clock_gettime(0x7 /* CLOCK_??? */, {16297, 927104953}) = 0
2980  22:20:23 clock_gettime(0x7 /* CLOCK_??? */, {16297, 927192084}) = 0
2980  22:20:23 select(7, [3 4], [5], NULL, NULL) = 1 (out [5])
2980  22:20:23 clock_gettime(0x7 /* CLOCK_??? */, {16297, 927386706}) = 0
2980  22:20:23 write(5, "\10\33[K", 4)  = 4
2980  22:20:23 clock_gettime(0x7 /* CLOCK_??? */, {16297, 928104126}) = 0
2980  22:20:23 clock_gettime(0x7 /* CLOCK_??? */, {16297, 928194324}) = 0
2980  22:20:23 select(7, [3 4], [], NULL, NULL) = 1 (in [4])
2980  22:20:23 clock_gettime(0x7 /* CLOCK_??? */, {16298, 61546149}) = 0
2980  22:20:23 read(4, "\10", 16384)    = 1
2980  22:20:23 clock_gettime(0x7 /* CLOCK_??? */, {16298, 61905702}) = 0
2980  22:20:23 clock_gettime(0x7 /* CLOCK_??? */, {16298, 62208391}) = 0
2980  22:20:23 select(7, [3 4], [3], NULL, NULL) = 1 (out [3])
2980  22:20:23 clock_gettime(0x7 /* CLOCK_??? */, {16298, 62613581}) = 0
2980  22:20:23 write(3, "\344r}\327\7\22a\2044\347\324\215\214\32h\2229|M\277\302\311\336\240\357\227\17`\6\242\340\212"..., 36) = 36
2980  22:20:23 clock_gettime(0x7 /* CLOCK_??? */, {16298, 63238699}) = 0
2980  22:20:23 clock_gettime(0x7 /* CLOCK_??? */, {16298, 63383559}) = 0
2980  22:20:23 select(7, [3 4], [], NULL, NULL) = 1 (in [3])
2980  22:20:23 clock_gettime(0x7 /* CLOCK_??? */, {16298, 64336785}) = 0
2980  22:20:23 read(3, "\270\5jn\221,\".m#\361\376\262\261\346o\271\265\343\7\377\275\316\265]\201\313;Y\261.l"..., 8192) = 36
2980  22:20:23 clock_gettime(0x7 /* CLOCK_??? */, {16298, 64665107}) = 0
2980  22:20:23 clock_gettime(0x7 /* CLOCK_??? */, {16298, 64750298}) = 0
2980  22:20:23 select(7, [3 4], [5], NULL, NULL) = 1 (out [5])
2980  22:20:23 clock_gettime(0x7 /* CLOCK_??? */, {16298, 64943171}) = 0
2980  22:20:23 write(5, "\7", 1)        = 1
2980  22:20:23 clock_gettime(0x7 /* CLOCK_??? */, {16298, 65783633}) = 0
2980  22:20:23 clock_gettime(0x7 /* CLOCK_??? */, {16298, 65945842}) = 0
2980  22:20:23 select(7, [3 4], [], NULL, NULL) = 1 (in [4])
2980  22:20:24 clock_gettime(0x7 /* CLOCK_??? */, {16298, 977883207}) = 0
2980  22:20:24 read(4, "v", 16384)      = 1
2980  22:20:24 clock_gettime(0x7 /* CLOCK_??? */, {16298, 978545720}) = 0
2980  22:20:24 clock_gettime(0x7 /* CLOCK_??? */, {16298, 978634549}) = 0
2980  22:20:24 select(7, [3 4], [3], NULL, NULL) = 1 (out [3])
2980  22:20:24 clock_gettime(0x7 /* CLOCK_??? */, {16298, 978832669}) = 0
2980  22:20:24 write(3, "\213Hu_Wi@\21l\342\271Ut\251\t>\313\256s\311N2!?N\233\357\276Y!l?"..., 36) = 36
2980  22:20:24 clock_gettime(0x7 /* CLOCK_??? */, {16298, 979588210}) = 0
2980  22:20:24 clock_gettime(0x7 /* CLOCK_??? */, {16298, 979679074}) = 0
2980  22:20:24 select(7, [3 4], [], NULL, NULL) = 1 (in [3])
2980  22:20:24 clock_gettime(0x7 /* CLOCK_??? */, {16298, 990341911}) = 0
2980  22:20:24 read(3, "O\217\200\301L\314\332\307\265|\306\311\361\361R\221\253-8S\253:\200\307\1\31\24\370,=\365\350"..., 8192) = 36
2980  22:20:24 clock_gettime(0x7 /* CLOCK_??? */, {16298, 990578081}) = 0
2980  22:20:24 clock_gettime(0x7 /* CLOCK_??? */, {16298, 990662591}) = 0
2980  22:20:24 select(7, [3 4], [5], NULL, NULL) = 1 (out [5])
2980  22:20:24 clock_gettime(0x7 /* CLOCK_??? */, {16298, 990857092}) = 0
2980  22:20:24 write(5, "v", 1)         = 1
2980  22:20:24 clock_gettime(0x7 /* CLOCK_??? */, {16298, 991683538}) = 0
2980  22:20:24 clock_gettime(0x7 /* CLOCK_??? */, {16298, 991773961}) = 0
2980  22:20:24 select(7, [3 4], [], NULL, NULL) = 1 (in [4])
2980  22:20:25 clock_gettime(0x7 /* CLOCK_??? */, {16299, 145347561}) = 0
2980  22:20:25 read(4, "i", 16384)      = 1
2980  22:20:25 clock_gettime(0x7 /* CLOCK_??? */, {16299, 145578429}) = 0
2980  22:20:25 clock_gettime(0x7 /* CLOCK_??? */, {16299, 145663209}) = 0
2980  22:20:25 select(7, [3 4], [3], NULL, NULL) = 1 (out [3])
2980  22:20:25 clock_gettime(0x7 /* CLOCK_??? */, {16299, 145856659}) = 0
2980  22:20:25 write(3, "\26\327\346\3305<\351f\267\265)l\327\310K\303\236\363\31\27F\220\375p0\316\255\346\240(5|"..., 36) = 36
2980  22:20:25 clock_gettime(0x7 /* CLOCK_??? */, {16299, 146339237}) = 0
2980  22:20:25 clock_gettime(0x7 /* CLOCK_??? */, {16299, 146428222}) = 0
2980  22:20:25 select(7, [3 4], [], NULL, NULL) = 1 (in [3])
2980  22:20:25 clock_gettime(0x7 /* CLOCK_??? */, {16299, 148230578}) = 0
2980  22:20:25 read(3, "\320\23\\&\263\252\263\262\302\4\207\33\10A\315(\23\243\367|t\311\316\226)\3147iB\360 \354"..., 8192) = 36
2980  22:20:25 clock_gettime(0x7 /* CLOCK_??? */, {16299, 148627599}) = 0
2980  22:20:25 clock_gettime(0x7 /* CLOCK_??? */, {16299, 148785804}) = 0
2980  22:20:25 select(7, [3 4], [5], NULL, NULL) = 1 (out [5])
2980  22:20:25 clock_gettime(0x7 /* CLOCK_??? */, {16299, 149238957}) = 0
2980  22:20:25 write(5, "i", 1)         = 1
2980  22:20:25 clock_gettime(0x7 /* CLOCK_??? */, {16299, 149970133}) = 0
2980  22:20:25 clock_gettime(0x7 /* CLOCK_??? */, {16299, 150268378}) = 0
2980  22:20:25 select(7, [3 4], [], NULL, NULL) = 1 (in [4])
2980  22:20:26 clock_gettime(0x7 /* CLOCK_??? */, {16300, 222701676}) = 0
2980  22:20:26 read(4, " ", 16384)      = 1
2980  22:20:26 clock_gettime(0x7 /* CLOCK_??? */, {16300, 222948891}) = 0
2980  22:20:26 clock_gettime(0x7 /* CLOCK_??? */, {16300, 223235870}) = 0
2980  22:20:26 select(7, [3 4], [3], NULL, NULL) = 1 (out [3])
2980  22:20:26 clock_gettime(0x7 /* CLOCK_??? */, {16300, 223439357}) = 0
2980  22:20:26 write(3, "\16\"\236\231\354\340Z\374X\302\271\315<Xdf\331\256e\255\327\35\2727{\330\240\340\343\rA,"..., 36) = 36
2980  22:20:26 clock_gettime(0x7 /* CLOCK_??? */, {16300, 223834584}) = 0
2980  22:20:26 clock_gettime(0x7 /* CLOCK_??? */, {16300, 223922677}) = 0
2980  22:20:26 select(7, [3 4], [], NULL, NULL) = 1 (in [3])
2980  22:20:26 clock_gettime(0x7 /* CLOCK_??? */, {16300, 236379762}) = 0
2980  22:20:26 read(3, "\212r\364\374\202\243\332qL\362\362\243\347\213!\330 \201\210\272\25\227\2\364\375\265^\264\262\215\362>"..., 8192) = 36
2980  22:20:26 clock_gettime(0x7 /* CLOCK_??? */, {16300, 236619059}) = 0
2980  22:20:26 clock_gettime(0x7 /* CLOCK_??? */, {16300, 236704120}) = 0
2980  22:20:26 select(7, [3 4], [5], NULL, NULL) = 1 (out [5])
2980  22:20:26 clock_gettime(0x7 /* CLOCK_??? */, {16300, 236905226}) = 0
2980  22:20:26 write(5, " ", 1)         = 1
2980  22:20:26 clock_gettime(0x7 /* CLOCK_??? */, {16300, 237747151}) = 0
2980  22:20:26 clock_gettime(0x7 /* CLOCK_??? */, {16300, 237836958}) = 0
2980  22:20:26 select(7, [3 4], [], NULL, NULL) = 1 (in [4])
2980  22:20:27 clock_gettime(0x7 /* CLOCK_??? */, {16301, 465412892}) = 0
2980  22:20:27 read(4, "w", 16384)      = 1
2980  22:20:27 clock_gettime(0x7 /* CLOCK_??? */, {16301, 465640773}) = 0
2980  22:20:27 clock_gettime(0x7 /* CLOCK_??? */, {16301, 465725253}) = 0
2980  22:20:27 select(7, [3 4], [3], NULL, NULL) = 1 (out [3])
2980  22:20:27 clock_gettime(0x7 /* CLOCK_??? */, {16301, 465916853}) = 0
2980  22:20:27 write(3, "~\266k\26\t\"K!\225\227\"t\250\212\241\374|\352\375B}\333\273F:d\264Ih2Z\307"..., 36) = 36
2980  22:20:27 clock_gettime(0x7 /* CLOCK_??? */, {16301, 466409940}) = 0
2980  22:20:27 clock_gettime(0x7 /* CLOCK_??? */, {16301, 466498133}) = 0
2980  22:20:27 select(7, [3 4], [], NULL, NULL) = 1 (in [3])
2980  22:20:27 clock_gettime(0x7 /* CLOCK_??? */, {16301, 468234401}) = 0
2980  22:20:27 read(3, "\270\326\305k#\343.C\343\201\340\324_\6\255\275\216\10zT\236{\260\316\216\262XzV\344\2062"..., 8192) = 36
2980  22:20:27 clock_gettime(0x7 /* CLOCK_??? */, {16301, 468456831}) = 0
2980  22:20:27 clock_gettime(0x7 /* CLOCK_??? */, {16301, 468541691}) = 0
2980  22:20:27 select(7, [3 4], [5], NULL, NULL) = 1 (out [5])
2980  22:20:27 clock_gettime(0x7 /* CLOCK_??? */, {16301, 468734088}) = 0
2980  22:20:27 write(5, "w", 1)         = 1
2980  22:20:27 clock_gettime(0x7 /* CLOCK_??? */, {16301, 469561711}) = 0
2980  22:20:27 clock_gettime(0x7 /* CLOCK_??? */, {16301, 469652750}) = 0
2980  22:20:27 select(7, [3 4], [], NULL, NULL) = 1 (in [4])
2980  22:20:27 clock_gettime(0x7 /* CLOCK_??? */, {16301, 653236652}) = 0
2980  22:20:27 read(4, "e", 16384)      = 1
2980  22:20:27 clock_gettime(0x7 /* CLOCK_??? */, {16301, 653470677}) = 0
2980  22:20:27 clock_gettime(0x7 /* CLOCK_??? */, {16301, 653557011}) = 0
2980  22:20:27 select(7, [3 4], [3], NULL, NULL) = 1 (out [3])
2980  22:20:27 clock_gettime(0x7 /* CLOCK_??? */, {16301, 653750851}) = 0
2980  22:20:27 write(3, "\336~3|n\227DeV\35{\357\204\364\353f\20\342\227.\36\255\206\340\226V0A\257\371\316$"..., 36) = 36
2980  22:20:27 clock_gettime(0x7 /* CLOCK_??? */, {16301, 654249701}) = 0
2980  22:20:27 clock_gettime(0x7 /* CLOCK_??? */, {16301, 654339442}) = 0
2980  22:20:27 select(7, [3 4], [], NULL, NULL) = 1 (in [3])
2980  22:20:27 clock_gettime(0x7 /* CLOCK_??? */, {16301, 655332552}) = 0
2980  22:20:27 read(3, "\336\20+\236\v\0021\267\263\35\357'\337j6\201\2\226\224EEd\361\213i/\1\260\354\245\364\361"..., 8192) = 36
2980  22:20:27 clock_gettime(0x7 /* CLOCK_??? */, {16301, 655557532}) = 0
2980  22:20:27 clock_gettime(0x7 /* CLOCK_??? */, {16301, 655641982}) = 0
2980  22:20:27 select(7, [3 4], [5], NULL, NULL) = 1 (out [5])
2980  22:20:27 clock_gettime(0x7 /* CLOCK_??? */, {16301, 656113916}) = 0
2980  22:20:27 write(5, "e", 1)         = 1
2980  22:20:27 clock_gettime(0x7 /* CLOCK_??? */, {16301, 656896187}) = 0
2980  22:20:27 clock_gettime(0x7 /* CLOCK_??? */, {16301, 657117960}) = 0
2980  22:20:27 select(7, [3 4], [], NULL, NULL) = 1 (in [4])
2980  22:20:27 clock_gettime(0x7 /* CLOCK_??? */, {16301, 840545840}) = 0
2980  22:20:27 read(4, "b", 16384)      = 1
2980  22:20:27 clock_gettime(0x7 /* CLOCK_??? */, {16301, 840774688}) = 0
2980  22:20:27 clock_gettime(0x7 /* CLOCK_??? */, {16301, 840858767}) = 0
2980  22:20:27 select(7, [3 4], [3], NULL, NULL) = 1 (out [3])
2980  22:20:27 clock_gettime(0x7 /* CLOCK_??? */, {16301, 841174737}) = 0
2980  22:20:27 write(3, "\202\336\r\361\272\17sF\331\274\212c\273\202\214\266U\246n\243\326t\343M\212\303\22Tq?%\335"..., 36) = 36
2980  22:20:27 clock_gettime(0x7 /* CLOCK_??? */, {16301, 841571573}) = 0
2980  22:20:27 clock_gettime(0x7 /* CLOCK_??? */, {16301, 841659410}) = 0
2980  22:20:27 select(7, [3 4], [], NULL, NULL) = 1 (in [3])
2980  22:20:27 clock_gettime(0x7 /* CLOCK_??? */, {16301, 843394036}) = 0
2980  22:20:27 read(3, "z\353\271!^=Z4ef\352\27%\0\222V\343\372\223\366`\351\303\6%\322\200tw\362\273\34"..., 8192) = 36
2980  22:20:27 clock_gettime(0x7 /* CLOCK_??? */, {16301, 843617723}) = 0
2980  22:20:27 clock_gettime(0x7 /* CLOCK_??? */, {16301, 843702399}) = 0
2980  22:20:27 select(7, [3 4], [5], NULL, NULL) = 1 (out [5])
2980  22:20:27 clock_gettime(0x7 /* CLOCK_??? */, {16301, 843895743}) = 0
2980  22:20:27 write(5, "b", 1)         = 1
2980  22:20:27 clock_gettime(0x7 /* CLOCK_??? */, {16301, 844844921}) = 0
2980  22:20:27 clock_gettime(0x7 /* CLOCK_??? */, {16301, 844942931}) = 0
2980  22:20:27 select(7, [3 4], [], NULL, NULL) = 1 (in [4])
2980  22:20:28 clock_gettime(0x7 /* CLOCK_??? */, {16302, 875989027}) = 0
2980  22:20:28 read(4, "1", 16384)      = 1
2980  22:20:28 clock_gettime(0x7 /* CLOCK_??? */, {16302, 876355585}) = 0
2980  22:20:28 clock_gettime(0x7 /* CLOCK_??? */, {16302, 876441934}) = 0
2980  22:20:28 select(7, [3 4], [3], NULL, NULL) = 1 (out [3])
2980  22:20:28 clock_gettime(0x7 /* CLOCK_??? */, {16302, 876634696}) = 0
2980  22:20:28 write(3, "\345\331\2067\27\32\352j\373\354\245Z\275\356\222\256W\354gQ\321\322\334\343\262\322H\213\215\344\233\21"..., 36) = 36
2980  22:20:28 clock_gettime(0x7 /* CLOCK_??? */, {16302, 877128911}) = 0
2980  22:20:28 clock_gettime(0x7 /* CLOCK_??? */, {16302, 877224430}) = 0
2980  22:20:28 select(7, [3 4], [], NULL, NULL) = 1 (in [3])
2980  22:20:28 clock_gettime(0x7 /* CLOCK_??? */, {16302, 878877020}) = 0
2980  22:20:28 read(3, "<\357H#\336.\244\246!\251\326<\1\236\305\330\232Z\265\"\237\25\351\3427\20Qvr\357\336\20"..., 8192) = 36
2980  22:20:28 clock_gettime(0x7 /* CLOCK_??? */, {16302, 879214874}) = 0
2980  22:20:28 clock_gettime(0x7 /* CLOCK_??? */, {16302, 879303954}) = 0
2980  22:20:28 select(7, [3 4], [5], NULL, NULL) = 1 (out [5])
2980  22:20:28 clock_gettime(0x7 /* CLOCK_??? */, {16302, 879501076}) = 0
2980  22:20:28 write(5, "1", 1)         = 1
2980  22:20:28 clock_gettime(0x7 /* CLOCK_??? */, {16302, 880377935}) = 0
2980  22:20:28 clock_gettime(0x7 /* CLOCK_??? */, {16302, 880468218}) = 0
2980  22:20:28 select(7, [3 4], [], NULL, NULL) = 1 (in [4])
2980  22:20:29 clock_gettime(0x7 /* CLOCK_??? */, {16303, 541973315}) = 0
2980  22:20:29 read(4, "1", 16384)      = 1
2980  22:20:29 clock_gettime(0x7 /* CLOCK_??? */, {16303, 542349204}) = 0
2980  22:20:29 clock_gettime(0x7 /* CLOCK_??? */, {16303, 542435648}) = 0
2980  22:20:29 select(7, [3 4], [3], NULL, NULL) = 1 (out [3])
2980  22:20:29 clock_gettime(0x7 /* CLOCK_??? */, {16303, 542629453}) = 0
2980  22:20:29 write(3, "rO\342\367i\301\254\237'\372\3103\324\314\247\\\322\241L\233\273\374\303sa)b\302\21\315\37/"..., 36) = 36
2980  22:20:29 clock_gettime(0x7 /* CLOCK_??? */, {16303, 543025187}) = 0
2980  22:20:29 clock_gettime(0x7 /* CLOCK_??? */, {16303, 543234908}) = 0
2980  22:20:29 select(7, [3 4], [], NULL, NULL) = 1 (in [3])
2980  22:20:29 clock_gettime(0x7 /* CLOCK_??? */, {16303, 544886110}) = 0
2980  22:20:29 read(3, "tY\375\370\355\\\351\4\310\230\350\30B\271\222oe\370G\251j\200\226\321\267\356s\341u\353M,"..., 8192) = 36
2980  22:20:29 clock_gettime(0x7 /* CLOCK_??? */, {16303, 545452010}) = 0
2980  22:20:29 clock_gettime(0x7 /* CLOCK_??? */, {16303, 545547229}) = 0
2980  22:20:29 select(7, [3 4], [5], NULL, NULL) = 1 (out [5])
2980  22:20:29 clock_gettime(0x7 /* CLOCK_??? */, {16303, 545764928}) = 0
2980  22:20:29 write(5, "1", 1)         = 1
2980  22:20:29 clock_gettime(0x7 /* CLOCK_??? */, {16303, 547385173}) = 0
2980  22:20:29 clock_gettime(0x7 /* CLOCK_??? */, {16303, 547488169}) = 0
2980  22:20:29 select(7, [3 4], [], NULL, NULL) = 1 (in [4])
2980  22:20:32 clock_gettime(0x7 /* CLOCK_??? */, {16306, 766420186}) = 0
2980  22:20:32 read(4, "\r", 16384)     = 1
2980  22:20:32 clock_gettime(0x7 /* CLOCK_??? */, {16306, 766657544}) = 0
2980  22:20:32 clock_gettime(0x7 /* CLOCK_??? */, {16306, 766742555}) = 0
2980  22:20:32 select(7, [3 4], [3], NULL, NULL) = 1 (out [3])
2980  22:20:32 clock_gettime(0x7 /* CLOCK_??? */, {16306, 766936214}) = 0
2980  22:20:32 write(3, "\261\355~?hW\2yP\365\26\335\224L\3336\201\20\375+\333\24\252\372r;!P&\3643&"..., 36) = 36
2980  22:20:32 clock_gettime(0x7 /* CLOCK_??? */, {16306, 767427467}) = 0
2980  22:20:32 clock_gettime(0x7 /* CLOCK_??? */, {16306, 767516618}) = 0
2980  22:20:32 select(7, [3 4], [], NULL, NULL) = 1 (in [3])
2980  22:20:32 clock_gettime(0x7 /* CLOCK_??? */, {16306, 772287899}) = 0
2980  22:20:32 read(3, "`\243\215F\270\16],F\374\344\340a\371\367\233gm\324aeG\377\"\304\265\r\353\303\337e\347"..., 8192) = 36
2980  22:20:32 clock_gettime(0x7 /* CLOCK_??? */, {16306, 772548519}) = 0
2980  22:20:32 clock_gettime(0x7 /* CLOCK_??? */, {16306, 772644229}) = 0
2980  22:20:32 select(7, [3 4], [5], NULL, NULL) = 1 (out [5])
2980  22:20:32 clock_gettime(0x7 /* CLOCK_??? */, {16306, 772864318}) = 0
2980  22:20:32 write(5, "\r\n", 2)      = 2
2980  22:20:32 clock_gettime(0x7 /* CLOCK_??? */, {16306, 773818040}) = 0
2980  22:20:32 clock_gettime(0x7 /* CLOCK_??? */, {16306, 773920003}) = 0
2980  22:20:32 select(7, [3 4], [], NULL, NULL) = 1 (in [3])
2980  22:20:32 clock_gettime(0x7 /* CLOCK_??? */, {16306, 980046018}) = 0
2980  22:20:32 read(3, "\275\23\361\343\242\206\36'\30R\260m\255M\307\265K\210\22\224\376+\310K\177\320\235\272\254jS\361"..., 8192) = 2332
2980  22:20:32 clock_gettime(0x7 /* CLOCK_??? */, {16306, 980575367}) = 0
2980  22:20:32 clock_gettime(0x7 /* CLOCK_??? */, {16306, 980659512}) = 0
2980  22:20:32 select(7, [3 4], [5], NULL, NULL) = 1 (out [5])
2980  22:20:32 clock_gettime(0x7 /* CLOCK_??? */, {16306, 980842170}) = 0
2980  22:20:32 write(5, "\33[?1049h\33[?1h\33=\33[1;25r\33[?12;25h\33"..., 2293) = 2293
2980  22:20:32 clock_gettime(0x7 /* CLOCK_??? */, {16306, 982019533}) = 0
2980  22:20:32 clock_gettime(0x7 /* CLOCK_??? */, {16306, 982193708}) = 0
2980  22:20:32 select(7, [3 4], [], NULL, NULL) = 1 (in [4])
2980  22:20:34 clock_gettime(0x7 /* CLOCK_??? */, {16308, 449956566}) = 0
2980  22:20:34 read(4, "n", 16384)      = 1
2980  22:20:34 clock_gettime(0x7 /* CLOCK_??? */, {16308, 450313568}) = 0
2980  22:20:34 clock_gettime(0x7 /* CLOCK_??? */, {16308, 450403921}) = 0
2980  22:20:34 select(7, [3 4], [3], NULL, NULL) = 1 (out [3])
2980  22:20:34 clock_gettime(0x7 /* CLOCK_??? */, {16308, 450597856}) = 0
2980  22:20:34 write(3, "\25\224\371\231\237a\16\357\207\232\317\230n\226k\17\2103\222Pc\226\361\333\245\203\206\265\271\324\231z"..., 36) = 36
2980  22:20:34 clock_gettime(0x7 /* CLOCK_??? */, {16308, 450989771}) = 0
2980  22:20:34 clock_gettime(0x7 /* CLOCK_??? */, {16308, 451077388}) = 0
2980  22:20:34 select(7, [3 4], [], NULL, NULL) = 1 (in [3])
2980  22:20:34 clock_gettime(0x7 /* CLOCK_??? */, {16308, 452977689}) = 0
2980  22:20:34 read(3, "\360\221\321\22\356 \305\376\30\260\3445\252\224\310\342\320\274m}\30,\5\336\353\323\335\202\272F\305\2"..., 8192) = 124
2980  22:20:34 clock_gettime(0x7 /* CLOCK_??? */, {16308, 453347113}) = 0
2980  22:20:34 clock_gettime(0x7 /* CLOCK_??? */, {16308, 453434013}) = 0
2980  22:20:34 select(7, [3 4], [5], NULL, NULL) = 1 (out [5])
2980  22:20:34 clock_gettime(0x7 /* CLOCK_??? */, {16308, 453663960}) = 0
2980  22:20:34 write(5, "\33[?25l\33[m\33[25;1H\33[1m\33[37m\33[41mE3"..., 83) = 83
2980  22:20:34 clock_gettime(0x7 /* CLOCK_??? */, {16308, 455028578}) = 0
2980  22:20:34 clock_gettime(0x7 /* CLOCK_??? */, {16308, 455230457}) = 0
2980  22:20:34 select(7, [3 4], [], NULL, NULL) = 1 (in [4])
2980  22:20:34 clock_gettime(0x7 /* CLOCK_??? */, {16308, 607807389}) = 0
2980  22:20:34 read(4, "i", 16384)      = 1
2980  22:20:34 clock_gettime(0x7 /* CLOCK_??? */, {16308, 608036599}) = 0
2980  22:20:34 clock_gettime(0x7 /* CLOCK_??? */, {16308, 608253255}) = 0
2980  22:20:34 select(7, [3 4], [3], NULL, NULL) = 1 (out [3])
2980  22:20:34 clock_gettime(0x7 /* CLOCK_??? */, {16308, 608459859}) = 0
2980  22:20:34 write(3, "-M\263\206\323B\6\246f\245\373\236\242\223'X\235@\226\371\354!\231\232\254=\344r\333%V$"..., 36) = 36
2980  22:20:34 clock_gettime(0x7 /* CLOCK_??? */, {16308, 608865069}) = 0
2980  22:20:34 clock_gettime(0x7 /* CLOCK_??? */, {16308, 608953973}) = 0
2980  22:20:34 select(7, [3 4], [], NULL, NULL) = 1 (in [3])
2980  22:20:34 clock_gettime(0x7 /* CLOCK_??? */, {16308, 619313466}) = 0
2980  22:20:34 read(3, "ia\322\224\17\236\314\326\375\17\312\270\274V\26}U27\20\331X\220/\6q\234\343\345\331 \323"..., 8192) = 172
2980  22:20:34 clock_gettime(0x7 /* CLOCK_??? */, {16308, 619438029}) = 0
2980  22:20:34 clock_gettime(0x7 /* CLOCK_??? */, {16308, 619480266}) = 0
2980  22:20:34 select(7, [3 4], [5], NULL, NULL) = 1 (out [5])
2980  22:20:34 clock_gettime(0x7 /* CLOCK_??? */, {16308, 619577659}) = 0
2980  22:20:34 write(5, "\33[?25l\33[m\33[25;1H\33[1m--\33[m\33[1m\33[3"..., 134) = 134
2980  22:20:34 clock_gettime(0x7 /* CLOCK_??? */, {16308, 619970424}) = 0
2980  22:20:34 clock_gettime(0x7 /* CLOCK_??? */, {16308, 620015096}) = 0
2980  22:20:34 select(7, [3 4], [], NULL, NULL) = 1 (in [4])
2980  22:20:34 clock_gettime(0x7 /* CLOCK_??? */, {16308, 760383595}) = 0
2980  22:20:34 read(4, "h", 16384)      = 1
2980  22:20:34 clock_gettime(0x7 /* CLOCK_??? */, {16308, 760616653}) = 0
2980  22:20:34 clock_gettime(0x7 /* CLOCK_??? */, {16308, 760701920}) = 0
2980  22:20:34 select(7, [3 4], [3], NULL, NULL) = 1 (out [3])
2980  22:20:34 clock_gettime(0x7 /* CLOCK_??? */, {16308, 760895274}) = 0
2980  22:20:34 write(3, "\2333\320\325\326&\270\246^\257\264\35\333\231U\36\242\34\310/\275\214\250[\337m\331\235y4}\365"..., 36) = 36
2980  22:20:34 clock_gettime(0x7 /* CLOCK_??? */, {16308, 761345073}) = 0
2980  22:20:34 clock_gettime(0x7 /* CLOCK_??? */, {16308, 761433251}) = 0
2980  22:20:34 select(7, [3 4], [], NULL, NULL) = 1 (in [3])
2980  22:20:34 clock_gettime(0x7 /* CLOCK_??? */, {16308, 763393913}) = 0
2980  22:20:34 read(3, "\277\333\276\3[\27(\327\334 \3066\201\213\2\204\20x\251\347\240\305\246{X\v\306\221\21\224\242\345"..., 8192) = 60
2980  22:20:34 clock_gettime(0x7 /* CLOCK_??? */, {16308, 763614273}) = 0
2980  22:20:34 clock_gettime(0x7 /* CLOCK_??? */, {16308, 763698477}) = 0
2980  22:20:34 select(7, [3 4], [5], NULL, NULL) = 1 (out [5])
2980  22:20:34 clock_gettime(0x7 /* CLOCK_??? */, {16308, 763888789}) = 0
2980  22:20:34 write(5, "\33[?25lh\33[?12l\33[?25h", 19) = 19
2980  22:20:34 clock_gettime(0x7 /* CLOCK_??? */, {16308, 764582251}) = 0
2980  22:20:34 clock_gettime(0x7 /* CLOCK_??? */, {16308, 764672809}) = 0
2980  22:20:34 select(7, [3 4], [], NULL, NULL) = 1 (in [4])
2980  22:20:34 clock_gettime(0x7 /* CLOCK_??? */, {16308, 929977987}) = 0
2980  22:20:34 read(4, "a", 16384)      = 1
2980  22:20:34 clock_gettime(0x7 /* CLOCK_??? */, {16308, 930508574}) = 0
2980  22:20:34 clock_gettime(0x7 /* CLOCK_??? */, {16308, 930664479}) = 0
2980  22:20:34 select(7, [3 4], [3], NULL, NULL) = 1 (out [3])
2980  22:20:34 clock_gettime(0x7 /* CLOCK_??? */, {16308, 930863706}) = 0
2980  22:20:34 write(3, "\211L\242\362\3414\21\302?\357}ls\230\325\230\22\3243l\367\254\34K\257\226U\204\251\37575"..., 36) = 36
2980  22:20:34 clock_gettime(0x7 /* CLOCK_??? */, {16308, 931343548}) = 0
2980  22:20:34 clock_gettime(0x7 /* CLOCK_??? */, {16308, 931432673}) = 0
2980  22:20:34 select(7, [3 4], [], NULL, NULL) = 1 (in [3])
2980  22:20:34 clock_gettime(0x7 /* CLOCK_??? */, {16308, 933430571}) = 0
2980  22:20:34 read(3, "h\273\330\347 /\255 w\241E(\22\r\244b\302\276<\21[.\rV\7?$\17\10]/t"..., 8192) = 60
2980  22:20:34 clock_gettime(0x7 /* CLOCK_??? */, {16308, 933661980}) = 0
2980  22:20:34 clock_gettime(0x7 /* CLOCK_??? */, {16308, 933747347}) = 0
2980  22:20:34 select(7, [3 4], [5], NULL, NULL) = 1 (out [5])
2980  22:20:34 clock_gettime(0x7 /* CLOCK_??? */, {16308, 933941222}) = 0
2980  22:20:34 write(5, "\33[?25la\33[?12l\33[?25h", 19) = 19
2980  22:20:34 clock_gettime(0x7 /* CLOCK_??? */, {16308, 934896289}) = 0
2980  22:20:34 clock_gettime(0x7 /* CLOCK_??? */, {16308, 934994956}) = 0
2980  22:20:34 select(7, [3 4], [], NULL, NULL) = 1 (in [4])
2980  22:20:34 clock_gettime(0x7 /* CLOCK_??? */, {16308, 999059206}) = 0
2980  22:20:34 read(4, "o", 16384)      = 1
2980  22:20:34 clock_gettime(0x7 /* CLOCK_??? */, {16308, 999390617}) = 0
2980  22:20:34 clock_gettime(0x7 /* CLOCK_??? */, {16308, 999467274}) = 0
2980  22:20:34 select(7, [3 4], [3], NULL, NULL) = 1 (out [3])
2980  22:20:34 clock_gettime(0x7 /* CLOCK_??? */, {16308, 999638752}) = 0
2980  22:20:34 write(3, "\223\311\207\226\343\222n'\372\345\2716\337a\346A\23\32)k\16\364\353g\240\0(m9\356\372\317"..., 36) = 36
2980  22:20:34 clock_gettime(0x7 /* CLOCK_??? */, {16308, 999991522}) = 0
2980  22:20:34 clock_gettime(0x7 /* CLOCK_??? */, {16309, 68472}) = 0
2980  22:20:34 select(7, [3 4], [], NULL, NULL) = 1 (in [3])
2980  22:20:34 clock_gettime(0x7 /* CLOCK_??? */, {16309, 1753767}) = 0
2980  22:20:34 read(3, "\202\f\t\352S\316of\335L&\346tq X\267\fj\263\252\304\347T\224e\274\310H\242\344|"..., 8192) = 60
2980  22:20:34 clock_gettime(0x7 /* CLOCK_??? */, {16309, 1970634}) = 0
2980  22:20:34 clock_gettime(0x7 /* CLOCK_??? */, {16309, 2056196}) = 0
2980  22:20:34 select(7, [3 4], [5], NULL, NULL) = 1 (out [5])
2980  22:20:34 clock_gettime(0x7 /* CLOCK_??? */, {16309, 2367180}) = 0
2980  22:20:34 write(5, "\33[?25lo\33[?12l\33[?25h", 19) = 19
2980  22:20:34 clock_gettime(0x7 /* CLOCK_??? */, {16309, 2999153}) = 0
2980  22:20:34 clock_gettime(0x7 /* CLOCK_??? */, {16309, 3089145}) = 0
2980  22:20:34 select(7, [3 4], [], NULL, NULL) = 1 (in [4])
2980  22:20:35 clock_gettime(0x7 /* CLOCK_??? */, {16309, 208331920}) = 0
2980  22:20:35 read(4, " ", 16384)      = 1
2980  22:20:35 clock_gettime(0x7 /* CLOCK_??? */, {16309, 208568015}) = 0
2980  22:20:35 clock_gettime(0x7 /* CLOCK_??? */, {16309, 208652916}) = 0
2980  22:20:35 select(7, [3 4], [3], NULL, NULL) = 1 (out [3])
2980  22:20:35 clock_gettime(0x7 /* CLOCK_??? */, {16309, 208847067}) = 0
2980  22:20:35 write(3, "_^\320\346\205\210\364\252\r7L:+[\237=]o+\222\222\301\220\216\336\240\376\300c*\367*"..., 36) = 36
2980  22:20:35 clock_gettime(0x7 /* CLOCK_??? */, {16309, 209334641}) = 0
2980  22:20:35 clock_gettime(0x7 /* CLOCK_??? */, {16309, 209424438}) = 0
2980  22:20:35 select(7, [3 4], [], NULL, NULL) = 1 (in [3])
2980  22:20:35 clock_gettime(0x7 /* CLOCK_??? */, {16309, 211219425}) = 0
2980  22:20:35 read(3, "\320W\357\246B\316b\224\326\200%\251\256_V\341\3736M\340\277\214]\314\263O\243\204=(U\275"..., 8192) = 60
2980  22:20:35 clock_gettime(0x7 /* CLOCK_??? */, {16309, 211342106}) = 0
2980  22:20:35 clock_gettime(0x7 /* CLOCK_??? */, {16309, 211385135}) = 0
2980  22:20:35 select(7, [3 4], [5], NULL, NULL) = 1 (out [5])
2980  22:20:35 clock_gettime(0x7 /* CLOCK_??? */, {16309, 211484718}) = 0
2980  22:20:35 write(5, "\33[?25l \33[?12l\33[?25h", 19) = 19
2980  22:20:35 clock_gettime(0x7 /* CLOCK_??? */, {16309, 212669947}) = 0
2980  22:20:35 clock_gettime(0x7 /* CLOCK_??? */, {16309, 212718586}) = 0
2980  22:20:35 select(7, [3 4], [], NULL, NULL) = 1 (in [4])
2980  22:20:35 clock_gettime(0x7 /* CLOCK_??? */, {16309, 469463799}) = 0
2980  22:20:35 read(4, " ", 16384)      = 1
2980  22:20:35 clock_gettime(0x7 /* CLOCK_??? */, {16309, 469705301}) = 0
2980  22:20:35 clock_gettime(0x7 /* CLOCK_??? */, {16309, 469792757}) = 0
2980  22:20:35 select(7, [3 4], [3], NULL, NULL) = 1 (out [3])
2980  22:20:35 clock_gettime(0x7 /* CLOCK_??? */, {16309, 470281986}) = 0
2980  22:20:35 write(3, "\314\366\231\330M<\261$\\R[\257\377\267\351\222\253\31\325\31\276:\250\307\v\310\231\277!\364\27\221"..., 36) = 36
2980  22:20:35 clock_gettime(0x7 /* CLOCK_??? */, {16309, 470720430}) = 0
2980  22:20:35 clock_gettime(0x7 /* CLOCK_??? */, {16309, 470819387}) = 0
2980  22:20:35 select(7, [3 4], [], NULL, NULL) = 1 (in [3])
2980  22:20:35 clock_gettime(0x7 /* CLOCK_??? */, {16309, 472658316}) = 0
2980  22:20:35 read(3, "\230\331~1\216\32\305|\365\332\233\232\310\35]\306{\247\214\362\240a\377\262\237\210x\347\364\344\313E"..., 8192) = 60
2980  22:20:35 clock_gettime(0x7 /* CLOCK_??? */, {16309, 472903316}) = 0
2980  22:20:35 clock_gettime(0x7 /* CLOCK_??? */, {16309, 472999076}) = 0
2980  22:20:35 select(7, [3 4], [5], NULL, NULL) = 1 (out [5])
2980  22:20:35 clock_gettime(0x7 /* CLOCK_??? */, {16309, 473340713}) = 0
2980  22:20:35 write(5, "\33[?25l \33[?12l\33[?25h", 19) = 19
2980  22:20:35 clock_gettime(0x7 /* CLOCK_??? */, {16309, 474278733}) = 0
2980  22:20:35 clock_gettime(0x7 /* CLOCK_??? */, {16309, 474386480}) = 0
2980  22:20:35 select(7, [3 4], [], NULL, NULL) = 1 (in [4])
2980  22:20:37 clock_gettime(0x7 /* CLOCK_??? */, {16311, 628386588}) = 0
2980  22:20:37 read(4, "\r", 16384)     = 1
2980  22:20:37 clock_gettime(0x7 /* CLOCK_??? */, {16311, 628622352}) = 0
2980  22:20:37 clock_gettime(0x7 /* CLOCK_??? */, {16311, 628709313}) = 0
2980  22:20:37 select(7, [3 4], [3], NULL, NULL) = 1 (out [3])
2980  22:20:37 clock_gettime(0x7 /* CLOCK_??? */, {16311, 628905638}) = 0
2980  22:20:37 write(3, ".\236\234\222\16\255\376\301\207`\316\2204\346s\210\3\2060\255\355\274c\247\32m\17\276:\244\213A"..., 36) = 36
2980  22:20:37 clock_gettime(0x7 /* CLOCK_??? */, {16311, 629402499}) = 0
2980  22:20:37 clock_gettime(0x7 /* CLOCK_??? */, {16311, 629490978}) = 0
2980  22:20:37 select(7, [3 4], [], NULL, NULL) = 1 (in [3])
2980  22:20:37 clock_gettime(0x7 /* CLOCK_??? */, {16311, 631360770}) = 0
2980  22:20:37 read(3, "\f\253=*\273\214\2259\342\304\4\7\233'\277+.q\233 s\233.\17 \203$;\n[ \213"..., 8192) = 68
2980  22:20:37 clock_gettime(0x7 /* CLOCK_??? */, {16311, 631585455}) = 0
2980  22:20:37 clock_gettime(0x7 /* CLOCK_??? */, {16311, 631670225}) = 0
2980  22:20:37 select(7, [3 4], [5], NULL, NULL) = 1 (out [5])
2980  22:20:37 clock_gettime(0x7 /* CLOCK_??? */, {16311, 632230122}) = 0
2980  22:20:37 write(5, "\33[?25l\33[2;1H\33[K\33[2;1H\33[?12l\33[?25"..., 33) = 33
2980  22:20:37 clock_gettime(0x7 /* CLOCK_??? */, {16311, 632461532}) = 0
2980  22:20:37 clock_gettime(0x7 /* CLOCK_??? */, {16311, 632546447}) = 0
2980  22:20:37 select(7, [3 4], [], NULL, NULL) = 1 (in [4])
2980  22:20:38 clock_gettime(0x7 /* CLOCK_??? */, {16312, 628823652}) = 0
2980  22:20:38 read(4, "h", 16384)      = 1
2980  22:20:38 clock_gettime(0x7 /* CLOCK_??? */, {16312, 629053453}) = 0
2980  22:20:38 clock_gettime(0x7 /* CLOCK_??? */, {16312, 629138700}) = 0
2980  22:20:38 select(7, [3 4], [3], NULL, NULL) = 1 (out [3])
2980  22:20:38 clock_gettime(0x7 /* CLOCK_??? */, {16312, 629465123}) = 0
2980  22:20:38 write(3, "\331\354\246\374\253\34&\332\353\376\365\203~%\356\3248\245\200\334\351\345\245A\315\375\250)`zQ\207"..., 36) = 36
2980  22:20:38 clock_gettime(0x7 /* CLOCK_??? */, {16312, 629863507}) = 0
2980  22:20:38 clock_gettime(0x7 /* CLOCK_??? */, {16312, 629951775}) = 0
2980  22:20:38 select(7, [3 4], [], NULL, NULL) = 1 (in [3])
2980  22:20:38 clock_gettime(0x7 /* CLOCK_??? */, {16312, 631846780}) = 0
2980  22:20:38 read(3, "\306U/\304\346\322\256\276\256\23\212\250\31\345\323\374\312\202*N{\257?\355\324m\213\322`\244\\r"..., 8192) = 60
2980  22:20:38 clock_gettime(0x7 /* CLOCK_??? */, {16312, 632074471}) = 0
2980  22:20:38 clock_gettime(0x7 /* CLOCK_??? */, {16312, 632247339}) = 0
2980  22:20:38 select(7, [3 4], [5], NULL, NULL) = 1 (out [5])
2980  22:20:38 clock_gettime(0x7 /* CLOCK_??? */, {16312, 632479310}) = 0
2980  22:20:38 write(5, "\33[?25lh\33[?12l\33[?25h", 19) = 19
2980  22:20:38 clock_gettime(0x7 /* CLOCK_??? */, {16312, 633526786}) = 0
2980  22:20:38 clock_gettime(0x7 /* CLOCK_??? */, {16312, 633666485}) = 0
2980  22:20:38 select(7, [3 4], [], NULL, NULL) = 1 (in [4])
2980  22:20:38 clock_gettime(0x7 /* CLOCK_??? */, {16312, 803694912}) = 0
2980  22:20:38 read(4, "a", 16384)      = 1
2980  22:20:38 clock_gettime(0x7 /* CLOCK_??? */, {16312, 803926146}) = 0
2980  22:20:38 clock_gettime(0x7 /* CLOCK_??? */, {16312, 804011803}) = 0
2980  22:20:38 select(7, [3 4], [3], NULL, NULL) = 1 (out [3])
2980  22:20:38 clock_gettime(0x7 /* CLOCK_??? */, {16312, 804310574}) = 0
2980  22:20:38 write(3, "\347\22QZ\230\231\237~O\20C1j\313b\243\33\277}r\342\356\347\236\\I\361d\233\311%n"..., 36) = 36
2980  22:20:38 clock_gettime(0x7 /* CLOCK_??? */, {16312, 804712707}) = 0
2980  22:20:38 clock_gettime(0x7 /* CLOCK_??? */, {16312, 804801466}) = 0
2980  22:20:38 select(7, [3 4], [], NULL, NULL) = 1 (in [3])
2980  22:20:38 clock_gettime(0x7 /* CLOCK_??? */, {16312, 811531636}) = 0
2980  22:20:38 read(3, "\25\305\255\22\nq\327\f}d\4@\316\237,x\22\241\r\212\17e*\244B\362`\10\303 8\353"..., 8192) = 60
2980  22:20:38 clock_gettime(0x7 /* CLOCK_??? */, {16312, 811642610}) = 0
2980  22:20:38 clock_gettime(0x7 /* CLOCK_??? */, {16312, 811682412}) = 0
2980  22:20:38 select(7, [3 4], [5], NULL, NULL) = 1 (out [5])
2980  22:20:38 clock_gettime(0x7 /* CLOCK_??? */, {16312, 811773283}) = 0
2980  22:20:38 write(5, "\33[?25la\33[?12l\33[?25h", 19) = 19
2980  22:20:38 clock_gettime(0x7 /* CLOCK_??? */, {16312, 812133082}) = 0
2980  22:20:38 clock_gettime(0x7 /* CLOCK_??? */, {16312, 812279647}) = 0
2980  22:20:38 select(7, [3 4], [], NULL, NULL) = 1 (in [4])
2980  22:20:38 clock_gettime(0x7 /* CLOCK_??? */, {16312, 871951949}) = 0
2980  22:20:38 read(4, "h", 16384)      = 1
2980  22:20:38 clock_gettime(0x7 /* CLOCK_??? */, {16312, 872302812}) = 0
2980  22:20:38 clock_gettime(0x7 /* CLOCK_??? */, {16312, 872398171}) = 0
2980  22:20:38 select(7, [3 4], [3], NULL, NULL) = 1 (out [3])
2980  22:20:38 clock_gettime(0x7 /* CLOCK_??? */, {16312, 872592573}) = 0
2980  22:20:38 write(3, "\16\276\340\223\33e\346\356\23\34aH\360\26\254C\327a\325B\206*\232\377\217\340\340\302\311x\366\375"..., 36) = 36
2980  22:20:38 clock_gettime(0x7 /* CLOCK_??? */, {16312, 872988311}) = 0
2980  22:20:38 clock_gettime(0x7 /* CLOCK_??? */, {16312, 873076750}) = 0
2980  22:20:38 select(7, [3 4], [], NULL, NULL) = 1 (in [3])
2980  22:20:38 clock_gettime(0x7 /* CLOCK_??? */, {16312, 874764642}) = 0
2980  22:20:38 read(3, "x\334k\203[nT\264|\272\305\0\260\216\342:\335y6\16\203\336\\\304\34\370\315]=Y\330s"..., 8192) = 60
2980  22:20:38 clock_gettime(0x7 /* CLOCK_??? */, {16312, 874993435}) = 0
2980  22:20:38 clock_gettime(0x7 /* CLOCK_??? */, {16312, 875077775}) = 0
2980  22:20:38 select(7, [3 4], [5], NULL, NULL) = 1 (out [5])
2980  22:20:38 clock_gettime(0x7 /* CLOCK_??? */, {16312, 875395378}) = 0
2980  22:20:38 write(5, "\33[?25lh\33[?12l\33[?25h", 19) = 19
2980  22:20:38 clock_gettime(0x7 /* CLOCK_??? */, {16312, 876028379}) = 0
2980  22:20:38 clock_gettime(0x7 /* CLOCK_??? */, {16312, 876118095}) = 0
2980  22:20:38 select(7, [3 4], [], NULL, NULL) = 1 (in [4])
2980  22:20:39 clock_gettime(0x7 /* CLOCK_??? */, {16313, 123936539}) = 0
2980  22:20:39 read(4, "h", 16384)      = 1
2980  22:20:39 clock_gettime(0x7 /* CLOCK_??? */, {16313, 124166386}) = 0
2980  22:20:39 clock_gettime(0x7 /* CLOCK_??? */, {16313, 124383573}) = 0
2980  22:20:39 select(7, [3 4], [3], NULL, NULL) = 1 (out [3])
2980  22:20:39 clock_gettime(0x7 /* CLOCK_??? */, {16313, 124579353}) = 0
2980  22:20:39 write(3, "\34a\206\tx\267F\263^\3\366\377\24wh\302U\244\301\"\34\365\3652\2410\235\241\245\300\17\""..., 36) = 36
2980  22:20:39 clock_gettime(0x7 /* CLOCK_??? */, {16313, 124972916}) = 0
2980  22:20:39 clock_gettime(0x7 /* CLOCK_??? */, {16313, 125060523}) = 0
2980  22:20:39 select(7, [3 4], [], NULL, NULL) = 1 (in [3])
2980  22:20:39 clock_gettime(0x7 /* CLOCK_??? */, {16313, 126864027}) = 0
2980  22:20:39 read(3, "+\347Y\233\10`\311_\251\321x\2632\17\3723*\212\r\320)Ry\3\374\177<\243\340=&\t"..., 8192) = 60
2980  22:20:39 clock_gettime(0x7 /* CLOCK_??? */, {16313, 127124156}) = 0
2980  22:20:39 clock_gettime(0x7 /* CLOCK_??? */, {16313, 127328014}) = 0
2980  22:20:39 select(7, [3 4], [5], NULL, NULL) = 1 (out [5])
2980  22:20:39 clock_gettime(0x7 /* CLOCK_??? */, {16313, 127530814}) = 0
2980  22:20:39 write(5, "\33[?25lh\33[?12l\33[?25h", 19) = 19
2980  22:20:39 clock_gettime(0x7 /* CLOCK_??? */, {16313, 128400251}) = 0
2980  22:20:39 clock_gettime(0x7 /* CLOCK_??? */, {16313, 128492017}) = 0
2980  22:20:39 select(7, [3 4], [], NULL, NULL) = 1 (in [4])
2980  22:20:39 clock_gettime(0x7 /* CLOCK_??? */, {16313, 135605597}) = 0
2980  22:20:39 read(4, "a", 16384)      = 1
2980  22:20:39 clock_gettime(0x7 /* CLOCK_??? */, {16313, 135833589}) = 0
2980  22:20:39 clock_gettime(0x7 /* CLOCK_??? */, {16313, 135918159}) = 0
2980  22:20:39 select(7, [3 4], [3], NULL, NULL) = 1 (out [3])
2980  22:20:39 clock_gettime(0x7 /* CLOCK_??? */, {16313, 136111167}) = 0
2980  22:20:39 write(3, "u\371p^\276\322\226-\234k\346\220l.\f\33@\264\216\233`]0\204a>\5\330j\270t\235"..., 36) = 36
2980  22:20:39 clock_gettime(0x7 /* CLOCK_??? */, {16313, 136640029}) = 0
2980  22:20:39 clock_gettime(0x7 /* CLOCK_??? */, {16313, 136728959}) = 0
2980  22:20:39 select(7, [3 4], [], NULL, NULL) = 1 (in [3])
2980  22:20:39 clock_gettime(0x7 /* CLOCK_??? */, {16313, 138295752}) = 0
2980  22:20:39 read(3, "\353L\210k]\371\220\30\217\2629Y\30\2\354\213\264N>\n\327Y\305y,HO\4\6\2\377\355"..., 8192) = 60
2980  22:20:39 clock_gettime(0x7 /* CLOCK_??? */, {16313, 138520516}) = 0
2980  22:20:39 clock_gettime(0x7 /* CLOCK_??? */, {16313, 138605046}) = 0
2980  22:20:39 select(7, [3 4], [5], NULL, NULL) = 1 (out [5])
2980  22:20:39 clock_gettime(0x7 /* CLOCK_??? */, {16313, 138798330}) = 0
2980  22:20:39 write(5, "\33[?25la\33[?12l\33[?25h", 19) = 19
2980  22:20:39 clock_gettime(0x7 /* CLOCK_??? */, {16313, 139641814}) = 0
2980  22:20:39 clock_gettime(0x7 /* CLOCK_??? */, {16313, 139732532}) = 0
2980  22:20:39 select(7, [3 4], [], NULL, NULL) = 1 (in [4])
2980  22:20:39 clock_gettime(0x7 /* CLOCK_??? */, {16313, 371359835}) = 0
2980  22:20:39 read(4, "a", 16384)      = 1
2980  22:20:39 clock_gettime(0x7 /* CLOCK_??? */, {16313, 371441093}) = 0
2980  22:20:39 clock_gettime(0x7 /* CLOCK_??? */, {16313, 371468855}) = 0
2980  22:20:39 select(7, [3 4], [3], NULL, NULL) = 1 (out [3])
2980  22:20:39 clock_gettime(0x7 /* CLOCK_??? */, {16313, 371530783}) = 0
2980  22:20:39 write(3, "\205\224\332\270 \2454\347Lx\333\322\337\220+\357\342\t\304\6h\1\26\7w\265\2752\207\247\301e"..., 36) = 36
2980  22:20:39 clock_gettime(0x7 /* CLOCK_??? */, {16313, 371670213}) = 0
2980  22:20:39 clock_gettime(0x7 /* CLOCK_??? */, {16313, 371698360}) = 0
2980  22:20:39 select(7, [3 4], [], NULL, NULL) = 1 (in [3])
2980  22:20:39 clock_gettime(0x7 /* CLOCK_??? */, {16313, 372361562}) = 0
2980  22:20:39 read(3, "\264#\235\247\371Gr\233%\23k|\177A\237A\32\10_\277d\342\267i\353\30\260t\331g0x"..., 8192) = 60
2980  22:20:39 clock_gettime(0x7 /* CLOCK_??? */, {16313, 372435413}) = 0
2980  22:20:39 clock_gettime(0x7 /* CLOCK_??? */, {16313, 372462241}) = 0
2980  22:20:39 select(7, [3 4], [5], NULL, NULL) = 1 (out [5])
2980  22:20:39 clock_gettime(0x7 /* CLOCK_??? */, {16313, 372523445}) = 0
2980  22:20:39 write(5, "\33[?25la\33[?12l\33[?25h", 19) = 19
2980  22:20:39 clock_gettime(0x7 /* CLOCK_??? */, {16313, 372797948}) = 0
2980  22:20:39 clock_gettime(0x7 /* CLOCK_??? */, {16313, 372827852}) = 0
2980  22:20:39 select(7, [3 4], [], NULL, NULL) = 1 (in [4])
2980  22:20:39 clock_gettime(0x7 /* CLOCK_??? */, {16313, 519765408}) = 0
2980  22:20:39 read(4, "h", 16384)      = 1
2980  22:20:39 clock_gettime(0x7 /* CLOCK_??? */, {16313, 519969074}) = 0
2980  22:20:39 clock_gettime(0x7 /* CLOCK_??? */, {16313, 520045218}) = 0
2980  22:20:39 select(7, [3 4], [3], NULL, NULL) = 1 (out [3])
2980  22:20:39 clock_gettime(0x7 /* CLOCK_??? */, {16313, 520323813}) = 0
2980  22:20:39 write(3, "5\377\220\216\312+E/\335X\344\35;\33\235\353\312\10\3031\361M'\376\335\260\224\320\257@1/"..., 36) = 36
2980  22:20:39 clock_gettime(0x7 /* CLOCK_??? */, {16313, 520689287}) = 0
2980  22:20:39 clock_gettime(0x7 /* CLOCK_??? */, {16313, 520803949}) = 0
2980  22:20:39 select(7, [3 4], [], NULL, NULL) = 1 (in [3])
2980  22:20:39 clock_gettime(0x7 /* CLOCK_??? */, {16313, 530887509}) = 0
2980  22:20:39 read(3, "\332/\261\304W\203\312>Z\\\324\337t\350\276\374\353\345\2457\220MQV\316\321;#yx\223r"..., 8192) = 60
2980  22:20:39 clock_gettime(0x7 /* CLOCK_??? */, {16313, 531003846}) = 0
2980  22:20:39 clock_gettime(0x7 /* CLOCK_??? */, {16313, 531046471}) = 0
2980  22:20:39 select(7, [3 4], [5], NULL, NULL) = 1 (out [5])
2980  22:20:39 clock_gettime(0x7 /* CLOCK_??? */, {16313, 531144133}) = 0
2980  22:20:39 write(5, "\33[?25lh\33[?12l\33[?25h", 19) = 19
2980  22:20:39 clock_gettime(0x7 /* CLOCK_??? */, {16313, 531549701}) = 0
2980  22:20:39 clock_gettime(0x7 /* CLOCK_??? */, {16313, 531594384}) = 0
2980  22:20:39 select(7, [3 4], [], NULL, NULL) = 1 (in [4])
2980  22:20:39 clock_gettime(0x7 /* CLOCK_??? */, {16313, 646893262}) = 0
2980  22:20:39 read(4, "a", 16384)      = 1
2980  22:20:39 clock_gettime(0x7 /* CLOCK_??? */, {16313, 647018448}) = 0
2980  22:20:39 clock_gettime(0x7 /* CLOCK_??? */, {16313, 647063992}) = 0
2980  22:20:39 select(7, [3 4], [3], NULL, NULL) = 1 (out [3])
2980  22:20:39 clock_gettime(0x7 /* CLOCK_??? */, {16313, 647238513}) = 0
2980  22:20:39 write(3, "E\372\30\362t_\331\227\234\235[\f\311\204\252\244q\301\331\256\237`\214\331\216r'\216\3636\250!"..., 36) = 36
2980  22:20:39 clock_gettime(0x7 /* CLOCK_??? */, {16313, 647460563}) = 0
2980  22:20:39 clock_gettime(0x7 /* CLOCK_??? */, {16313, 647507869}) = 0
2980  22:20:39 select(7, [3 4], [], NULL, NULL) = 1 (in [3])
2980  22:20:39 clock_gettime(0x7 /* CLOCK_??? */, {16313, 648474332}) = 0
2980  22:20:39 read(3, "\17\245\310\251s\2466\3\273\17\361\370\317\340\241L\3332\323\3\370\347\322\300\201\237\25\3211\307y\246"..., 8192) = 60
2980  22:20:39 clock_gettime(0x7 /* CLOCK_??? */, {16313, 648595526}) = 0
2980  22:20:39 clock_gettime(0x7 /* CLOCK_??? */, {16313, 648640558}) = 0
2980  22:20:39 select(7, [3 4], [5], NULL, NULL) = 1 (out [5])
2980  22:20:39 clock_gettime(0x7 /* CLOCK_??? */, {16313, 648743365}) = 0
2980  22:20:39 write(5, "\33[?25la\33[?12l\33[?25h", 19) = 19
2980  22:20:39 clock_gettime(0x7 /* CLOCK_??? */, {16313, 649234120}) = 0
2980  22:20:39 clock_gettime(0x7 /* CLOCK_??? */, {16313, 649282840}) = 0
2980  22:20:39 select(7, [3 4], [], NULL, NULL) = 1 (in [4])
2980  22:20:41 clock_gettime(0x7 /* CLOCK_??? */, {16315, 549549223}) = 0
2980  22:20:41 read(4, "\33", 16384)    = 1
2980  22:20:41 clock_gettime(0x7 /* CLOCK_??? */, {16315, 549803719}) = 0
2980  22:20:41 clock_gettime(0x7 /* CLOCK_??? */, {16315, 549899950}) = 0
2980  22:20:41 select(7, [3 4], [3], NULL, NULL) = 1 (out [3])
2980  22:20:41 clock_gettime(0x7 /* CLOCK_??? */, {16315, 550115469}) = 0
2980  22:20:41 write(3, "\5m\313ue\240\341\252*z\344\366w\311\322\rS\tZ\365)\34\3\v\340#69\344\377\356Z"..., 36) = 36
2980  22:20:41 clock_gettime(0x7 /* CLOCK_??? */, {16315, 550644857}) = 0
2980  22:20:41 clock_gettime(0x7 /* CLOCK_??? */, {16315, 550744130}) = 0
2980  22:20:41 select(7, [3 4], [], NULL, NULL) = 1 (in [3])
2980  22:20:41 clock_gettime(0x7 /* CLOCK_??? */, {16315, 578476000}) = 0
2980  22:20:41 read(3, "U\372\256\272\201\213\305\213,?z2)p\312Z\10\0310\267\364!\247\371\362A\333Z\260\17\266C"..., 8192) = 52
2980  22:20:41 clock_gettime(0x7 /* CLOCK_??? */, {16315, 578714936}) = 0
2980  22:20:41 clock_gettime(0x7 /* CLOCK_??? */, {16315, 578799586}) = 0
2980  22:20:41 select(7, [3 4], [5], NULL, NULL) = 1 (out [5])
2980  22:20:41 clock_gettime(0x7 /* CLOCK_??? */, {16315, 578995852}) = 0
2980  22:20:41 write(5, "\33[25;1H\33[K\33[2;8H", 16) = 16
2980  22:20:41 clock_gettime(0x7 /* CLOCK_??? */, {16315, 579183638}) = 0
2980  22:20:41 clock_gettime(0x7 /* CLOCK_??? */, {16315, 590324189}) = 0
2980  22:20:41 select(7, [3 4], [], NULL, NULL) = 1 (in [3])
2980  22:20:42 clock_gettime(0x7 /* CLOCK_??? */, {16316, 580600916}) = 0
2980  22:20:42 read(3, "C'\207\34B\215`\342Q\257\206.tqR\266\377Y\325\345\3050\251[\ti&w\257\206\32\331"..., 8192) = 52
2980  22:20:42 clock_gettime(0x7 /* CLOCK_??? */, {16316, 580888522}) = 0
2980  22:20:42 clock_gettime(0x7 /* CLOCK_??? */, {16316, 580975793}) = 0
2980  22:20:42 select(7, [3 4], [5], NULL, NULL) = 1 (out [5])
2980  22:20:42 clock_gettime(0x7 /* CLOCK_??? */, {16316, 581172174}) = 0
2980  22:20:42 write(5, "\33[?25l\33[?12l\33[?25h", 18) = 18
2980  22:20:42 clock_gettime(0x7 /* CLOCK_??? */, {16316, 581938639}) = 0
2980  22:20:42 clock_gettime(0x7 /* CLOCK_??? */, {16316, 582029118}) = 0
2980  22:20:42 select(7, [3 4], [], NULL, NULL) = 1 (in [4])
2980  22:20:42 clock_gettime(0x7 /* CLOCK_??? */, {16316, 738034854}) = 0
2980  22:20:42 read(4, ":", 16384)      = 1
2980  22:20:42 clock_gettime(0x7 /* CLOCK_??? */, {16316, 738385687}) = 0
2980  22:20:42 clock_gettime(0x7 /* CLOCK_??? */, {16316, 738476270}) = 0
2980  22:20:42 select(7, [3 4], [3], NULL, NULL) = 1 (out [3])
2980  22:20:42 clock_gettime(0x7 /* CLOCK_??? */, {16316, 738671734}) = 0
2980  22:20:42 write(3, "A$J@\304i@\315\306>\223\2064t$\220X;i\254\360e\263'\215\7o\263&\272|p"..., 36) = 36
2980  22:20:42 clock_gettime(0x7 /* CLOCK_??? */, {16316, 739041394}) = 0
2980  22:20:42 clock_gettime(0x7 /* CLOCK_??? */, {16316, 739129086}) = 0
2980  22:20:42 select(7, [3 4], [], NULL, NULL) = 1 (in [3])
2980  22:20:42 clock_gettime(0x7 /* CLOCK_??? */, {16316, 740875702}) = 0
2980  22:20:42 read(3, "\0348g\330\2515\224l\341\210\372\4\272M\262\253q5+y\355g\322\347\260\223\350<\365\240\370."..., 8192) = 60
2980  22:20:42 clock_gettime(0x7 /* CLOCK_??? */, {16316, 741095906}) = 0
2980  22:20:42 clock_gettime(0x7 /* CLOCK_??? */, {16316, 741180471}) = 0
2980  22:20:42 select(7, [3 4], [5], NULL, NULL) = 1 (out [5])
2980  22:20:42 clock_gettime(0x7 /* CLOCK_??? */, {16316, 741491519}) = 0
2980  22:20:42 write(5, "\33[?25l\33[25;1H:\33[?12l\33[?25h", 26) = 26
2980  22:20:42 clock_gettime(0x7 /* CLOCK_??? */, {16316, 742177920}) = 0
2980  22:20:42 clock_gettime(0x7 /* CLOCK_??? */, {16316, 742454807}) = 0
2980  22:20:42 select(7, [3 4], [], NULL, NULL) = 1 (in [4])
2980  22:20:43 clock_gettime(0x7 /* CLOCK_??? */, {16317, 540915519}) = 0
2980  22:20:43 read(4, "w", 16384)      = 1
2980  22:20:43 clock_gettime(0x7 /* CLOCK_??? */, {16317, 541152196}) = 0
2980  22:20:43 clock_gettime(0x7 /* CLOCK_??? */, {16317, 541356509}) = 0
2980  22:20:43 select(7, [3 4], [3], NULL, NULL) = 1 (out [3])
2980  22:20:43 clock_gettime(0x7 /* CLOCK_??? */, {16317, 541573291}) = 0
2980  22:20:43 write(3, "\220\227\277\315\274\347\337\326HP\302Slo\17\321n\222\362\302C\10\360\26\32%\327\224\26\332j "..., 36) = 36
2980  22:20:43 clock_gettime(0x7 /* CLOCK_??? */, {16317, 541969891}) = 0
2980  22:20:43 clock_gettime(0x7 /* CLOCK_??? */, {16317, 542062013}) = 0
2980  22:20:43 select(7, [3 4], [], NULL, NULL) = 1 (in [3])
2980  22:20:43 clock_gettime(0x7 /* CLOCK_??? */, {16317, 544499813}) = 0
2980  22:20:43 read(3, "\6L\264\200$b\275\240\213\10bo\230\261\366n\321Tr{C\357\273\343.\373M]\345\234U\252"..., 8192) = 36
2980  22:20:43 clock_gettime(0x7 /* CLOCK_??? */, {16317, 544735242}) = 0
2980  22:20:43 clock_gettime(0x7 /* CLOCK_??? */, {16317, 544820148}) = 0
2980  22:20:43 select(7, [3 4], [5], NULL, NULL) = 1 (out [5])
2980  22:20:43 clock_gettime(0x7 /* CLOCK_??? */, {16317, 545014714}) = 0
2980  22:20:43 write(5, "w", 1)         = 1
2980  22:20:43 clock_gettime(0x7 /* CLOCK_??? */, {16317, 546381611}) = 0
2980  22:20:43 clock_gettime(0x7 /* CLOCK_??? */, {16317, 546476334}) = 0
2980  22:20:43 select(7, [3 4], [], NULL, NULL) = 1 (in [4])
2980  22:20:43 clock_gettime(0x7 /* CLOCK_??? */, {16317, 686640326}) = 0
2980  22:20:43 read(4, "q", 16384)      = 1
2980  22:20:43 clock_gettime(0x7 /* CLOCK_??? */, {16317, 686842740}) = 0
2980  22:20:43 clock_gettime(0x7 /* CLOCK_??? */, {16317, 686918670}) = 0
2980  22:20:43 select(7, [3 4], [3], NULL, NULL) = 1 (out [3])
2980  22:20:43 clock_gettime(0x7 /* CLOCK_??? */, {16317, 687090367}) = 0
2980  22:20:43 write(3, ",\35\200\270\234\36\350\275i\305\31\17N\217s\2542\351\304\276\2\351\364\255^\2\365\215\37*\327\r"..., 36) = 36
2980  22:20:43 clock_gettime(0x7 /* CLOCK_??? */, {16317, 687751206}) = 0
2980  22:20:43 clock_gettime(0x7 /* CLOCK_??? */, {16317, 687842268}) = 0
2980  22:20:43 select(7, [3 4], [], NULL, NULL) = 1 (in [3])
2980  22:20:43 clock_gettime(0x7 /* CLOCK_??? */, {16317, 698596321}) = 0
2980  22:20:43 read(3, "\242\360\302\255\340\332\2FkO\275\321\3061\222\245\30\25-\377\207\371\7{{\376e6\362\307\370\211"..., 8192) = 36
2980  22:20:43 clock_gettime(0x7 /* CLOCK_??? */, {16317, 698807261}) = 0
2980  22:20:43 clock_gettime(0x7 /* CLOCK_??? */, {16317, 698882519}) = 0
2980  22:20:43 select(7, [3 4], [5], NULL, NULL) = 1 (out [5])
2980  22:20:43 clock_gettime(0x7 /* CLOCK_??? */, {16317, 699056683}) = 0
2980  22:20:43 write(5, "q", 1)         = 1
2980  22:20:43 clock_gettime(0x7 /* CLOCK_??? */, {16317, 699652967}) = 0
2980  22:20:43 clock_gettime(0x7 /* CLOCK_??? */, {16317, 699700764}) = 0
2980  22:20:43 select(7, [3 4], [], NULL, NULL) = 1 (in [4])
2980  22:20:48 clock_gettime(0x7 /* CLOCK_??? */, {16322, 148416788}) = 0
2980  22:20:48 read(4, "\r", 16384)     = 1
2980  22:20:48 clock_gettime(0x7 /* CLOCK_??? */, {16322, 148552584}) = 0
2980  22:20:48 clock_gettime(0x7 /* CLOCK_??? */, {16322, 148599009}) = 0
2980  22:20:48 select(7, [3 4], [3], NULL, NULL) = 1 (out [3])
2980  22:20:48 clock_gettime(0x7 /* CLOCK_??? */, {16322, 148703194}) = 0
2980  22:20:48 write(3, "\310\202I\316\277\25\252\350m]\211\16\277\237\372\364\220N\35\312\204\0\344\251\33\347Z\4U\304W\30"..., 36) = 36
2980  22:20:48 clock_gettime(0x7 /* CLOCK_??? */, {16322, 148933379}) = 0
2980  22:20:48 clock_gettime(0x7 /* CLOCK_??? */, {16322, 148980338}) = 0
2980  22:20:48 select(7, [3 4], [], NULL, NULL) = 1 (in [3])
2980  22:20:48 clock_gettime(0x7 /* CLOCK_??? */, {16322, 153101608}) = 0
2980  22:20:48 read(3, "\27\345\\@{\333.\34!_:e\337\315g\273\235\5k\254%\263\365\352\376Sk\215$\372h0"..., 8192) = 184
2980  22:20:48 clock_gettime(0x7 /* CLOCK_??? */, {16322, 153240393}) = 0
2980  22:20:48 clock_gettime(0x7 /* CLOCK_??? */, {16322, 153286753}) = 0
2980  22:20:48 select(7, [3 4], [5], NULL, NULL) = 1 (out [5])
2980  22:20:48 clock_gettime(0x7 /* CLOCK_??? */, {16322, 153463888}) = 0
2980  22:20:48 write(5, "\r\33[?25l\"web11\" [New] 2L, 15C wri"..., 108) = 108
2980  22:20:48 clock_gettime(0x7 /* CLOCK_??? */, {16322, 153839924}) = 0
2980  22:20:48 clock_gettime(0x7 /* CLOCK_??? */, {16322, 153887934}) = 0
2980  22:20:48 select(7, [3 4], [], NULL, NULL) = 1 (in [4])
2980  22:20:50 clock_gettime(0x7 /* CLOCK_??? */, {16324, 294152413}) = 0
2980  22:20:50 read(4, "l", 16384)      = 1
2980  22:20:50 clock_gettime(0x7 /* CLOCK_??? */, {16324, 294418866}) = 0
2980  22:20:50 clock_gettime(0x7 /* CLOCK_??? */, {16324, 294475945}) = 0
2980  22:20:50 select(7, [3 4], [3], NULL, NULL) = 1 (out [3])
2980  22:20:50 clock_gettime(0x7 /* CLOCK_??? */, {16324, 294596172}) = 0
2980  22:20:50 write(3, "\341#@\17!\315\34\256\5\307\21Y\336k\355Eh&\365J\352]\261[K\336+\325\17}\313T"..., 36) = 36
2980  22:20:50 clock_gettime(0x7 /* CLOCK_??? */, {16324, 294843101}) = 0
2980  22:20:50 clock_gettime(0x7 /* CLOCK_??? */, {16324, 294897990}) = 0
2980  22:20:50 select(7, [3 4], [], NULL, NULL) = 1 (in [3])
2980  22:20:50 clock_gettime(0x7 /* CLOCK_??? */, {16324, 296491453}) = 0
2980  22:20:50 read(3, "_\203\313+\307fR\354\323\"uBB\21\315f\244\377\356\246\327\245<v\355\255\235yM\327\340\30"..., 8192) = 36
2980  22:20:50 clock_gettime(0x7 /* CLOCK_??? */, {16324, 296631854}) = 0
2980  22:20:50 clock_gettime(0x7 /* CLOCK_??? */, {16324, 296683605}) = 0
2980  22:20:50 select(7, [3 4], [5], NULL, NULL) = 1 (out [5])
2980  22:20:50 clock_gettime(0x7 /* CLOCK_??? */, {16324, 296802557}) = 0
2980  22:20:50 write(5, "l", 1)         = 1
2980  22:20:50 clock_gettime(0x7 /* CLOCK_??? */, {16324, 297386797}) = 0
2980  22:20:50 clock_gettime(0x7 /* CLOCK_??? */, {16324, 297444616}) = 0
2980  22:20:50 select(7, [3 4], [], NULL, NULL) = 1 (in [4])
2980  22:20:50 clock_gettime(0x7 /* CLOCK_??? */, {16324, 446106322}) = 0
2980  22:20:50 read(4, "s", 16384)      = 1
2980  22:20:50 clock_gettime(0x7 /* CLOCK_??? */, {16324, 446567683}) = 0
2980  22:20:50 clock_gettime(0x7 /* CLOCK_??? */, {16324, 446683538}) = 0
2980  22:20:50 select(7, [3 4], [3], NULL, NULL) = 1 (out [3])
2980  22:20:50 clock_gettime(0x7 /* CLOCK_??? */, {16324, 446880430}) = 0
2980  22:20:50 write(3, "\253\312\206J\323\24\fX\"p`[\211\220H\303[t[L\324\212*\347\200\253\3\352\362\250G\317"..., 36) = 36
2980  22:20:50 clock_gettime(0x7 /* CLOCK_??? */, {16324, 447315066}) = 0
2980  22:20:50 clock_gettime(0x7 /* CLOCK_??? */, {16324, 447475566}) = 0
2980  22:20:50 select(7, [3 4], [], NULL, NULL) = 1 (in [3])
2980  22:20:50 clock_gettime(0x7 /* CLOCK_??? */, {16324, 448995240}) = 0
2980  22:20:50 read(3, "k\330\333\332\356a\35\240ZZ\343\331\233\0\252%\264\3525\302\337\241\257\345\r\fX\261\216\245:\222"..., 8192) = 36
2980  22:20:50 clock_gettime(0x7 /* CLOCK_??? */, {16324, 449219469}) = 0
2980  22:20:50 clock_gettime(0x7 /* CLOCK_??? */, {16324, 449304019}) = 0
2980  22:20:50 select(7, [3 4], [5], NULL, NULL) = 1 (out [5])
2980  22:20:50 clock_gettime(0x7 /* CLOCK_??? */, {16324, 449649750}) = 0
2980  22:20:50 write(5, "s", 1)         = 1
2980  22:20:50 clock_gettime(0x7 /* CLOCK_??? */, {16324, 450768715}) = 0
2980  22:20:50 clock_gettime(0x7 /* CLOCK_??? */, {16324, 450871445}) = 0
2980  22:20:50 select(7, [3 4], [], NULL, NULL) = 1 (in [4])
2980  22:20:50 clock_gettime(0x7 /* CLOCK_??? */, {16324, 613338041}) = 0
2980  22:20:50 read(4, "\r", 16384)     = 1
2980  22:20:50 clock_gettime(0x7 /* CLOCK_??? */, {16324, 613718239}) = 0
2980  22:20:50 clock_gettime(0x7 /* CLOCK_??? */, {16324, 613803130}) = 0
2980  22:20:50 select(7, [3 4], [3], NULL, NULL) = 1 (out [3])
2980  22:20:50 clock_gettime(0x7 /* CLOCK_??? */, {16324, 613996243}) = 0
2980  22:20:50 write(3, "\27\256]\0206;=\303\247\311)\362\224S\234\273\37\254\266\324\360\273H1/\31\310\322e\365kA"..., 36) = 36
2980  22:20:50 clock_gettime(0x7 /* CLOCK_??? */, {16324, 614483582}) = 0
2980  22:20:50 clock_gettime(0x7 /* CLOCK_??? */, {16324, 614572332}) = 0
2980  22:20:50 select(7, [3 4], [], NULL, NULL) = 1 (in [3])
2980  22:20:50 clock_gettime(0x7 /* CLOCK_??? */, {16324, 617812631}) = 0
2980  22:20:50 read(3, "\36\326\373\33\226n\21\315\3768\254\3657\17\316\17\332\255A\0\202\266\314\f\231\202\324\31n\320\2150"..., 8192) = 36
2980  22:20:50 clock_gettime(0x7 /* CLOCK_??? */, {16324, 618065509}) = 0
2980  22:20:50 clock_gettime(0x7 /* CLOCK_??? */, {16324, 618150675}) = 0
2980  22:20:50 select(7, [3 4], [5], NULL, NULL) = 1 (out [5])
2980  22:20:50 clock_gettime(0x7 /* CLOCK_??? */, {16324, 618342621}) = 0
2980  22:20:50 write(5, "\r\n", 2)      = 2
2980  22:20:50 clock_gettime(0x7 /* CLOCK_??? */, {16324, 619305357}) = 0
2980  22:20:50 clock_gettime(0x7 /* CLOCK_??? */, {16324, 619504535}) = 0
2980  22:20:50 select(7, [3 4], [], NULL, NULL) = 1 (in [3])
2980  22:20:50 clock_gettime(0x7 /* CLOCK_??? */, {16324, 627471877}) = 0
2980  22:20:50 read(3, "|\200\24\351\322\206\352\303\302V\327F\22h:9\24-\300\0313\325I\346\244\353\277|\6\351\246d"..., 8192) = 348
2980  22:20:50 clock_gettime(0x7 /* CLOCK_??? */, {16324, 627720580}) = 0
2980  22:20:50 clock_gettime(0x7 /* CLOCK_??? */, {16324, 627805887}) = 0
2980  22:20:50 select(7, [3 4], [5], NULL, NULL) = 1 (out [5])
2980  22:20:50 clock_gettime(0x7 /* CLOCK_??? */, {16324, 628001902}) = 0
2980  22:20:50 write(5, "anaconda-ks.cfg  \33[0m\33[01;34mope"..., 312) = 312
2980  22:20:50 clock_gettime(0x7 /* CLOCK_??? */, {16324, 629175642}) = 0
2980  22:20:50 clock_gettime(0x7 /* CLOCK_??? */, {16324, 629267904}) = 0
2980  22:20:50 select(7, [3 4], [], NULL, NULL) = 1 (in [4])
2980  22:20:54 clock_gettime(0x7 /* CLOCK_??? */, {16328, 705536999}) = 0
2980  22:20:54 read(4, "e", 16384)      = 1
2980  22:20:54 clock_gettime(0x7 /* CLOCK_??? */, {16328, 705771691}) = 0
2980  22:20:54 clock_gettime(0x7 /* CLOCK_??? */, {16328, 705856897}) = 0
2980  22:20:54 select(7, [3 4], [3], NULL, NULL) = 1 (out [3])
2980  22:20:54 clock_gettime(0x7 /* CLOCK_??? */, {16328, 706056360}) = 0
2980  22:20:54 write(3, "\204 <\331\376\227]E\243\351L@\22$\315\200p/\263\301u[\v\344CU\344\231+\243\\\235"..., 36) = 36
2980  22:20:54 clock_gettime(0x7 /* CLOCK_??? */, {16328, 706638712}) = 0
2980  22:20:54 clock_gettime(0x7 /* CLOCK_??? */, {16328, 706727136}) = 0
2980  22:20:54 select(7, [3 4], [], NULL, NULL) = 1 (in [3])
2980  22:20:54 clock_gettime(0x7 /* CLOCK_??? */, {16328, 708670053}) = 0
2980  22:20:54 read(3, "\230'\362h\376Z@\355\fa\254\230\37\256b\362W%\352\263\257\324\220\263c\21\263f\307\205\16m"..., 8192) = 36
2980  22:20:54 clock_gettime(0x7 /* CLOCK_??? */, {16328, 708896616}) = 0
2980  22:20:54 clock_gettime(0x7 /* CLOCK_??? */, {16328, 708982188}) = 0
2980  22:20:54 select(7, [3 4], [5], NULL, NULL) = 1 (out [5])
2980  22:20:54 clock_gettime(0x7 /* CLOCK_??? */, {16328, 709175141}) = 0
2980  22:20:54 write(5, "e", 1)         = 1
2980  22:20:54 clock_gettime(0x7 /* CLOCK_??? */, {16328, 711716858}) = 0
2980  22:20:54 clock_gettime(0x7 /* CLOCK_??? */, {16328, 711915402}) = 0
2980  22:20:54 select(7, [3 4], [], NULL, NULL) = 1 (in [4])
2980  22:20:55 clock_gettime(0x7 /* CLOCK_??? */, {16329, 164241630}) = 0
2980  22:20:55 read(4, "x", 16384)      = 1
2980  22:20:55 clock_gettime(0x7 /* CLOCK_??? */, {16329, 164592147}) = 0
2980  22:20:55 clock_gettime(0x7 /* CLOCK_??? */, {16329, 164680546}) = 0
2980  22:20:55 select(7, [3 4], [3], NULL, NULL) = 1 (out [3])
2980  22:20:55 clock_gettime(0x7 /* CLOCK_??? */, {16329, 164876195}) = 0
2980  22:20:55 write(3, "\346\233\272/\336\311\310\356\256\314\267\tY\217\2p{\311\365\223\311\365\341jq\205\365(\264a\236\251"..., 36) = 36
2980  22:20:55 clock_gettime(0x7 /* CLOCK_??? */, {16329, 165310836}) = 0
2980  22:20:55 clock_gettime(0x7 /* CLOCK_??? */, {16329, 165460076}) = 0
2980  22:20:55 select(7, [3 4], [], NULL, NULL) = 1 (in [3])
2980  22:20:55 clock_gettime(0x7 /* CLOCK_??? */, {16329, 167056560}) = 0
2980  22:20:55 read(3, "\313\361c\31\3\267-\247c\322\261\347\357X\213F\253\253\364?\307\224\20\5X\262T\374\376\364\313n"..., 8192) = 36
2980  22:20:55 clock_gettime(0x7 /* CLOCK_??? */, {16329, 167275657}) = 0
2980  22:20:55 clock_gettime(0x7 /* CLOCK_??? */, {16329, 167359405}) = 0
2980  22:20:55 select(7, [3 4], [5], NULL, NULL) = 1 (out [5])
2980  22:20:55 clock_gettime(0x7 /* CLOCK_??? */, {16329, 167675550}) = 0
2980  22:20:55 write(5, "x", 1)         = 1
2980  22:20:55 clock_gettime(0x7 /* CLOCK_??? */, {16329, 168525077}) = 0
2980  22:20:55 clock_gettime(0x7 /* CLOCK_??? */, {16329, 168616617}) = 0
2980  22:20:55 select(7, [3 4], [], NULL, NULL) = 1 (in [4])
2980  22:20:55 clock_gettime(0x7 /* CLOCK_??? */, {16329, 416778858}) = 0
2980  22:20:55 read(4, "i", 16384)      = 1
2980  22:20:55 clock_gettime(0x7 /* CLOCK_??? */, {16329, 416964515}) = 0
2980  22:20:55 clock_gettime(0x7 /* CLOCK_??? */, {16329, 417033558}) = 0
2980  22:20:55 select(7, [3 4], [3], NULL, NULL) = 1 (out [3])
2980  22:20:55 clock_gettime(0x7 /* CLOCK_??? */, {16329, 417188097}) = 0
2980  22:20:55 write(3, "\322'\327\212\374^\211\305\37\5M\311\37\221\277\f\372\373\303\357g\337\vG7\3371\330\344\234\260\25"..., 36) = 36
2980  22:20:55 clock_gettime(0x7 /* CLOCK_??? */, {16329, 417594097}) = 0
2980  22:20:55 clock_gettime(0x7 /* CLOCK_??? */, {16329, 417665048}) = 0
2980  22:20:55 select(7, [3 4], [], NULL, NULL) = 1 (in [3])
2980  22:20:55 clock_gettime(0x7 /* CLOCK_??? */, {16329, 425871821}) = 0
2980  22:20:55 read(3, "B\351\202\302H\301\6\216\212\370V\304\210>\271[\317\335\202\227t\253e\207Y\22\320\7u\217\226\37"..., 8192) = 36
2980  22:20:55 clock_gettime(0x7 /* CLOCK_??? */, {16329, 426055621}) = 0
2980  22:20:55 clock_gettime(0x7 /* CLOCK_??? */, {16329, 426122708}) = 0
2980  22:20:55 select(7, [3 4], [5], NULL, NULL) = 1 (out [5])
2980  22:20:55 clock_gettime(0x7 /* CLOCK_??? */, {16329, 426276557}) = 0
2980  22:20:55 write(5, "i", 1)         = 1
2980  22:20:55 clock_gettime(0x7 /* CLOCK_??? */, {16329, 427214908}) = 0
2980  22:20:55 clock_gettime(0x7 /* CLOCK_??? */, {16329, 427293212}) = 0
2980  22:20:55 select(7, [3 4], [], NULL, NULL) = 1 (in [4])
2980  22:20:55 clock_gettime(0x7 /* CLOCK_??? */, {16329, 676871358}) = 0
2980  22:20:55 read(4, "t", 16384)      = 1
2980  22:20:55 clock_gettime(0x7 /* CLOCK_??? */, {16329, 677133732}) = 0
2980  22:20:55 clock_gettime(0x7 /* CLOCK_??? */, {16329, 677222842}) = 0
2980  22:20:55 select(7, [3 4], [3], NULL, NULL) = 1 (out [3])
2980  22:20:55 clock_gettime(0x7 /* CLOCK_??? */, {16329, 677536081}) = 0
2980  22:20:55 write(3, "\354\27:\253YY\215}\3036d\271\217\372Y\332\243\304\313\356\321\251'0?<\30\251\251i2:"..., 36) = 36
2980  22:20:55 clock_gettime(0x7 /* CLOCK_??? */, {16329, 677941366}) = 0
2980  22:20:55 clock_gettime(0x7 /* CLOCK_??? */, {16329, 678029819}) = 0
2980  22:20:55 select(7, [3 4], [], NULL, NULL) = 1 (in [3])
2980  22:20:55 clock_gettime(0x7 /* CLOCK_??? */, {16329, 680135023}) = 0
2980  22:20:55 read(3, "|3k*UU\317\27\244\211Ef\344\242\r\35+\222\237\237\277\30w\366\323n\266\27?\37\6 "..., 8192) = 36
2980  22:20:55 clock_gettime(0x7 /* CLOCK_??? */, {16329, 680366923}) = 0
2980  22:20:55 clock_gettime(0x7 /* CLOCK_??? */, {16329, 680582302}) = 0
2980  22:20:55 select(7, [3 4], [5], NULL, NULL) = 1 (out [5])
2980  22:20:55 clock_gettime(0x7 /* CLOCK_??? */, {16329, 680783458}) = 0
2980  22:20:55 write(5, "t", 1)         = 1
2980  22:20:55 clock_gettime(0x7 /* CLOCK_??? */, {16329, 684812689}) = 0
2980  22:20:55 clock_gettime(0x7 /* CLOCK_??? */, {16329, 684913581}) = 0
2980  22:20:55 select(7, [3 4], [], NULL, NULL) = 1 (in [4])
2980  22:20:58 clock_gettime(0x7 /* CLOCK_??? */, {16332, 542936315}) = 0
2980  22:20:58 read(4, "\r", 16384)     = 1
2980  22:20:58 clock_gettime(0x7 /* CLOCK_??? */, {16332, 543313617}) = 0
2980  22:20:58 clock_gettime(0x7 /* CLOCK_??? */, {16332, 543406185}) = 0
2980  22:20:58 select(7, [3 4], [3], NULL, NULL) = 1 (out [3])
2980  22:20:58 clock_gettime(0x7 /* CLOCK_??? */, {16332, 543672673}) = 0
2980  22:20:58 write(3, "\2761\362\211\223?\267:\357\231\2x\247\223g\5_\211k:66\262\217\200\326\21P\211e\376\251"..., 36) = 36
2980  22:20:58 clock_gettime(0x7 /* CLOCK_??? */, {16332, 544074866}) = 0
2980  22:20:58 clock_gettime(0x7 /* CLOCK_??? */, {16332, 544164703}) = 0
2980  22:20:58 select(7, [3 4], [], NULL, NULL) = 1 (in [3])
2980  22:20:58 clock_gettime(0x7 /* CLOCK_??? */, {16332, 604784426}) = 0
2980  22:20:58 read(3, "\277\361\3444\34\231&\247\\\2066'\331l0\243H\"F*/\217\250!0\324|\0070\254L\274"..., 8192) = 36
2980  22:20:58 clock_gettime(0x7 /* CLOCK_??? */, {16332, 604871191}) = 0
2980  22:20:58 clock_gettime(0x7 /* CLOCK_??? */, {16332, 604898688}) = 0
2980  22:20:58 select(7, [3 4], [5], NULL, NULL) = 1 (out [5])
2980  22:20:58 clock_gettime(0x7 /* CLOCK_??? */, {16332, 604962626}) = 0
2980  22:20:58 write(5, "\r\n", 2)      = 2
2980  22:20:58 clock_gettime(0x7 /* CLOCK_??? */, {16332, 605379855}) = 0
2980  22:20:58 clock_gettime(0x7 /* CLOCK_??? */, {16332, 605411213}) = 0
2980  22:20:58 select(7, [3 4], [], NULL, NULL) = 1 (in [3])
2980  22:20:58 clock_gettime(0x7 /* CLOCK_??? */, {16332, 605500762}) = 0
2980  22:20:58 read(3, "\316\2657R\216\243\344\7\3&\243\310p5n!V\257\246\233\266\1H\251\277\275\224\31f\37\225\205"..., 8192) = 44
2980  22:20:58 clock_gettime(0x7 /* CLOCK_??? */, {16332, 605567661}) = 0
2980  22:20:58 clock_gettime(0x7 /* CLOCK_??? */, {16332, 605594503}) = 0
2980  22:20:58 select(7, [3 4], [5], NULL, NULL) = 1 (out [5])
2980  22:20:58 clock_gettime(0x7 /* CLOCK_??? */, {16332, 605654736}) = 0
2980  22:20:58 write(5, "\347\231\273\345\207\272\r\n", 8) = 8
2980  22:20:58 clock_gettime(0x7 /* CLOCK_??? */, {16332, 606822329}) = 0
2980  22:20:58 clock_gettime(0x7 /* CLOCK_??? */, {16332, 606857697}) = 0
2980  22:20:58 select(7, [3 4], [], NULL, NULL) = 1 (in [3])
2980  22:20:58 clock_gettime(0x7 /* CLOCK_??? */, {16332, 631033036}) = 0
2980  22:20:58 read(3, "v\350\266\026191\310*\327\271\316mFk\242\350O\304b\322\2032Q\r2\35\341\274|\27\245"..., 8192) = 176
2980  22:20:58 close(4)                 = 0
2980  22:20:58 close(5)                 = 0
2980  22:20:58 clock_gettime(0x7 /* CLOCK_??? */, {16332, 631184253}) = 0
2980  22:20:58 clock_gettime(0x7 /* CLOCK_??? */, {16332, 631228706}) = 0
2980  22:20:58 ioctl(0, SNDCTL_TMR_STOP or SNDRV_TIMER_IOCTL_GINFO or TCSETSW, {B38400 opost isig icanon echo ...}) = 0
2980  22:20:58 close(6)                 = 0
2980  22:20:58 select(7, [3], [3], NULL, NULL) = 1 (out [3])
2980  22:20:58 clock_gettime(0x7 /* CLOCK_??? */, {16332, 631513489}) = 0
2980  22:20:58 write(3, "\355\277'\335\16E\272\313\2626\353\267Q\360\255M\247\250\376\264]\200\245aec\0341\216\263\204\20"..., 36) = 36
2980  22:20:58 rt_sigaction(SIGWINCH, NULL, {0x7effb8695c80, [], SA_RESTORER, 0x7effb727c250}, 8) = 0
2980  22:20:58 rt_sigaction(SIGWINCH, {SIG_DFL, [], SA_RESTORER, 0x7effb727c250}, NULL, 8) = 0
2980  22:20:58 write(3, "\207i9\203\vK\304C\202\265*\237k\304\2373g\322pQi\234%F\315\307\272B\312\n\315\21"..., 60) = 60
2980  22:20:58 ioctl(0, SNDCTL_TMR_TIMEBASE or SNDRV_TIMER_IOCTL_NEXT_DEVICE or TCGETS, {B38400 opost isig icanon echo ...}) = 0
2980  22:20:58 ioctl(1, SNDCTL_TMR_TIMEBASE or SNDRV_TIMER_IOCTL_NEXT_DEVICE or TCGETS, {B38400 opost isig icanon echo ...}) = 0
2980  22:20:58 ioctl(2, SNDCTL_TMR_TIMEBASE or SNDRV_TIMER_IOCTL_NEXT_DEVICE or TCGETS, {B38400 opost isig icanon echo ...}) = 0
2980  22:20:58 write(2, "Connection to 192.168.0.102 clos"..., 37) = 37
2980  22:20:58 shutdown(3, SHUT_RDWR)   = 0
2980  22:20:58 close(3)                 = 0
2980  22:20:58 exit_group(0)            = ?
2980  22:20:58 +++ exited with 0 +++
